727 INFO: PyInstaller: 6.21.0, contrib hooks: 2026.6
727 INFO: Python: 3.12.10
790 INFO: Platform: Windows-11-10.0.26200-SP0
790 INFO: Python environment: C:\Program Files\WindowsApps\PythonSoftwareFoundation.Python.3.12_3.12.2800.0_x64__qbz5n2kfra8p0
832 INFO: Removing temporary files and cleaning cache in C:\Users\Home\AppData\Local\pyinstaller
844 INFO: Module search paths (PYTHONPATH):
['C:\\Users\\Home\\AppData\\Local\\Packages\\PythonSoftwareFoundation.Python.3.12_qbz5n2kfra8p0\\LocalCache\\local-packages\\Python312\\Scripts\\pyinstaller.exe',
 'C:\\Program '
 'Files\\WindowsApps\\PythonSoftwareFoundation.Python.3.12_3.12.2800.0_x64__qbz5n2kfra8p0\\python312.zip',
 'C:\\Program '
 'Files\\WindowsApps\\PythonSoftwareFoundation.Python.3.12_3.12.2800.0_x64__qbz5n2kfra8p0\\DLLs',
 'C:\\Program '
 'Files\\WindowsApps\\PythonSoftwareFoundation.Python.3.12_3.12.2800.0_x64__qbz5n2kfra8p0\\Lib',
 'C:\\Program '
 'Files\\WindowsApps\\PythonSoftwareFoundation.Python.3.12_3.12.2800.0_x64__qbz5n2kfra8p0',
 'C:\\Users\\Home\\AppData\\Local\\Packages\\PythonSoftwareFoundation.Python.3.12_qbz5n2kfra8p0\\LocalCache\\local-packages\\Python312\\site-packages',
 '__editable__.blender_mcp-1.0.0.finder.__path_hook__',
 'C:\\Users\\Home\\AppData\\Local\\Packages\\PythonSoftwareFoundation.Python.3.12_qbz5n2kfra8p0\\LocalCache\\local-packages\\Python312\\site-packages\\win32',
 'C:\\Users\\Home\\AppData\\Local\\Packages\\PythonSoftwareFoundation.Python.3.12_qbz5n2kfra8p0\\LocalCache\\local-packages\\Python312\\site-packages\\win32\\lib',
 'C:\\Users\\Home\\AppData\\Local\\Packages\\PythonSoftwareFoundation.Python.3.12_qbz5n2kfra8p0\\LocalCache\\local-packages\\Python312\\site-packages\\pythonwin',
 'C:\\Program '
 'Files\\WindowsApps\\PythonSoftwareFoundation.Python.3.12_3.12.2800.0_x64__qbz5n2kfra8p0\\Lib\\site-packages',
 'C:\\Users\\Home\\Desktop\\Reyart 2027\\scraper']
5121 INFO: checking Analysis
5121 INFO: Building Analysis because Analysis-00.toc is non existent
5121 INFO: Looking for Python shared library...
5123 INFO: Using Python shared library: C:\Program Files\WindowsApps\PythonSoftwareFoundation.Python.3.12_3.12.2800.0_x64__qbz5n2kfra8p0\python312.dll
5123 INFO: Running Analysis Analysis-00.toc
5123 INFO: Target bytecode optimization level: 0
5124 INFO: Initializing module dependency graph...
5132 INFO: Initializing module graph hook caches...
5334 INFO: Analyzing modules for base_library.zip ...
14031 INFO: Processing standard module hook 'hook-heapq.py' from 'C:\\Users\\Home\\AppData\\Local\\Packages\\PythonSoftwareFoundation.Python.3.12_qbz5n2kfra8p0\\LocalCache\\local-packages\\Python312\\site-packages\\PyInstaller\\hooks'
14974 INFO: Processing standard module hook 'hook-encodings.py' from 'C:\\Users\\Home\\AppData\\Local\\Packages\\PythonSoftwareFoundation.Python.3.12_qbz5n2kfra8p0\\LocalCache\\local-packages\\Python312\\site-packages\\PyInstaller\\hooks'
25967 INFO: Processing standard module hook 'hook-math.py' from 'C:\\Users\\Home\\AppData\\Local\\Packages\\PythonSoftwareFoundation.Python.3.12_qbz5n2kfra8p0\\LocalCache\\local-packages\\Python312\\site-packages\\PyInstaller\\hooks'
27176 INFO: Processing standard module hook 'hook-pickle.py' from 'C:\\Users\\Home\\AppData\\Local\\Packages\\PythonSoftwareFoundation.Python.3.12_qbz5n2kfra8p0\\LocalCache\\local-packages\\Python312\\site-packages\\PyInstaller\\hooks'
46334 INFO: Caching module dependency graph...
46650 INFO: Analyzing C:\Users\Home\Desktop\Reyart 2027\scraper\webapp.py
47425 INFO: Processing standard module hook 'hook-platform.py' from 'C:\\Users\\Home\\AppData\\Local\\Packages\\PythonSoftwareFoundation.Python.3.12_qbz5n2kfra8p0\\LocalCache\\local-packages\\Python312\\site-packages\\PyInstaller\\hooks'
50880 INFO: Processing pre-safe-import-module hook 'hook-typing_extensions.py' from 'C:\\Users\\Home\\AppData\\Local\\Packages\\PythonSoftwareFoundation.Python.3.12_qbz5n2kfra8p0\\LocalCache\\local-packages\\Python312\\site-packages\\PyInstaller\\hooks\\pre_safe_import_module'
51099 INFO: SetuptoolsInfo: initializing cached setuptools info...
61785 INFO: Processing standard module hook 'hook-multiprocessing.util.py' from 'C:\\Users\\Home\\AppData\\Local\\Packages\\PythonSoftwareFoundation.Python.3.12_qbz5n2kfra8p0\\LocalCache\\local-packages\\Python312\\site-packages\\PyInstaller\\hooks'
62530 INFO: Processing standard module hook 'hook-xml.py' from 'C:\\Users\\Home\\AppData\\Local\\Packages\\PythonSoftwareFoundation.Python.3.12_qbz5n2kfra8p0\\LocalCache\\local-packages\\Python312\\site-packages\\PyInstaller\\hooks'
65470 INFO: Processing standard module hook 'hook-_ctypes.py' from 'C:\\Users\\Home\\AppData\\Local\\Packages\\PythonSoftwareFoundation.Python.3.12_qbz5n2kfra8p0\\LocalCache\\local-packages\\Python312\\site-packages\\PyInstaller\\hooks'
73621 INFO: Processing standard module hook 'hook-cryptography.py' from 'C:\\Users\\Home\\AppData\\Local\\Packages\\PythonSoftwareFoundation.Python.3.12_qbz5n2kfra8p0\\LocalCache\\local-packages\\Python312\\site-packages\\_pyinstaller_hooks_contrib\\stdhooks'
82026 INFO: hook-cryptography: cryptography does not seem to be using dynamically linked OpenSSL.
91922 INFO: Processing standard module hook 'hook-sysconfig.py' from 'C:\\Users\\Home\\AppData\\Local\\Packages\\PythonSoftwareFoundation.Python.3.12_qbz5n2kfra8p0\\LocalCache\\local-packages\\Python312\\site-packages\\PyInstaller\\hooks'
92617 INFO: Processing standard module hook 'hook-webbrowser.py' from 'C:\\Users\\Home\\AppData\\Local\\Packages\\PythonSoftwareFoundation.Python.3.12_qbz5n2kfra8p0\\LocalCache\\local-packages\\Python312\\site-packages\\PyInstaller\\hooks'
99603 INFO: Processing standard module hook 'hook-difflib.py' from 'C:\\Users\\Home\\AppData\\Local\\Packages\\PythonSoftwareFoundation.Python.3.12_qbz5n2kfra8p0\\LocalCache\\local-packages\\Python312\\site-packages\\PyInstaller\\hooks'
103664 INFO: Processing standard module hook 'hook-jinja2.py' from 'C:\\Users\\Home\\AppData\\Local\\Packages\\PythonSoftwareFoundation.Python.3.12_qbz5n2kfra8p0\\LocalCache\\local-packages\\Python312\\site-packages\\_pyinstaller_hooks_contrib\\stdhooks'
107978 INFO: Processing pre-safe-import-module hook 'hook-importlib_metadata.py' from 'C:\\Users\\Home\\AppData\\Local\\Packages\\PythonSoftwareFoundation.Python.3.12_qbz5n2kfra8p0\\LocalCache\\local-packages\\Python312\\site-packages\\PyInstaller\\hooks\\pre_safe_import_module'
108031 INFO: Setuptools: 'importlib_metadata' appears to be a setuptools-vendored copy - creating alias to 'setuptools._vendor.importlib_metadata'!
108074 INFO: Processing standard module hook 'hook-setuptools.py' from 'C:\\Users\\Home\\AppData\\Local\\Packages\\PythonSoftwareFoundation.Python.3.12_qbz5n2kfra8p0\\LocalCache\\local-packages\\Python312\\site-packages\\PyInstaller\\hooks'
108242 INFO: Processing pre-safe-import-module hook 'hook-distutils.py' from 'C:\\Users\\Home\\AppData\\Local\\Packages\\PythonSoftwareFoundation.Python.3.12_qbz5n2kfra8p0\\LocalCache\\local-packages\\Python312\\site-packages\\PyInstaller\\hooks\\pre_safe_import_module'
108581 INFO: Processing pre-safe-import-module hook 'hook-jaraco.py' from 'C:\\Users\\Home\\AppData\\Local\\Packages\\PythonSoftwareFoundation.Python.3.12_qbz5n2kfra8p0\\LocalCache\\local-packages\\Python312\\site-packages\\PyInstaller\\hooks\\pre_safe_import_module'
108646 INFO: Setuptools: 'jaraco' appears to be a full setuptools-vendored copy - creating alias to 'setuptools._vendor.jaraco'!
108745 INFO: Processing pre-safe-import-module hook 'hook-more_itertools.py' from 'C:\\Users\\Home\\AppData\\Local\\Packages\\PythonSoftwareFoundation.Python.3.12_qbz5n2kfra8p0\\LocalCache\\local-packages\\Python312\\site-packages\\PyInstaller\\hooks\\pre_safe_import_module'
108811 INFO: Setuptools: 'more_itertools' appears to be a setuptools-vendored copy - creating alias to 'setuptools._vendor.more_itertools'!
110643 INFO: Processing pre-safe-import-module hook 'hook-packaging.py' from 'C:\\Users\\Home\\AppData\\Local\\Packages\\PythonSoftwareFoundation.Python.3.12_qbz5n2kfra8p0\\LocalCache\\local-packages\\Python312\\site-packages\\PyInstaller\\hooks\\pre_safe_import_module'
112353 INFO: Processing standard module hook 'hook-setuptools._vendor.jaraco.text.py' from 'C:\\Users\\Home\\AppData\\Local\\Packages\\PythonSoftwareFoundation.Python.3.12_qbz5n2kfra8p0\\LocalCache\\local-packages\\Python312\\site-packages\\PyInstaller\\hooks'
112501 INFO: Processing pre-safe-import-module hook 'hook-importlib_resources.py' from 'C:\\Users\\Home\\AppData\\Local\\Packages\\PythonSoftwareFoundation.Python.3.12_qbz5n2kfra8p0\\LocalCache\\local-packages\\Python312\\site-packages\\PyInstaller\\hooks\\pre_safe_import_module'
112613 INFO: Processing pre-safe-import-module hook 'hook-backports.py' from 'C:\\Users\\Home\\AppData\\Local\\Packages\\PythonSoftwareFoundation.Python.3.12_qbz5n2kfra8p0\\LocalCache\\local-packages\\Python312\\site-packages\\PyInstaller\\hooks\\pre_safe_import_module'
112700 INFO: Setuptools: 'backports' appears to be a full setuptools-vendored copy - creating alias to 'setuptools._vendor.backports'!
115498 INFO: Processing pre-safe-import-module hook 'hook-tomli.py' from 'C:\\Users\\Home\\AppData\\Local\\Packages\\PythonSoftwareFoundation.Python.3.12_qbz5n2kfra8p0\\LocalCache\\local-packages\\Python312\\site-packages\\PyInstaller\\hooks\\pre_safe_import_module'
115567 INFO: Setuptools: 'tomli' appears to be a setuptools-vendored copy - creating alias to 'setuptools._vendor.tomli'!
120794 INFO: Processing pre-safe-import-module hook 'hook-wheel.py' from 'C:\\Users\\Home\\AppData\\Local\\Packages\\PythonSoftwareFoundation.Python.3.12_qbz5n2kfra8p0\\LocalCache\\local-packages\\Python312\\site-packages\\PyInstaller\\hooks\\pre_safe_import_module'
120868 INFO: Setuptools: 'wheel' appears to be a setuptools-vendored copy - creating alias to 'setuptools._vendor.wheel'!
121480 INFO: Processing standard module hook 'hook-setuptools._vendor.importlib_metadata.py' from 'C:\\Users\\Home\\AppData\\Local\\Packages\\PythonSoftwareFoundation.Python.3.12_qbz5n2kfra8p0\\LocalCache\\local-packages\\Python312\\site-packages\\PyInstaller\\hooks'
121947 INFO: Processing pre-safe-import-module hook 'hook-zipp.py' from 'C:\\Users\\Home\\AppData\\Local\\Packages\\PythonSoftwareFoundation.Python.3.12_qbz5n2kfra8p0\\LocalCache\\local-packages\\Python312\\site-packages\\PyInstaller\\hooks\\pre_safe_import_module'
121996 INFO: Setuptools: 'zipp' appears to be a setuptools-vendored copy - creating alias to 'setuptools._vendor.zipp'!
127600 INFO: Processing standard module hook 'hook-pythoncom.py' from 'C:\\Users\\Home\\AppData\\Local\\Packages\\PythonSoftwareFoundation.Python.3.12_qbz5n2kfra8p0\\LocalCache\\local-packages\\Python312\\site-packages\\_pyinstaller_hooks_contrib\\stdhooks'
128920 INFO: Processing standard module hook 'hook-pywintypes.py' from 'C:\\Users\\Home\\AppData\\Local\\Packages\\PythonSoftwareFoundation.Python.3.12_qbz5n2kfra8p0\\LocalCache\\local-packages\\Python312\\site-packages\\_pyinstaller_hooks_contrib\\stdhooks'
130044 INFO: Processing pre-safe-import-module hook 'hook-win32com.py' from 'C:\\Users\\Home\\AppData\\Local\\Packages\\PythonSoftwareFoundation.Python.3.12_qbz5n2kfra8p0\\LocalCache\\local-packages\\Python312\\site-packages\\_pyinstaller_hooks_contrib\\pre_safe_import_module'
131115 INFO: Processing standard module hook 'hook-win32com.py' from 'C:\\Users\\Home\\AppData\\Local\\Packages\\PythonSoftwareFoundation.Python.3.12_qbz5n2kfra8p0\\LocalCache\\local-packages\\Python312\\site-packages\\_pyinstaller_hooks_contrib\\stdhooks'
140998 INFO: Processing standard module hook 'hook-urllib3.py' from 'C:\\Users\\Home\\AppData\\Local\\Packages\\PythonSoftwareFoundation.Python.3.12_qbz5n2kfra8p0\\LocalCache\\local-packages\\Python312\\site-packages\\_pyinstaller_hooks_contrib\\stdhooks'
148974 INFO: Processing standard module hook 'hook-charset_normalizer.py' from 'C:\\Users\\Home\\AppData\\Local\\Packages\\PythonSoftwareFoundation.Python.3.12_qbz5n2kfra8p0\\LocalCache\\local-packages\\Python312\\site-packages\\_pyinstaller_hooks_contrib\\stdhooks'
151482 INFO: Processing standard module hook 'hook-certifi.py' from 'C:\\Users\\Home\\AppData\\Local\\Packages\\PythonSoftwareFoundation.Python.3.12_qbz5n2kfra8p0\\LocalCache\\local-packages\\Python312\\site-packages\\_pyinstaller_hooks_contrib\\stdhooks'
158305 INFO: Processing standard module hook 'hook-lxml.py' from 'C:\\Users\\Home\\AppData\\Local\\Packages\\PythonSoftwareFoundation.Python.3.12_qbz5n2kfra8p0\\LocalCache\\local-packages\\Python312\\site-packages\\_pyinstaller_hooks_contrib\\stdhooks'
161457 INFO: Processing standard module hook 'hook-lxml.etree.py' from 'C:\\Users\\Home\\AppData\\Local\\Packages\\PythonSoftwareFoundation.Python.3.12_qbz5n2kfra8p0\\LocalCache\\local-packages\\Python312\\site-packages\\_pyinstaller_hooks_contrib\\stdhooks'
162393 INFO: Processing standard module hook 'hook-playwright.sync_api.py' from 'C:\\Users\\Home\\AppData\\Local\\Packages\\PythonSoftwareFoundation.Python.3.12_qbz5n2kfra8p0\\LocalCache\\local-packages\\Python312\\site-packages\\playwright\\_impl\\__pyinstaller'
190792 INFO: Processing standard module hook 'hook-openpyxl.py' from 'C:\\Users\\Home\\AppData\\Local\\Packages\\PythonSoftwareFoundation.Python.3.12_qbz5n2kfra8p0\\LocalCache\\local-packages\\Python312\\site-packages\\_pyinstaller_hooks_contrib\\stdhooks'
193393 INFO: Processing standard module hook 'hook-numpy.py' from 'C:\\Users\\Home\\AppData\\Local\\Packages\\PythonSoftwareFoundation.Python.3.12_qbz5n2kfra8p0\\LocalCache\\local-packages\\Python312\\site-packages\\PyInstaller\\hooks'
256044 INFO: Processing standard module hook 'hook-xml.etree.cElementTree.py' from 'C:\\Users\\Home\\AppData\\Local\\Packages\\PythonSoftwareFoundation.Python.3.12_qbz5n2kfra8p0\\LocalCache\\local-packages\\Python312\\site-packages\\PyInstaller\\hooks'
261563 INFO: Processing standard module hook 'hook-PIL.py' from 'C:\\Users\\Home\\AppData\\Local\\Packages\\PythonSoftwareFoundation.Python.3.12_qbz5n2kfra8p0\\LocalCache\\local-packages\\Python312\\site-packages\\PyInstaller\\hooks'
262784 INFO: Processing standard module hook 'hook-PIL.Image.py' from 'C:\\Users\\Home\\AppData\\Local\\Packages\\PythonSoftwareFoundation.Python.3.12_qbz5n2kfra8p0\\LocalCache\\local-packages\\Python312\\site-packages\\PyInstaller\\hooks'
267824 INFO: Processing standard module hook 'hook-PIL.ImageFilter.py' from 'C:\\Users\\Home\\AppData\\Local\\Packages\\PythonSoftwareFoundation.Python.3.12_qbz5n2kfra8p0\\LocalCache\\local-packages\\Python312\\site-packages\\PyInstaller\\hooks'
285381 INFO: Analyzing hidden import 'webview'
285538 INFO: Processing standard module hook 'hook-webview.py' from 'C:\\Users\\Home\\AppData\\Local\\Packages\\PythonSoftwareFoundation.Python.3.12_qbz5n2kfra8p0\\LocalCache\\local-packages\\Python312\\site-packages\\webview\\__pyinstaller'
297685 INFO: Processing pre-safe-import-module hook 'hook-gi.py' from 'C:\\Users\\Home\\AppData\\Local\\Packages\\PythonSoftwareFoundation.Python.3.12_qbz5n2kfra8p0\\LocalCache\\local-packages\\Python312\\site-packages\\PyInstaller\\hooks\\pre_safe_import_module'
299487 INFO: Processing standard module hook 'hook-clr.py' from 'C:\\Users\\Home\\AppData\\Local\\Packages\\PythonSoftwareFoundation.Python.3.12_qbz5n2kfra8p0\\LocalCache\\local-packages\\Python312\\site-packages\\pythonnet\\_pyinstaller'
300577 INFO: Processing standard module hook 'hook-clr_loader.py' from 'C:\\Users\\Home\\AppData\\Local\\Packages\\PythonSoftwareFoundation.Python.3.12_qbz5n2kfra8p0\\LocalCache\\local-packages\\Python312\\site-packages\\_pyinstaller_hooks_contrib\\stdhooks'
302059 INFO: Processing standard module hook 'hook-pycparser.py' from 'C:\\Users\\Home\\AppData\\Local\\Packages\\PythonSoftwareFoundation.Python.3.12_qbz5n2kfra8p0\\LocalCache\\local-packages\\Python312\\site-packages\\_pyinstaller_hooks_contrib\\stdhooks'
311389 INFO: Analyzing hidden import 'pandas'
311679 INFO: Processing standard module hook 'hook-pandas.py' from 'C:\\Users\\Home\\AppData\\Local\\Packages\\PythonSoftwareFoundation.Python.3.12_qbz5n2kfra8p0\\LocalCache\\local-packages\\Python312\\site-packages\\PyInstaller\\hooks'
348672 INFO: Processing standard module hook 'hook-pytz.py' from 'C:\\Users\\Home\\AppData\\Local\\Packages\\PythonSoftwareFoundation.Python.3.12_qbz5n2kfra8p0\\LocalCache\\local-packages\\Python312\\site-packages\\PyInstaller\\hooks'
354287 INFO: Processing standard module hook 'hook-pyarrow.py' from 'C:\\Users\\Home\\AppData\\Local\\Packages\\PythonSoftwareFoundation.Python.3.12_qbz5n2kfra8p0\\LocalCache\\local-packages\\Python312\\site-packages\\_pyinstaller_hooks_contrib\\stdhooks'
385920 INFO: Processing standard module hook 'hook-pandas.io.formats.style.py' from 'C:\\Users\\Home\\AppData\\Local\\Packages\\PythonSoftwareFoundation.Python.3.12_qbz5n2kfra8p0\\LocalCache\\local-packages\\Python312\\site-packages\\PyInstaller\\hooks'
406740 INFO: Processing standard module hook 'hook-pandas.plotting.py' from 'C:\\Users\\Home\\AppData\\Local\\Packages\\PythonSoftwareFoundation.Python.3.12_qbz5n2kfra8p0\\LocalCache\\local-packages\\Python312\\site-packages\\PyInstaller\\hooks'
422448 INFO: Processing standard module hook 'hook-sqlalchemy.py' from 'C:\\Users\\Home\\AppData\\Local\\Packages\\PythonSoftwareFoundation.Python.3.12_qbz5n2kfra8p0\\LocalCache\\local-packages\\Python312\\site-packages\\PyInstaller\\hooks'
470164 INFO: Processing standard module hook 'hook-sqlite3.py' from 'C:\\Users\\Home\\AppData\\Local\\Packages\\PythonSoftwareFoundation.Python.3.12_qbz5n2kfra8p0\\LocalCache\\local-packages\\Python312\\site-packages\\PyInstaller\\hooks'
474492 INFO: Processing standard module hook 'hook-pandas.io.clipboard.py' from 'C:\\Users\\Home\\AppData\\Local\\Packages\\PythonSoftwareFoundation.Python.3.12_qbz5n2kfra8p0\\LocalCache\\local-packages\\Python312\\site-packages\\PyInstaller\\hooks'
478273 INFO: Processing standard module hook 'hook-dateutil.py' from 'C:\\Users\\Home\\AppData\\Local\\Packages\\PythonSoftwareFoundation.Python.3.12_qbz5n2kfra8p0\\LocalCache\\local-packages\\Python312\\site-packages\\_pyinstaller_hooks_contrib\\stdhooks'
480227 INFO: Processing pre-safe-import-module hook 'hook-six.moves.py' from 'C:\\Users\\Home\\AppData\\Local\\Packages\\PythonSoftwareFoundation.Python.3.12_qbz5n2kfra8p0\\LocalCache\\local-packages\\Python312\\site-packages\\PyInstaller\\hooks\\pre_safe_import_module'
485100 INFO: Processing standard module hook 'hook-xml.dom.domreg.py' from 'C:\\Users\\Home\\AppData\\Local\\Packages\\PythonSoftwareFoundation.Python.3.12_qbz5n2kfra8p0\\LocalCache\\local-packages\\Python312\\site-packages\\PyInstaller\\hooks'
498373 INFO: Processing module hooks (post-graph stage)...
501684 INFO: Processing standard module hook 'hook-lxml.isoschematron.py' from 'C:\\Users\\Home\\AppData\\Local\\Packages\\PythonSoftwareFoundation.Python.3.12_qbz5n2kfra8p0\\LocalCache\\local-packages\\Python312\\site-packages\\_pyinstaller_hooks_contrib\\stdhooks'
506311 WARNING: Hidden import "pycparser.lextab" not found!
506313 WARNING: Hidden import "pycparser.yacctab" not found!
515727 INFO: Processing standard module hook 'hook-PIL.SpiderImagePlugin.py' from 'C:\\Users\\Home\\AppData\\Local\\Packages\\PythonSoftwareFoundation.Python.3.12_qbz5n2kfra8p0\\LocalCache\\local-packages\\Python312\\site-packages\\PyInstaller\\hooks'
517028 INFO: Processing standard module hook 'hook-sqlalchemy.py' from 'C:\\Users\\Home\\AppData\\Local\\Packages\\PythonSoftwareFoundation.Python.3.12_qbz5n2kfra8p0\\LocalCache\\local-packages\\Python312\\site-packages\\PyInstaller\\hooks'
522283 WARNING: Hidden import "pysqlite2" not found!
522285 WARNING: Hidden import "MySQLdb" not found!
522385 INFO: Processing standard module hook 'hook-psycopg2.py' from 'C:\\Users\\Home\\AppData\\Local\\Packages\\PythonSoftwareFoundation.Python.3.12_qbz5n2kfra8p0\\LocalCache\\local-packages\\Python312\\site-packages\\_pyinstaller_hooks_contrib\\stdhooks'
540966 INFO: Processing standard module hook 'hook-lxml.objectify.py' from 'C:\\Users\\Home\\AppData\\Local\\Packages\\PythonSoftwareFoundation.Python.3.12_qbz5n2kfra8p0\\LocalCache\\local-packages\\Python312\\site-packages\\_pyinstaller_hooks_contrib\\stdhooks'
541041 WARNING: Hidden import "mx.DateTime" not found!
541451 INFO: Performing binary vs. data reclassification (1499 entries)
598583 INFO: Looking for ctypes DLLs
599513 INFO: Analyzing run-time hooks ...
599571 INFO: Including run-time hook 'pyi_rth_inspect.py' from 'C:\\Users\\Home\\AppData\\Local\\Packages\\PythonSoftwareFoundation.Python.3.12_qbz5n2kfra8p0\\LocalCache\\local-packages\\Python312\\site-packages\\PyInstaller\\hooks\\rthooks'
599591 INFO: Including run-time hook 'pyi_rth_pkgutil.py' from 'C:\\Users\\Home\\AppData\\Local\\Packages\\PythonSoftwareFoundation.Python.3.12_qbz5n2kfra8p0\\LocalCache\\local-packages\\Python312\\site-packages\\PyInstaller\\hooks\\rthooks'
599609 INFO: Including run-time hook 'pyi_rth_multiprocessing.py' from 'C:\\Users\\Home\\AppData\\Local\\Packages\\PythonSoftwareFoundation.Python.3.12_qbz5n2kfra8p0\\LocalCache\\local-packages\\Python312\\site-packages\\PyInstaller\\hooks\\rthooks'
599625 INFO: Including run-time hook 'pyi_rth_cryptography_openssl.py' from 'C:\\Users\\Home\\AppData\\Local\\Packages\\PythonSoftwareFoundation.Python.3.12_qbz5n2kfra8p0\\LocalCache\\local-packages\\Python312\\site-packages\\_pyinstaller_hooks_contrib\\rthooks'
599634 INFO: Including run-time hook 'pyi_rth_setuptools.py' from 'C:\\Users\\Home\\AppData\\Local\\Packages\\PythonSoftwareFoundation.Python.3.12_qbz5n2kfra8p0\\LocalCache\\local-packages\\Python312\\site-packages\\PyInstaller\\hooks\\rthooks'
599650 INFO: Including run-time hook 'pyi_rth_pywintypes.py' from 'C:\\Users\\Home\\AppData\\Local\\Packages\\PythonSoftwareFoundation.Python.3.12_qbz5n2kfra8p0\\LocalCache\\local-packages\\Python312\\site-packages\\_pyinstaller_hooks_contrib\\rthooks'
599659 INFO: Including run-time hook 'pyi_rth_pythoncom.py' from 'C:\\Users\\Home\\AppData\\Local\\Packages\\PythonSoftwareFoundation.Python.3.12_qbz5n2kfra8p0\\LocalCache\\local-packages\\Python312\\site-packages\\_pyinstaller_hooks_contrib\\rthooks'
600419 INFO: Creating base_library.zip...
600642 INFO: Looking for dynamic libraries
621544 INFO: Extra DLL search directories (AddDllDirectory): ['C:\\Users\\Home\\AppData\\Local\\Packages\\PythonSoftwareFoundation.Python.3.12_qbz5n2kfra8p0\\LocalCache\\local-packages\\Python312\\site-packages\\numpy.libs', 'C:\\Users\\Home\\AppData\\Local\\Packages\\PythonSoftwareFoundation.Python.3.12_qbz5n2kfra8p0\\LocalCache\\local-packages\\Python312\\site-packages\\pandas.libs', 'C:\\Users\\Home\\AppData\\Local\\Packages\\PythonSoftwareFoundation.Python.3.12_qbz5n2kfra8p0\\LocalCache\\local-packages\\Python312\\site-packages\\pyarrow.libs']
621544 INFO: Extra DLL search directories (PATH): []
654841 INFO: Warnings written to C:\Users\Home\Desktop\Reyart 2027\scraper\build\webapp\warn-webapp.txt
656963 INFO: Graph cross-reference written to C:\Users\Home\Desktop\Reyart 2027\scraper\build\webapp\xref-webapp.html
658103 INFO: checking PYZ
658108 INFO: Building PYZ because PYZ-00.toc is non existent
658108 INFO: Building PYZ (ZlibArchive) C:\Users\Home\Desktop\Reyart 2027\scraper\build\webapp\PYZ-00.pyz
672387 INFO: Building PYZ (ZlibArchive) C:\Users\Home\Desktop\Reyart 2027\scraper\build\webapp\PYZ-00.pyz completed successfully.
673269 INFO: checking PKG
673269 INFO: Building PKG because PKG-00.toc is non existent
673270 INFO: Building PKG (CArchive) update 1.pkg
