23:58:22  INFO  Sadece eksik mod: 5188 firma i\u015flenecek, 4775 firma atland\u0131 (zaten dolu)
23:58:25  INFO  [1/5188] – ANHUI SHENYU HYDRAULIC TECHNOLOGY CO., LTD. | web:– | tel:– | mail:–
23:58:25  INFO  [2/5188] – CCAM & BICES | web:– | tel:– | mail:–
23:58:25  INFO  [3/5188] – CANGZHOU HONGCHENG PIPE FITTINGS CO.,LTD. | web:– | tel:– | mail:–
23:58:25  INFO  [4/5188] – BOMROBOT INTELLIGENT EQUIPMENT (XUZHOU) CO., LTD. | web:– | tel:– | mail:–
23:58:25  INFO  [5/5188] – BETT TRANSMISSION CO., LTD. | web:– | tel:– | mail:–
23:58:25  INFO  [6/5188] – CCMA INTERNATIONAL EXHIBITION  CO., LTD. | web:– | tel:– | mail:–
23:58:29  INFO  [7/5188] – FOSHAN JIAQI HYDRAULIC TRANSMISSION CO.,LTD. | web:– | tel:– | mail:–
23:58:29  INFO  [8/5188] – FUJIAN BENHONG MACHINERY DEVELOPMENT CO.,LTD. | web:– | tel:– | mail:–
23:58:29  INFO  [9/5188] – ÇAM DI\u015e T\u0130C. | web:– | tel:– | mail:–
23:58:29  INFO  [10/5188] – ENEROC NEW ENERGY TECHNOLOGY CO., LTD. | web:– | tel:– | mail:–
23:58:29  INFO  [11/5188] – CHENGDU GUTE MACHINERY WORKS CO.,LTD. | web:– | tel:– | mail:–
23:58:32  INFO  [12/5188] – FUJIAN TIANZHONG MACHINERY TECHNOLOGY CO., LTD. | web:– | tel:– | mail:–
23:58:32  INFO  [13/5188] – FUJIAN ZHONGWEI TRACK PARTS CO., LTD. | web:– | tel:– | mail:–
23:58:32  INFO  [14/5188] – FUJIAN JINGONG NEW ENERGY TECHNOLOGY CO., LTD. | web:– | tel:– | mail:–
23:58:32  INFO  [15/5188] – FUJIAN ZHENYUAN HYDRAULIC EQUIPMENT CO.,LTD. | web:– | tel:– | mail:–
23:58:33  INFO  [16/5188] – FUJIANSHENG SHENGNA MACHINERY DEVELOPMENT CO.,LTD. | web:– | tel:– | mail:–
23:58:35  INFO  [17/5188] – GUANGDONG XUOU HYDRAULIC TECHNOLOGY CO., LTD. | web:– | tel:– | mail:–
23:58:35  INFO  [18/5188] – GUANGDONG NACRE HYDRAULIC CO.,LTD. | web:– | tel:– | mail:–
23:58:35  INFO  [19/5188] – GUANGDONG FENGYE AUTOMOTIVE TECHNOLOGY CO., LTD. | web:– | tel:– | mail:–
23:58:36  INFO  [20/5188] – FURUKAWA | web:– | tel:– | mail:–
23:58:50  INFO  Excel kaydedildi \u2192 C:\Users\Home\OneDrive\Desktop\obsidian\01-Projects\scraper\output\leads.xlsx (164 fuar sheet'i)
23:58:50  INFO  Ara kay\u0131t yap\u0131ld\u0131 (20/5188)
23:58:50  INFO  [21/5188] – GUANGZHOU BAOLILAI HYDRAULIC MACHINERY CO., LTD. | web:– | tel:– | mail:–
23:58:50  INFO  [22/5188] – GUANGZHOU JUHE ELECTRONIC TECHNOLOGY CO.,LTD. | web:– | tel:– | mail:–
23:58:50  INFO  [23/5188] – GUANGZHOU KAIYI MACHINERY PARTS CO..LTD | web:– | tel:– | mail:–
23:58:50  INFO  [24/5188] – GUANGZHOU FUTEBANG HYDRAULIC MACHINERY EQUIPMENT CO.,LTD | web:– | tel:– | mail:–
23:58:50  INFO  [25/5188] – CW ENERJ\u0130 MÜH. T\u0130C. VE SAN. A.\u015e. | web:– | tel:– | mail:–
23:58:50  INFO  [26/5188] – GUANGZHOU NTP MACHINERY PARTS CO.,LTD. | web:– | tel:– | mail:–
23:58:50  INFO  [27/5188] – GUANGZHOU C.Y. MACHINERY PARTS TRADING CO.,LTD. | web:– | tel:– | mail:–
23:58:50  INFO  [28/5188] – GUANGZHOU RI YUAN TRADING CO., LTD. | web:– | tel:– | mail:–
23:58:50  INFO  [29/5188] – GUANGZHOU WEIYI MACHINERY EQUIPMENT CO., LTD. | web:– | tel:– | mail:–
23:58:50  INFO  [30/5188] – GUANGZHOU YANGKAI MACHINERY PARTS CO.,LTD. | web:– | tel:– | mail:–
23:58:50  INFO  [31/5188] – HEBEI GAOMAI TECHNOLOGY CO., LTD. | web:– | tel:– | mail:–
23:58:50  INFO  [32/5188] – HANGZHOU BENFENG AUTO CO.,LTD. | web:– | tel:– | mail:–
23:58:50  INFO  [33/5188] – HEBEI JINLIANG HEAVY MACHINERY CO.,LTD. | web:– | tel:– | mail:–
23:58:50  INFO  [34/5188] – HEBEI SHANKAI HYDRAULIC TECHNOLOGY CO., LTD. | web:– | tel:– | mail:–
23:58:50  INFO  [35/5188] – HEFEI YUYAO HYDRAULIC TECHNOLOGY CO.,LTD. | web:– | tel:– | mail:–
23:58:51  INFO  [36/5188] – HUBEI XINSHENGKANG POWER TECHNOLOGY CO., LTD. | web:– | tel:– | mail:–
23:58:52  INFO  [37/5188] – HUBEI JIAHENG TECHNOLOGY CO.,LTD. | web:– | tel:– | mail:–
23:58:53  INFO  [38/5188] – HUNAN DINGLI ELECTRIC TECHNOLOGY CO., LTD. | web:– | tel:– | mail:–
23:59:00  INFO  [39/5188] \u2713 H\u0130KOKI | web:\u2713 | tel:\u2713 | mail:–
23:59:01  INFO  [40/5188] – HEIBEI DAYI RUBBER PRODUCTS CO.,LTD. | web:– | tel:– | mail:–
23:59:14  INFO  Excel kaydedildi \u2192 C:\Users\Home\OneDrive\Desktop\obsidian\01-Projects\scraper\output\leads.xlsx (164 fuar sheet'i)
23:59:14  INFO  Ara kay\u0131t yap\u0131ld\u0131 (40/5188)
23:59:14  INFO  [41/5188] – JIANGSU HENGJIAN TRANSMISSION EQUIPMENT CO.,LTD. | web:– | tel:– | mail:–
23:59:14  INFO  [42/5188] – JIANGSU JUWEI MACHINERY CO.,LTD. | web:– | tel:– | mail:–
23:59:14  INFO  [43/5188] – JIANGSU SUNHUNK LOGISTICS EQUIPMENT CO., LTD. | web:– | tel:– | mail:–
23:59:14  INFO  [44/5188] – JIANGSU TAIMING HYDRAULIC TECHNOLOGY CO., LTD. | web:– | tel:– | mail:–
23:59:14  INFO  [45/5188] – KOZANO\u011eLU KOZMAKSAN H\u0130DROL\u0130K POMPA VE ARA \u015eANZ. \u0130MLT. \u0130N\u015e. | web:– | tel:– | mail:–
23:59:14  INFO  [46/5188] – JINAN DENING RUIYUAN MANUFACTURER | web:– | tel:– | mail:–
23:59:14  INFO  [47/5188] – JIANGXI B-NAIL CONSTRUCTION MACHINERY TECHNOLOGY CO.,LTD. | web:– | tel:– | mail:–
23:59:14  INFO  [48/5188] – JIANGSU TOPOWER TYRE CO.,LTD | web:– | tel:– | mail:–
23:59:14  INFO  [49/5188] – JINING SHANTE SONGZHENG CONSTRUCTION MACHINER CO.,LTD. | web:– | tel:– | mail:–
23:59:15  INFO  [50/5188] – LINGONG HEAVY MACHINERY CO .,LTD | web:– | tel:– | mail:–
23:59:16  INFO  [51/5188] – JIANGSU ZHENGFENG HYDRAULIC TECHNOLOGY CO.,LTD. | web:– | tel:– | mail:–
23:59:19  INFO  [52/5188] – LUOHE MEDLINE HYDRAULIC FLUID CO.,LTD. | web:– | tel:– | mail:–
23:59:20  INFO  [53/5188] – NANJING LIZHIXING ENGINEERING MACHINERY CO.,LTD. | web:– | tel:– | mail:–
23:59:23  INFO  [54/5188] – NINGBO AOGE MACHINERY CO.,LTD. | web:– | tel:– | mail:–
23:59:24  INFO  [55/5188] – NINGBO BOYE HYDRAULIC TECHNOLOGY CO., LTD. | web:– | tel:– | mail:–
23:59:27  INFO  [56/5188] – LUOYANG DIRON PARTS TRADING CO., LTD. | web:– | tel:– | mail:–
23:59:27  INFO  [57/5188] – NINGBO DONGYU HYDRAULIC CO., LTD. | web:– | tel:– | mail:–
23:59:28  INFO  [58/5188] – LUOYANG HENG GUAN BEARING TECHNOLOGY CO., LTD. | web:– | tel:– | mail:–
23:59:28  INFO  [59/5188] – NINGBO FLAG-UP HYDRAULIC CO.,LTD. | web:– | tel:– | mail:–
23:59:29  INFO  [60/5188] – MA’AN SHAN HAITIAN HEAVY INDUSTRIAL TECHNOLOGY DEVELOPMENT CO.,LTD | web:– | tel:– | mail:–
23:59:42  INFO  Excel kaydedildi \u2192 C:\Users\Home\OneDrive\Desktop\obsidian\01-Projects\scraper\output\leads.xlsx (164 fuar sheet'i)
23:59:42  INFO  Ara kay\u0131t yap\u0131ld\u0131 (60/5188)
23:59:42  INFO  [61/5188] – MAANSHAN FANGYUAN PRECISION MACHINERY CO.,LTD. | web:– | tel:– | mail:–
23:59:42  INFO  [62/5188] – NINGBO HANSHANG HYDRAULIC CO.,LTD. | web:– | tel:– | mail:–
23:59:42  INFO  [63/5188] – NINGBO HANKESI HYDRAULIC CO.,LTD. | web:– | tel:– | mail:–
23:59:42  INFO  [64/5188] – NINGBO HELM TOWER NODA HYDRAULIC CO., LTD. | web:– | tel:– | mail:–
23:59:42  INFO  [65/5188] – NINGBO ZHANYUE HYDRAULIC TECHNOLOGY CO., LTD. | web:– | tel:– | mail:–
23:59:42  INFO  [66/5188] – NINGBO JAZZY IMPORT& EXPORT CO.,LTD. | web:– | tel:– | mail:–
23:59:42  INFO  [67/5188] – NINGBO YUZHOU HYDRAULIC EQUIPMENT CO.,LTD. | web:– | tel:– | mail:–
23:59:42  INFO  [68/5188] – NINGBO KEMER ENGINEERING MACHINERY CO., LTD. | web:– | tel:– | mail:–
23:59:42  INFO  [69/5188] – NINGBOTIEMINMECHANICALCO.,LTD. | web:– | tel:– | mail:–
23:59:42  INFO  [70/5188] – NINGGUO SWBTEC INDUSTRY CO.,LTD. | web:– | tel:– | mail:–
23:59:42  INFO  [71/5188] – QINGZHOU YINGNUO HEAVY INDUSTRY CO., LTD. | web:– | tel:– | mail:–
23:59:42  INFO  [72/5188] – QINGDAO HEZHONG MACHINERY CO., LTD. | web:– | tel:– | mail:–
23:59:42  INFO  [73/5188] – OMASHI HYDRAULIC EQUIPMENT (SHIJIAZHUANG) CO., LTD. | web:– | tel:– | mail:–
23:59:44  INFO  [74/5188] – QUANZHOU HONGSHENGXING ENGINEERING MACHINERY CO.,LTD. | web:– | tel:– | mail:–
23:59:44  INFO  [75/5188] – QUANZHOU RED HILL ENGINEERING AND MACHINERY CO., LTD. | web:– | tel:– | mail:–
23:59:45  INFO  [76/5188] – Ruimin Hydraulic | web:– | tel:– | mail:–
23:59:46  INFO  [77/5188] – RUIAN GIMPO AUTO ELECTRIC APPLIANCE CO.,LTD. | web:– | tel:– | mail:–
23:59:46  INFO  [78/5188] – QUANZHOU SHANTU CONSTRUCTION MACHINERY CO.,LTD. | web:– | tel:– | mail:–
23:59:49  INFO  [79/5188] – RUI’AN KEBO AUTO PARTS MANUFACTURE CO.,LTD | web:– | tel:– | mail:–
23:59:49  INFO  [80/5188] – SAMMOON VEHICLE LIGHTING TECHNOLOGY CO.,LTD. | web:– | tel:– | mail:–
00:00:04  INFO  Excel kaydedildi \u2192 C:\Users\Home\OneDrive\Desktop\obsidian\01-Projects\scraper\output\leads.xlsx (164 fuar sheet'i)
00:00:04  INFO  Ara kay\u0131t yap\u0131ld\u0131 (80/5188)
00:00:04  INFO  [81/5188] – SANNKE PRECISION MACHINERY \uff08NINGBO\uff09 CO.,LTD | web:– | tel:– | mail:–
00:00:04  INFO  [82/5188] – SHANDONG HANYA HEAVY INDUSTRY CO., LTD. | web:– | tel:– | mail:–
00:00:04  INFO  [83/5188] – QUANGONG MACHINERY CO., LTD. | web:– | tel:– | mail:–
00:00:04  INFO  [84/5188] – SHANDONG HONGFANG HYDRAULIC TECHNOLOGY GROUP CO.,LTD. | web:– | tel:– | mail:–
00:00:04  INFO  [85/5188] – SHANDONG YAHE CONSTRUCTION MACHINERY CO., LTD. | web:– | tel:– | mail:–
00:00:04  INFO  [86/5188] – SHANGDONG LUTONG HEAVY INDUSTRY MACHINERY CO.,LTD. | web:– | tel:– | mail:–
00:00:04  INFO  [87/5188] – SHANDONG TAIRUI FUDE MACHINERY CO.,LTD. | web:– | tel:– | mail:–
00:00:04  INFO  [88/5188] – SHANGHAI XIN-SUNMAN PACKING INDUSTRY CO., LTD. | web:– | tel:– | mail:–
00:00:04  INFO  [89/5188] – SHANGHAI CRAFTMETER CONTROL TECHNOLOGY CO., LTD. | web:– | tel:– | mail:–
00:00:04  INFO  [90/5188] – SHANGHAI XZT FLUID TECHNOLOGY CO.,LTD. | web:– | tel:– | mail:–
00:00:04  INFO  [91/5188] – SHAOGUAN CITY CRANE FACTORY CO.,LTD. | web:– | tel:– | mail:–
00:00:04  INFO  [92/5188] – SUZHOU QEXPAND ELECTRONIC TECHNOLOGY CO.,LTD. | web:– | tel:– | mail:–
00:00:06  INFO  [93/5188] – TAIZHOU BEILITE MACHINERY CO., LTD. | web:– | tel:– | mail:–
00:00:07  INFO  [94/5188] – TAIZHOU LIZHONG PUMP MFG CO.,LTD. | web:– | tel:– | mail:–
00:00:08  INFO  [95/5188] – TAIZHOU SAIYI HYDRAULIC MACHINERY CO.,LTD. | web:– | tel:– | mail:–
00:00:09  INFO  [96/5188] – TAIZHOU SHINE SEALS CO.,LTD . | web:– | tel:– | mail:–
00:00:11  INFO  [97/5188] – UNACEA | web:– | tel:– | mail:–
00:00:14  INFO  [98/5188] – TAIYUAN HEAVY MACHINERY GROUP YUCI HYDRAULIC INDUSTRY CO.,ITD. | web:– | tel:– | mail:–
00:00:16  INFO  [99/5188] – SHANXI SIPURUI MACHINERY MANUFACTURE CO., LTD. | web:– | tel:– | mail:–
00:00:17  INFO  [100/5188] – WENZHOU HANHAO ELECTRONICS TECHNOLOGY CO., LTD. | web:– | tel:– | mail:–
00:00:31  INFO  Excel kaydedildi \u2192 C:\Users\Home\OneDrive\Desktop\obsidian\01-Projects\scraper\output\leads.xlsx (164 fuar sheet'i)
00:00:31  INFO  Ara kay\u0131t yap\u0131ld\u0131 (100/5188)
00:00:31  INFO  [101/5188] – WUXI ANMAN CONSTRUCTION MACHINERY CO., LTD. | web:– | tel:– | mail:–
00:00:31  INFO  [102/5188] – WUXI GRANDTEC DRILLING MACHINERY CO., LTD. | web:– | tel:– | mail:–
00:00:31  INFO  [103/5188] – TRANSPOWER HYDRAULIC ENGINEERING XI’AN CO., LTD. | web:– | tel:– | mail:–
00:00:31  INFO  [104/5188] – XINGTAI BIAO TUO SEAL CO.,LTD. | web:– | tel:– | mail:–
00:00:31  INFO  [105/5188] – TOYO HEAVY INDUSTRIES(DALIAN) CO.LTD. | web:– | tel:– | mail:–
00:00:31  INFO  [106/5188] – XINGTAI RADAR RUBBER & PLASTIC CO.LTD. | web:– | tel:– | mail:–
00:00:31  INFO  [107/5188] – Weiyao Rubber | web:– | tel:– | mail:–
00:00:31  INFO  [108/5188] – XINGTAI YIWEI MECHANICAL SEALS TECHNOLOGY CO., LTD. | web:– | tel:– | mail:–
00:00:31  INFO  [109/5188] – XUZHOU SUPERPOWER MACHINERY TECHNOLOGY CO., LTD. | web:– | tel:– | mail:–
00:00:31  INFO  [110/5188] – XUHZOU FENGHE SLEWING BEARING CO.,LTD. | web:– | tel:– | mail:–
00:00:31  INFO  [111/5188] – YANTAI KEDIAS SEALING TECHNOLOGY CO.,LTD. | web:– | tel:– | mail:–
00:00:31  INFO  [112/5188] – YANTAI DESIMAN SEALING TECHNOLOGY CO., LTD. | web:– | tel:– | mail:–
00:00:31  INFO  [113/5188] – YANTAI TEDY CONSTRUCTION MACHINERY CO.,LTD. | web:– | tel:– | mail:–
00:00:35  INFO  [114/5188] – YUHUAN MAIXUNLI  ELECTRON MACHINERY CO..LTD | web:– | tel:– | mail:–
00:00:43  INFO  [115/5188] – ZHEJIANG GUANGLI CONSTRUCTION MACHINERY CO., LTD. | web:– | tel:– | mail:–
00:00:43  INFO  [116/5188] – ZHEJIANG JIWANG FORGING TECHNOLOGY CO.,LTD | web:– | tel:– | mail:–
00:00:44  INFO  [117/5188] – ZHEJIANG SENSTREN TECHNOLOGY CO.,LTD. | web:– | tel:– | mail:–
00:00:44  INFO  [118/5188] – ZHEJIANG LIFENG MACHINERY PARTS CO.,LTD. | web:– | tel:– | mail:–
00:00:44  INFO  [119/5188] – ZHEJIANG WEILIN MECHANICAL CO., LTD . | web:– | tel:– | mail:–
00:00:49  INFO  [120/5188] – ZHEJIANG ZHENHANG INDUSTRIAL GROUP CO., LTD. | web:– | tel:– | mail:–
00:01:03  INFO  Excel kaydedildi \u2192 C:\Users\Home\OneDrive\Desktop\obsidian\01-Projects\scraper\output\leads.xlsx (164 fuar sheet'i)
00:01:03  INFO  Ara kay\u0131t yap\u0131ld\u0131 (120/5188)
00:01:03  INFO  [121/5188] – ZHENGZHOU SENPENG ELECTRONICS TECHNOLOGY CO., LTD. | web:– | tel:– | mail:–
00:01:03  INFO  [122/5188] – ZHENGZHOU NEW DAFANG HEAVY INDUSTRY SCIENCE AND TECHNOLOGY CO., LTD. | web:– | tel:– | mail:–
00:01:03  INFO  [123/5188] – Heimbach Specialities AG // ALBANY Machine Clothing | web:– | tel:– | mail:–
00:01:03  INFO  [124/5188] – kneho lacke gmbh | web:– | tel:– | mail:–
00:01:03  INFO  [125/5188] – Lamicolor | web:– | tel:– | mail:–
00:01:03  INFO  [126/5188] – GLOBELUX YAPI SAN. VE DI\u015e T\u0130C. LTD. \u015eT\u0130. | web:– | tel:– | mail:–
00:01:03  INFO  [127/5188] – ZHEJIANG ZHUONENG MACHINERY MANUFACTURING CO., LTD. | web:– | tel:– | mail:–
00:01:03  INFO  [128/5188] – QINGDAO RICHMAT INTELLIGENCE TECHNOLOGY INC | web:– | tel:– | mail:–
00:01:03  INFO  [129/5188] – Qingdao Unique New Material Co., Ltd | web:– | tel:– | mail:–
00:01:03  INFO  [130/5188] – ALAGRUP M\u0130MARLIK MÜH.\u0130N\u015e.E\u011e.H\u0130Z.GIDA HAYV.ARAÇ K\u0130R. \u0130ML. TAAH. \u0130TH.\u0130HR.SAN. T\u0130C.LTD.\u015eT\u0130. | web:– | tel:– | mail:–
00:01:03  INFO  [131/5188] – ADAY DÖKÜM MAK\u0130NE MODEL HAYVANCILIK TARIM PETROL ÜRÜNLER\u0130 SANAY\u0130 VE T\u0130CARET L\u0130M\u0130TED \u015e\u0130RKET\u0130 | web:– | tel:– | mail:–
00:01:06  INFO  [132/5188] – AYDIN KONVEYÖR BANT VE MADENC\u0130L\u0130K A.\u015e | web:– | tel:– | mail:–
00:01:07  INFO  [133/5188] – B&T Transflex | web:– | tel:– | mail:–
00:01:08  INFO  [134/5188] – EDR K\u0130MYA  \u0130TH. \u0130HR. PLAS. CAM MAD. YA\u011e VE SAN. VE T\u0130C.LTD.\u015eT\u0130. | web:– | tel:– | mail:–
00:01:09  INFO  [135/5188] – APA YAYINCILIK REKLAMCILIK FUARCLIK VE \u0130LET\u0130\u015e\u0130M H\u0130ZMETLER\u0130 LTD. \u015eT\u0130. | web:– | tel:– | mail:–
00:01:10  INFO  [136/5188] – BAYKAN TORNA C\u0130VATA HIR.MALZ.\u0130N\u015e.TAAH.\u0130TH.\u0130HR.SAN.T\u0130C.LTD.\u015eT\u0130. | web:– | tel:– | mail:–
00:01:11  INFO  [137/5188] – Beltsiflex | web:– | tel:– | mail:–
00:01:12  INFO  [138/5188] – NOVATEC DEKORAT\u0130F KA\u011eIT  VE PRES YÜZEYLER\u0130 SAN T\u0130C LTD \u015eT\u0130 | web:– | tel:– | mail:–
00:01:12  INFO  [139/5188] – AR F\u0130LTRE \u0130\u015e MAK\u0130NALARI OTOMOT\u0130V YEDEK PARÇA SERV\u0130S \u0130N\u015eAAT TUR\u0130ZM \u0130TH. \u0130HR. SAN. VE T\u0130C. LTD. \u015eT\u0130. | web:– | tel:– | mail:–
00:01:13  INFO  [140/5188] – BORATA\u015e TUR MAK\u0130NA \u0130N\u015e TAAH SAN T\u0130C LTD \u015eT\u0130 | web:– | tel:– | mail:–
00:01:28  INFO  Excel kaydedildi \u2192 C:\Users\Home\OneDrive\Desktop\obsidian\01-Projects\scraper\output\leads.xlsx (164 fuar sheet'i)
00:01:28  INFO  Ara kay\u0131t yap\u0131ld\u0131 (140/5188)
00:01:28  INFO  [141/5188] – CANGZHOU GREAT DRILL BITS CO., LTD. | web:– | tel:– | mail:–
00:01:28  INFO  [142/5188] – CGETECH MANUFACTURING (WUXI) CO.,LTD | web:– | tel:– | mail:–
00:01:28  INFO  [143/5188] – Calumet Holding ( BELRAY and ROYAL PURPLE Brands ) | web:– | tel:– | mail:–
00:01:28  INFO  [144/5188] – CH MAK\u0130NA MÜHEND\u0130SL\u0130K DANI\u015eMANLIK MADENC\u0130L\u0130K TEHL\u0130KEL\u0130 ATIK SAN. VE T\u0130C. A.\u015e. | web:– | tel:– | mail:–
00:01:28  INFO  [145/5188] – CHANGSHA BETO NEW MATERIAL TECHNOLOGY CO., LTD. | web:– | tel:– | mail:–
00:01:28  INFO  [146/5188] – CHANGSHA VIBO WEARABLE MATERIAL CO., LTD | web:– | tel:– | mail:–
00:01:28  INFO  [147/5188] – Ç\u0130M-NAK TA\u015eIMACILIK LTD.\u015eT\u0130. | web:– | tel:– | mail:–
00:01:28  INFO  [148/5188] – CHAOYANG HEAVY MACHINERY GROUP CO.,LTD - CHAOYANG HEAVY MACHINERY GROUP IMP AND EXP CO LTD | web:– | tel:– | mail:–
00:01:28  INFO  [149/5188] – COVORO MINING SOLUTIONS LLC | web:– | tel:– | mail:–
00:01:28  INFO  [150/5188] – CITIC Heavy Industries Co., Ltd. (CITIC HIC) | web:– | tel:– | mail:–
00:01:28  INFO  [151/5188] – CPSYSTEM.CO.,LTD. | web:– | tel:– | mail:–
00:01:29  INFO  [152/5188] – COZYFLEX | web:– | tel:– | mail:–
00:01:30  INFO  [153/5188] – BEIJING FEILONG INTERNATIONAL | web:– | tel:– | mail:–
00:01:31  INFO  [154/5188] – BEIJING HONESORT TECHNOLOGY | web:– | tel:– | mail:–
00:01:31  INFO  [155/5188] – CSE (SELF CONTAINED SELF RESCUER) | web:– | tel:– | mail:–
00:01:35  INFO  [156/5188] – Eickhoff Bergbautechnik GmbH | web:– | tel:– | mail:–
00:01:35  INFO  [157/5188] – ENERJ\u0130 ENDÜSTR\u0130YEL SO\u011e. VE \u0130KL. S\u0130S. SAN. T\u0130C. LTD. \u015eT\u0130. | web:– | tel:– | mail:–
00:01:36  INFO  [158/5188] – DFMC - DANDONG DONGFANG MEASUREMENT AND CONTROL TECHNOLOGY CO. LTD. | web:– | tel:– | mail:–
00:01:38  INFO  [159/5188] – ENGINEERING AND PROCESSES PERU SOCIEDAD ANONIMA CERRADA-ENPEROPERU S.A.C | web:– | tel:– | mail:–
00:01:39  INFO  [160/5188] – F\u0130LTROMESH F\u0130LTRASYON TEK. TEKS. SAN. VE T\u0130C. LTD. \u015eT\u0130. | web:– | tel:– | mail:–
00:01:56  INFO  Excel kaydedildi \u2192 C:\Users\Home\OneDrive\Desktop\obsidian\01-Projects\scraper\output\leads.xlsx (164 fuar sheet'i)
00:01:56  INFO  Ara kay\u0131t yap\u0131ld\u0131 (160/5188)
00:01:56  INFO  [161/5188] – EGE ATLAS \u0130\u015e MAK\u0130NALARI YED.PAR.SERV.OTO. \u0130N\u015e.NAK.HAFR.\u0130TH.\u0130HR.SAN.VE T\u0130C.LTD.\u015eT\u0130. | web:– | tel:– | mail:–
00:01:56  INFO  [162/5188] – eDART Group SA (Pty) Ltd | web:– | tel:– | mail:–
00:01:56  INFO  [163/5188] – DERRICK SOLUTIONS INTERNATIONAL FZE | web:– | tel:– | mail:–
00:01:56  INFO  [164/5188] – GEOBUR SONDAJ MAK\u0130NE MÜHEND\u0130SL\u0130K VE \u0130N\u015eAAT ENDÜSTR\u0130S\u0130 EK\u0130PMANLARI L\u0130M\u0130TED \u015e\u0130RKET\u0130 | web:– | tel:– | mail:–
00:01:56  INFO  [165/5188] – GÖKTAY ELEK MAK\u0130NA METAL MÜHEND\u0130SL\u0130K MÜ\u015eAV\u0130RL\u0130K \u0130N\u015eAAT \u0130MALAT SANAY\u0130 VE T\u0130CARET L\u0130M\u0130TED \u015e\u0130RKET\u0130 | web:– | tel:– | mail:–
00:01:56  INFO  [166/5188] – GEOSURVEY GEOMEMBRAN BÜTÜNLÜK TEST\u0130 SÜPERV\u0130ZYON VE KONTROL SAN. T\u0130C. LTD. \u015eT\u0130. | web:– | tel:– | mail:–
00:01:56  INFO  [167/5188] – FMT ELEKTR\u0130KL\u0130 KAMYON OTOMOT\u0130V SAN. VE T\u0130C. LTD. \u015eT\u0130. | web:– | tel:– | mail:–
00:01:56  INFO  [168/5188] – GÜMÜ\u015eEL ENDÜSTR\u0130 A.\u015e. | web:– | tel:– | mail:–
00:01:56  INFO  [169/5188] – Halco | web:– | tel:– | mail:–
00:01:56  INFO  [170/5188] – HANGZHOU OZZY IMPORT EXPORT CO LTD | web:– | tel:– | mail:–
00:01:56  INFO  [171/5188] – G.N.R. S.r.l. | web:– | tel:– | mail:–
00:01:56  INFO  [172/5188] – HEAVERS MACHINERY EQUIPMEN | web:– | tel:– | mail:–
00:01:56  INFO  [173/5188] – HEBEI ROULE MECHANICAL TECHNOLOGY CO., LTD | web:– | tel:– | mail:–
00:01:58  INFO  [174/5188] – HEBEI SHUANGCHENG ENVIRONMENTAL PROTECTION EQUIPMENT CO.,LTD | web:– | tel:– | mail:–
00:01:58  INFO  [175/5188] – Hebei TIIEC Machinery Co.,Ltd | web:– | tel:– | mail:–
00:01:59  INFO  [176/5188] – HEBEI XIAOJIN MACHINERY MANUFACTURING INC. | web:– | tel:– | mail:–
00:01:59  INFO  [177/5188] – HENAN DAZHANG FILTER EQUIPMENT | web:– | tel:– | mail:–
00:01:59  INFO  [178/5188] – GONGYI XINQI POLYMER CO.,LTD. | web:– | tel:– | mail:–
00:02:01  INFO  [179/5188] – HENAN QINGDING MINING EQUIPMENT CO., LTD. | web:– | tel:– | mail:–
00:02:02  INFO  [180/5188] – HENAN SHOWIN HYDRAULIC TECHNOLOGY CO., LTD. | web:– | tel:– | mail:–
00:02:38  INFO  Excel kaydedildi \u2192 C:\Users\Home\OneDrive\Desktop\obsidian\01-Projects\scraper\output\leads.xlsx (164 fuar sheet'i)
00:02:38  INFO  Ara kay\u0131t yap\u0131ld\u0131 (180/5188)
00:02:38  INFO  [181/5188] – HENAN SHUNZHI MACHINERY CO.,LTD. | web:– | tel:– | mail:–
00:02:38  INFO  [182/5188] – HENAN HONGXING MINING MACHINERY CO.,LTD | web:– | tel:– | mail:–
00:02:38  INFO  [183/5188] – HBT GmBH | web:– | tel:– | mail:–
00:02:38  INFO  [184/5188] – HENAN YAXING PRECISION FORGING CO., LTD | web:– | tel:– | mail:–
00:02:38  INFO  [185/5188] – HENGDATONG(FUJIAN) CASTING AND FORGING DEVELOPMENT CO.,LTD | web:– | tel:– | mail:–
00:02:38  INFO  [186/5188] – HENAN ZHONGYUAN HEAVY FORGING CO.,LTD | web:– | tel:– | mail:–
00:02:38  INFO  [187/5188] – HENAN GENGLI MACHINERY CO., LTD. | web:– | tel:– | mail:–
00:02:38  INFO  [188/5188] – Hunan Yanhua Engineering Technology Co., Ltd. | web:– | tel:– | mail:–
00:02:38  INFO  [189/5188] – HUBEI TEWEITE POWER TECHNOLOGY CO. LTD | web:– | tel:– | mail:–
00:02:38  INFO  [190/5188] – HUNAN DURPOTEN MACHINERY EQUIPMENTS CO., LTD. | web:– | tel:– | mail:–
00:02:38  INFO  [191/5188] – HYDRO-REM (SEMI MECHANIZED ROOF SUPPORT SYSTEMS & HYDRAULIC PROPS) | web:– | tel:– | mail:–
00:02:38  INFO  [192/5188] – HYDROTECH (MECHANIZED ROOF SUPPORT SYSTEMS & MULTIPURPOSE MACHINES & PERSONNEL TRANSPORT VEHICLES) | web:– | tel:– | mail:–
00:02:38  INFO  [193/5188] – ISHIGAKI EURASIA F\u0130LTRASYON TEKNOLOJ\u0130LER\u0130 A.\u015e. | web:– | tel:– | mail:–
00:02:38  INFO  [194/5188] – \u0130STANBUL UN\u0130VERS\u0130TES\u0130 CERRAHPA\u015eA - JEOF\u0130Z\u0130K | web:– | tel:– | mail:–
00:02:38  INFO  [195/5188] – INNOMOTICS MOTORLAR VE YÜKSEK GÜÇLÜ SÜRÜCÜLER ANON\u0130M \u015e\u0130RKET\u0130 | web:– | tel:– | mail:–
00:02:38  INFO  [196/5188] – Jiangxi Keniu Machinery Equipment Co., Ltd | web:– | tel:– | mail:–
00:02:38  INFO  [197/5188] – \u0130BRAH\u0130M CAN ATAK \u0130N\u015eAAT TAAHHÜT MADENC\u0130L\u0130K TUR\u0130ZM NAKL\u0130YAT SANAY\u0130 VE T\u0130CARET L\u0130M\u0130TED \u015e\u0130RKET\u0130 | web:– | tel:– | mail:–
00:02:38  INFO  [198/5188] – JIANGSU JASUNG INTELLIGENT INDUSTRIAL TECHNOLOGY CO.,LTD. | web:– | tel:– | mail:–
00:02:38  INFO  [199/5188] – JINAN DENING RUIYUAN TRUCK SPARE PARTS CAPITAL WAREHOUSE INDUSTRY CO.,LTD | web:– | tel:– | mail:–
00:02:38  INFO  [200/5188] – JIANGSU SAILONG ENERGY SAVING TECHNOLOGY ENGINEERING CO., LTD. | web:– | tel:– | mail:–
00:02:57  INFO  Excel kaydedildi \u2192 C:\Users\Home\OneDrive\Desktop\obsidian\01-Projects\scraper\output\leads.xlsx (164 fuar sheet'i)
00:02:57  INFO  Ara kay\u0131t yap\u0131ld\u0131 (200/5188)
00:02:57  INFO  [201/5188] – JIANGXI SITON MACHINERY MANUFACTURING CO.,LTD | web:– | tel:– | mail:–
00:02:57  INFO  [202/5188] – KARADEN\u0130Z TEKN\u0130K ÜN\u0130VERS\u0130TES\u0130 MÜH. FAKÜLT. MADEN MÜH. BÖL. BA\u015eK. | web:– | tel:– | mail:–
00:02:57  INFO  [203/5188] – JIANGSU YALI EXPLOSIONPROOF MOTOR CO.,LTD. | web:– | tel:– | mail:–
00:02:57  INFO  [204/5188] – KIRTA\u015e KONVEYÖR KAUÇUK MAK.\u0130N\u015e.TAH.\u0130HR.\u0130TH.SAN. VE T\u0130C.LTD.\u015eT\u0130. | web:– | tel:– | mail:–
00:02:57  INFO  [205/5188] – Köppern GmbH & Co. | web:– | tel:– | mail:–
00:02:57  INFO  [206/5188] – LUCE HALKLA \u0130L\u0130\u015eK\u0130LER \u0130LET\u0130\u015e\u0130M TANITIM VE ORG. LTD. \u015eT\u0130 | web:– | tel:– | mail:–
00:02:57  INFO  [207/5188] – KRUMMENAUER Anlagenbau GmbH (Shearer Drums & RH Heads Design and Production) | web:– | tel:– | mail:–
00:02:57  INFO  [208/5188] – LHS ROCK DRILLING TOOLS(LIAONING) MACHINERY EQUIPMENT SALES CO.,LTD. | web:– | tel:– | mail:–
00:02:57  INFO  [209/5188] – MAYEB BASIN YAY.\u0130NS.KAY. E\u011eT. DAN. \u0130NCELEME ARA\u015e. PAZ. \u0130HT. \u0130HR. SAN.T\u0130C.LTD.\u015eT\u0130. | web:– | tel:– | mail:–
00:02:57  INFO  [210/5188] – LUOYANG LONGZHONG HEAVY MACHINERY CO., LTD. - LZZG MACHINE | web:– | tel:– | mail:–
00:02:57  INFO  [211/5188] – METUMAK MAK\u0130NA MADEN \u0130N\u015e. MÜH. \u0130MLT. SAN. VE T\u0130C. LTD. \u015eT\u0130. | web:– | tel:– | mail:–
00:02:57  INFO  [212/5188] – LUOYANG SHANDIKE MECHANICAL EQUIPMENT CO.,LTD | web:– | tel:– | mail:–
00:02:57  INFO  [213/5188] – MINERO | web:– | tel:– | mail:–
00:02:57  INFO  [214/5188] – LUOYANG ZHONGDE HEAVY INDUSTRIES CO., LTD | web:– | tel:– | mail:–
00:02:59  INFO  [215/5188] – NACH\u0130-FUJIKOSHI CORP. | web:– | tel:– | mail:–
00:03:00  INFO  [216/5188] – MTM KIRMA ELEME MADEN MAK\u0130NALARI BETON SANTRALLER\u0130 \u0130MALATI MÜHEND\u0130SL\u0130K SANAY\u0130 VE T\u0130CARET LTD.\u015eT\u0130. | web:– | tel:– | mail:–
00:03:00  INFO  [217/5188] – N\u0130MAK MAK. MÜH.DAN.\u0130N\u015e.MADEN NAK.MOB.ENERJ\u0130 ELEK.ELEKT.SAN. VE T\u0130C.LTD.\u015eT\u0130. | web:– | tel:– | mail:–
00:03:01  INFO  [218/5188] – NANTONG CHUANGDA MACHINERY CO., LTD. | web:– | tel:– | mail:–
00:03:01  INFO  [219/5188] – MADENC\u0130L\u0130K SEKTÖRÜNDE KADINLAR DERNE\u011e\u0130 | web:– | tel:– | mail:–
00:03:02  INFO  [220/5188] – NINGBO DONLY CO., LTD - NINGBO DONLY TRANSMISSION EQUIPMENT CO.,LTD | web:– | tel:– | mail:–
00:03:20  INFO  Excel kaydedildi \u2192 C:\Users\Home\OneDrive\Desktop\obsidian\01-Projects\scraper\output\leads.xlsx (164 fuar sheet'i)
00:03:20  INFO  Ara kay\u0131t yap\u0131ld\u0131 (220/5188)
00:03:20  INFO  [221/5188] – ÖZBEKO\u011eLU \u0130THALAT \u0130HRACAT \u0130N\u015eAAT TAAHHÜT VE MÜHEND\u0130SL\u0130K LTD. \u015eT\u0130 | web:– | tel:– | mail:–
00:03:20  INFO  [222/5188] – P\u0130MAKS PNÖMAT\u0130K \u0130\u015e MAK\u0130NALARI \u0130MALAT \u0130N\u015eAAT SANAY\u0130 MÜHEND\u0130SL\u0130K VE T\u0130CARET L\u0130M\u0130TED \u015e\u0130RKET\u0130 | web:– | tel:– | mail:–
00:03:20  INFO  [223/5188] – PHOEBUS RUBBER (Conveyor Belts EP, PVG, ST) | web:– | tel:– | mail:–
00:03:20  INFO  [224/5188] – POYRAZ HAMMADDELER SAN. T\u0130C. LTD. \u015eT | web:– | tel:– | mail:–
00:03:20  INFO  [225/5188] – NUCTECH ANKARA GÜVENL\u0130K S\u0130STEMLER\u0130 SANAY\u0130 VE DI\u015e T\u0130CARET LTD. \u015eT\u0130 | web:– | tel:– | mail:–
00:03:20  INFO  [226/5188] – MMD Group of Companies | web:– | tel:– | mail:–
00:03:20  INFO  [227/5188] – QINGDAO ELITE HYDRAULIC CO. LTD | web:– | tel:– | mail:–
00:03:20  INFO  [228/5188] – QINGDAO BEST FRIEND RUBBER AND PLASTIC CO.,LTD. | web:– | tel:– | mail:–
00:03:20  INFO  [229/5188] – RINGSPANN TURKEY GÜÇ AKTARIM S\u0130STEMLER\u0130 T\u0130CARET L\u0130M\u0130TED \u015e\u0130RKET\u0130 | web:– | tel:– | mail:–
00:03:20  INFO  [230/5188] – REPAMET ELEKT. S\u0130S.MÜM.TEKN. SERV. T\u0130C. LTD. \u015eT\u0130. | web:– | tel:– | mail:–
00:03:20  INFO  [231/5188] – RISTAR CONVEYOR BELTS AND ACCESSORIES | web:– | tel:– | mail:–
00:03:20  INFO  [232/5188] – SAHA REKLAM BASIN YAYIN TAN.ORG. DERV\u0130\u015e BALIK | web:– | tel:– | mail:–
00:03:20  INFO  [233/5188] – SAVA\u015e ÇEL\u0130K ELEK ÜRET\u0130M VE PAZ. A.\u015e. | web:– | tel:– | mail:–
00:03:23  INFO  [234/5188] – SHANGHAI BANDON INTERNATIONAL TRADE CO., LTD | web:– | tel:– | mail:–
00:03:23  INFO  [235/5188] – SHANGHAI HONYEN INDUSTRY CO.,LTD | web:– | tel:– | mail:–
00:03:24  INFO  [236/5188] – Shandong BP New Material Technology Co. | web:– | tel:– | mail:–
00:03:25  INFO  [237/5188] – SHANGHAI MACKORN MINERALS CO., LTD | web:– | tel:– | mail:–
00:03:28  INFO  [238/5188] – Shenyang Florrea Co. Ltd. | web:– | tel:– | mail:–
00:03:29  INFO  [239/5188] – SHENYANG HUAYUE MINING MACHINERY MANUFACTURING CO., LTD. | web:– | tel:– | mail:–
00:03:31  INFO  [240/5188] – SHENYANG SANLAND MINING EQUIPMENT MANUFACTURE CO.,LTD. | web:– | tel:– | mail:–
00:03:56  INFO  Excel kaydedildi \u2192 C:\Users\Home\OneDrive\Desktop\obsidian\01-Projects\scraper\output\leads.xlsx (164 fuar sheet'i)
00:03:56  INFO  Ara kay\u0131t yap\u0131ld\u0131 (240/5188)
00:03:56  INFO  [241/5188] – SHIJIAZHUANG ANPUMP MACHINERY CO., LTD. | web:– | tel:– | mail:–
00:03:56  INFO  [242/5188] – REYNARD MADENC\u0130L\u0130K PARÇALARI T\u0130C. LTD. \u015eT\u0130. | web:– | tel:– | mail:–
00:03:56  INFO  [243/5188] – SHANXI HAOGANG | web:– | tel:– | mail:–
00:03:56  INFO  [244/5188] – SHIJIAZHUANG INDUSTRIAL PUMP FACTORY CO., LTD | web:– | tel:– | mail:–
00:03:56  INFO  [245/5188] – SETERM TEKN\u0130K T\u0130CARET A.\u015e. | web:– | tel:– | mail:–
00:03:56  INFO  [246/5188] – SENSOR JEOMEMBRAN SIZDIRMAZLIK TEKNOLOJ\u0130 H\u0130Z. LTD. \u015eT\u0130. | web:– | tel:– | mail:–
00:03:56  INFO  [247/5188] – SK Shandong Mining Machinery | web:– | tel:– | mail:–
00:03:56  INFO  [248/5188] – SOLAKSUBA\u015eI OTOMOT\u0130V GIDA \u0130N\u015e. SAN. VE T\u0130C. LTD. \u015eT\u0130. | web:– | tel:– | mail:–
00:03:56  INFO  [249/5188] – TAIZHOU SHANHE TRADING CO., LTD. | web:– | tel:– | mail:–
00:03:56  INFO  [250/5188] – Tangshan Shichuang Coal Preparation Technology Co., LTD | web:– | tel:– | mail:–
00:03:56  INFO  [251/5188] – TEKAYSAN END. ÜRÜN. MET. MAK. \u0130ML. PAZ. SAN. VE T\u0130C. LTD. \u015eT\u0130. | web:– | tel:– | mail:–
00:03:56  INFO  [252/5188] – TAIZHOU YUANJING IMPORT AND EXPORT TRADING CO., LTD | web:– | tel:– | mail:–
00:03:56  INFO  [253/5188] – SMARTS MÜHEND\u0130SL\u0130K DANI\u015eMANLIK \u0130Ç VE DI\u015e T\u0130C. A.\u015e. | web:– | tel:– | mail:–
00:03:56  INFO  [254/5188] – TEVEL, d.o.o | web:– | tel:– | mail:–
00:03:56  INFO  [255/5188] – TESECO Sp. z o.o. (VENTILATION SYSTEMS DUCTS AND ACCESORIES) | web:– | tel:– | mail:–
00:03:56  INFO  [256/5188] – Tonly Heavy Industries Co | web:– | tel:– | mail:–
00:03:57  INFO  [257/5188] – ÜN\u0130KA ÜN\u0130VERSAL KABLO SANAY\u0130 VE T\u0130C. A.\u015e. | web:– | tel:– | mail:–
00:03:57  INFO  [258/5188] – TÜRK\u0130YE MADENC\u0130LER DERNE\u011e\u0130 T\u0130CAR\u0130 \u0130\u015eLETMES\u0130 | web:– | tel:– | mail:–
00:03:59  INFO  [259/5188] – WAFANGDIAN ZHONGFU BEARING MANUFACTURING CO., LTD | web:– | tel:– | mail:–
00:04:00  INFO  [260/5188] – VEGA SEV\u0130YE VE BASINÇ ÖLÇÜM C\u0130HAZLARI T\u0130C.LTD.\u015eT\u0130 | web:– | tel:– | mail:–
00:04:26  INFO  Excel kaydedildi \u2192 C:\Users\Home\OneDrive\Desktop\obsidian\01-Projects\scraper\output\leads.xlsx (164 fuar sheet'i)
00:04:26  INFO  Ara kay\u0131t yap\u0131ld\u0131 (260/5188)
00:04:26  INFO  [261/5188] – TYXC ENVIRONMENTAL PROTECTION EQUIPMENT MANUFACTURING CO. LTD. | web:– | tel:– | mail:–
00:04:26  INFO  [262/5188] – WAROM | web:– | tel:– | mail:–
00:04:26  INFO  [263/5188] – TSURUMI (Europe) GmbH | web:– | tel:– | mail:–
00:04:26  INFO  [264/5188] – WUXI DRILLING EXPLORATION EQUIPMENT CO.,LTD | web:– | tel:– | mail:–
00:04:26  INFO  [265/5188] – WUXI GEOLOGICAL DRILLING EQUIPMENT CO., LTD. | web:– | tel:– | mail:–
00:04:26  INFO  [266/5188] – WEIHAI ZHONGYI HYDRAULIC TECHNOLOGY CO., LTD. | web:– | tel:– | mail:–
00:04:26  INFO  [267/5188] – WUXI XINZUAN GEOLOGICAL EQUIPMENT CO.,LTD | web:– | tel:– | mail:–
00:04:26  INFO  [268/5188] – Xiangtan Hengxin | web:– | tel:– | mail:–
00:04:26  INFO  [269/5188] – XORE (Online Stream Anlayzers) | web:– | tel:– | mail:–
00:04:26  INFO  [270/5188] – XINXIANG YINXING MACHINERY CO., LTD. | web:– | tel:– | mail:–
00:04:26  INFO  [271/5188] – XIN GAO NAI HEAVY INDUSTRY (ZHENGZHOU) GROUP CO., LTD. | web:– | tel:– | mail:–
00:04:26  INFO  [272/5188] – XUZHOU H&G WEAR-RESISTANT MATERIAL CO., LTD. | web:– | tel:– | mail:–
00:04:26  INFO  [273/5188] – YANTAI CISO LUBRICATION TECHNOLOGY CO., LTD. | web:– | tel:– | mail:–
00:04:26  INFO  [274/5188] – Y.D.Ç METAL MAK OTOM NAKL \u0130N\u015e TURZ \u0130TH \u0130HR SAN T\u0130C LTD \u015eT\u0130 | web:– | tel:– | mail:–
00:04:26  INFO  [275/5188] – YANTAI HEXIN ENVIRONMENTAL PROTECTION EQUIPMENT CO., LTD. | web:– | tel:– | mail:–
00:04:26  INFO  [276/5188] – YUNCHENG ANJIE FAN ELECTRIC CO,.LTD | web:– | tel:– | mail:–
00:04:26  INFO  [277/5188] – YERALTI PROJE \u0130N\u015eAAT MÜHEND\u0130SL\u0130K SAN VE T\u0130C. A.\u015e. | web:– | tel:– | mail:–
00:04:27  INFO  [278/5188] – WEG (ELECTRIC MOTORS ATEX) | web:– | tel:– | mail:–
00:04:35  INFO  [279/5188] – ZHEJIANG FUDA RUBBER CO.,LTD | web:– | tel:– | mail:–
00:04:36  INFO  [280/5188] – ZHEJIANG DINGXIN STEEL TUBE MANUFACTURING CO., LTD. | web:– | tel:– | mail:–
00:05:02  INFO  Excel kaydedildi \u2192 C:\Users\Home\OneDrive\Desktop\obsidian\01-Projects\scraper\output\leads.xlsx (164 fuar sheet'i)
00:05:02  INFO  Ara kay\u0131t yap\u0131ld\u0131 (280/5188)
00:05:02  INFO  [281/5188] – ZHEJIANG GUANGLING VIBRATING TECHNOLOGY CO.,LTD | web:– | tel:– | mail:–
00:05:02  INFO  [282/5188] – ZHEJIANG HAWBO AUTO PARTS CO., LTD. | web:– | tel:– | mail:–
00:05:02  INFO  [283/5188] – ZHEJIANG POWERBELT CO. LTD. | web:– | tel:– | mail:–
00:05:02  INFO  [284/5188] – Çelikerler Grup | web:– | tel:– | mail:–
00:05:02  INFO  [285/5188] – ZHEKUANG HEAVY INDUSTRY CO., LTD. | web:– | tel:– | mail:–
00:05:02  INFO  [286/5188] – Tymbark / Green Drink’s GmbH | web:– | tel:– | mail:–
00:05:02  INFO  [287/5188] – Foodex G\u0131da | web:– | tel:– | mail:–
00:05:02  INFO  [288/5188] – Çilsan Food | web:– | tel:– | mail:–
00:05:02  INFO  [289/5188] – Ay\u0131ntap | web:– | tel:– | mail:–
00:05:02  INFO  [290/5188] – Ba\u015fem G\u0131da | web:– | tel:– | mail:–
00:05:02  INFO  [291/5188] – Çetinta\u015f Agro | web:– | tel:– | mail:–
00:05:02  INFO  [292/5188] – Leba\u015f | web:– | tel:– | mail:–
00:05:02  INFO  [293/5188] – Parçao\u011flu | web:– | tel:– | mail:–
00:05:02  INFO  [294/5188] – Gerbay Tar\u0131m | web:– | tel:– | mail:–
00:05:02  INFO  [295/5188] – Exhibitions | web:– | tel:– | mail:–
00:05:02  INFO  [296/5188] – HUITM About Events Exhibitions Upcoming Events Participants Sponsors VIP Services Media & Press Contact English \u0627\u0644\u0639\u0631\u0628\u064a\u0629 | web:– | tel:– | mail:–
00:05:02  INFO  [297/5188] \u2713 Global Business Reach | web:\u2713 | tel:\u2713 | mail:\u2713
00:05:02  INFO  [298/5188] – Global Exhibitions Modern Experiences Meaningful Connections | web:– | tel:– | mail:–
00:05:02  INFO  [299/5188] – Dolkem Kimya A.\u015e. | web:– | tel:– | mail:–
00:05:02  INFO  [300/5188] \u2713 Upcoming Events | web:\u2713 | tel:– | mail:–
00:05:25  INFO  Excel kaydedildi \u2192 C:\Users\Home\OneDrive\Desktop\obsidian\01-Projects\scraper\output\leads.xlsx (164 fuar sheet'i)
00:05:25  INFO  Ara kay\u0131t yap\u0131ld\u0131 (300/5188)
00:05:25  INFO  [301/5188] \u2713 Verified Participants | web:\u2713 | tel:– | mail:–
00:05:25  INFO  [302/5188] – Result-Oriented Matching | web:– | tel:– | mail:–
00:05:25  INFO  [303/5188] – VIP-Level Experience | web:– | tel:– | mail:–
00:05:25  INFO  [304/5188] \u2713 AKPA ALÜM\u0130NYUM SAN VE T\u0130C A.\u015e. | web:\u2713 | tel:– | mail:\u2713
00:05:25  INFO  [305/5188] \u2713 ALBAXS PERGOLE TENTE S\u0130STEMLER\u0130 SAN. T\u0130C. LTD. \u015eT\u0130. | web:\u2713 | tel:\u2713 | mail:\u2713
00:05:25  INFO  [306/5188] – Building long-term international business ecosystems through global exhibitions and strategic partnerships. | web:– | tel:– | mail:–
00:05:25  INFO  [307/5188] – Company Home About VIP Services Media & Press Events Exhibitions Upcoming Events Participants Sponsors Contact info@huit | web:– | tel:– | mail:–
00:05:25  INFO  [308/5188] – FOSHAN HAOYE TRADING CO.,LTD | web:– | tel:– | mail:–
00:05:25  INFO  [309/5188] – FOSHAN ZHONGFEIXIN TECHNOLOGY CO., LTD | web:– | tel:– | mail:–
00:05:25  INFO  [310/5188] \u2713 GS METAL ANON\u0130M \u015e\u0130RKET\u0130 | web:\u2713 | tel:\u2713 | mail:\u2713
00:05:25  INFO  [311/5188] – GANZHOU XUNYANG INTERNATIONAL TRADE CO., LTD. | web:– | tel:– | mail:–
00:05:25  INFO  [312/5188] \u2713 GPS ASCOM MAK\u0130NA SAN.T\u0130C.LTD.\u015eT\u0130. | web:\u2713 | tel:– | mail:–
00:05:25  INFO  [313/5188] – GUANGDONG JIANXIANG BUILDING HARDWARE LTD | web:– | tel:– | mail:–
00:05:25  INFO  [314/5188] – FREUD SPA | web:– | tel:– | mail:–
00:05:25  INFO  [315/5188] – Do\u011fanlar | web:– | tel:– | mail:–
00:05:25  INFO  [316/5188] \u2713 Delon | web:\u2713 | tel:\u2713 | mail:\u2713
00:05:25  INFO  [317/5188] – Gökmavi | web:– | tel:– | mail:–
00:05:25  INFO  [318/5188] \u2713 Bembo | web:\u2713 | tel:\u2713 | mail:\u2713
00:05:25  INFO  [319/5188] \u2713 Muhabbet Lokumculuk | web:\u2713 | tel:– | mail:\u2713
00:05:25  INFO  [320/5188] – Ottetürk G\u0131da | web:– | tel:– | mail:–
00:05:51  INFO  Excel kaydedildi \u2192 C:\Users\Home\OneDrive\Desktop\obsidian\01-Projects\scraper\output\leads.xlsx (164 fuar sheet'i)
00:05:51  INFO  Ara kay\u0131t yap\u0131ld\u0131 (320/5188)
00:05:51  INFO  [321/5188] \u2713 Konak \u015eekerleme | web:\u2713 | tel:– | mail:–
00:05:51  INFO  [322/5188] \u2713 Progum | web:\u2713 | tel:\u2713 | mail:\u2713
00:05:51  INFO  [323/5188] \u2713 Vural | web:\u2713 | tel:– | mail:\u2713
00:05:51  INFO  [324/5188] \u2713 Memak Makine | web:\u2713 | tel:\u2713 | mail:\u2713
00:05:51  INFO  [325/5188] – Confil | web:– | tel:– | mail:–
00:05:51  INFO  [326/5188] – \u0130 | web:– | tel:– | mail:–
00:05:51  INFO  [327/5188] \u2713 AYCA SÜT ÜRÜNLER\u0130 A.\u015e. | web:\u2713 | tel:– | mail:\u2713
00:05:51  INFO  [328/5188] \u2713 OMIDI | web:\u2713 | tel:\u2713 | mail:\u2713
00:05:51  INFO  [329/5188] – Kasalak | web:– | tel:– | mail:–
00:05:51  INFO  [330/5188] \u2713 CANDY POINT \u015eEKERL\u0130 MAMÜLLER GIDA SAN. VE T\u0130C. LTD. \u015eT\u0130. | web:\u2713 | tel:\u2713 | mail:\u2713
00:05:51  INFO  [331/5188] \u2713 FOODEX GIDA SAN. VE T\u0130C. LTD. \u015eT\u0130. | web:\u2713 | tel:\u2713 | mail:\u2713
00:05:51  INFO  [332/5188] – EV\u0130ZA B\u0130SKÜV\u0130 Ç\u0130KOLATA GIDA SANAY\u0130 VE T\u0130CARET ANON\u0130M \u015e\u0130RKET\u0130 | web:– | tel:– | mail:–
00:05:51  INFO  [333/5188] \u2713 Madex Chocolate & Candy | web:\u2713 | tel:\u2713 | mail:\u2713
00:05:51  INFO  [334/5188] – HACI HASANO\u011eULLARI RESTAURANT TUR\u0130ZM GIDA \u0130N\u015eAAT SANAY\u0130 VE T\u0130CARET L\u0130M\u0130TED \u015e\u0130RKET\u0130 | web:– | tel:– | mail:–
00:05:51  INFO  [335/5188] \u2713 F\u0130LE GIDA SAN. VE T\u0130C. A.\u015e. | web:\u2713 | tel:– | mail:–
00:05:52  INFO  [336/5188] – AFFAR TEXTILE MACHINERY (SHANGHAI) CO., LTD. | web:– | tel:– | mail:–
00:05:53  INFO  [337/5188] \u2713 ASIA TEXPAC PRIVATE LTD. | web:\u2713 | tel:– | mail:–
00:05:53  INFO  [338/5188] – AINY ELE-MECHANICAL CO., LTD. | web:– | tel:– | mail:–
00:05:53  INFO  [339/5188] \u2713 ALEETEX (CHINA) TECHNOLOGY CO., LTD. | web:\u2713 | tel:\u2713 | mail:\u2713
00:05:55  INFO  [340/5188] \u2713 AZ\u0130M ENDÜSTR\u0130 MAK\u0130NELER\u0130 VE TEKNOLOJ\u0130 A.\u015e | web:\u2713 | tel:\u2713 | mail:\u2713
00:06:23  INFO  Excel kaydedildi \u2192 C:\Users\Home\OneDrive\Desktop\obsidian\01-Projects\scraper\output\leads.xlsx (164 fuar sheet'i)
00:06:23  INFO  Ara kay\u0131t yap\u0131ld\u0131 (340/5188)
00:06:23  INFO  [341/5188] – BENNINGER | web:– | tel:– | mail:–
00:06:23  INFO  [342/5188] – BRÄCKER- BERKOL | web:– | tel:– | mail:–
00:06:23  INFO  [343/5188] – BEIJING HIGHER HORIZONS INTERNATIONAL EXHIBITION CO., LTD | web:– | tel:– | mail:–
00:06:23  INFO  [344/5188] \u2713 BARMAG – A SUBSIDIARY OF THE RIETER GROUP | web:\u2713 | tel:– | mail:–
00:06:23  INFO  [345/5188] \u2713 BOCKEMUEHL LDA | web:\u2713 | tel:– | mail:–
00:06:23  INFO  [346/5188] – CHANGSHU FEILONG NONWOVEN MACHINERY CO., LTD. | web:– | tel:– | mail:–
00:06:23  INFO  [347/5188] – CHANGSHU ZHENTAI NONWOVEN MACHINERY CO., LTD. | web:– | tel:– | mail:–
00:06:23  INFO  [348/5188] – CHANGSHU XINXIN NONWOVEN EQUIPMENT CO., LTD. | web:– | tel:– | mail:–
00:06:23  INFO  [349/5188] \u2713 BRAZZOLI SRL | web:\u2713 | tel:\u2713 | mail:\u2713
00:06:23  INFO  [350/5188] – CHANGZHOU RUNYUE MACHINERY CO., LTD. | web:– | tel:– | mail:–
00:06:23  INFO  [351/5188] – CHANGZHOU SINCILON NONWOVEN TECHNOLOGY CO., LTD. | web:– | tel:– | mail:–
00:06:23  INFO  [352/5188] – CHANGZHOU WUJIN TIANYUAN MACHINERY CO., LTD. | web:– | tel:– | mail:–
00:06:23  INFO  [353/5188] – CHANGZHOU SUPAI TEXTILE ACCESSORIES CO., LTD. | web:– | tel:– | mail:–
00:06:23  INFO  [354/5188] – CHANGZHOU SAIJIA MACHINERY CO., LTD. | web:– | tel:– | mail:–
00:06:23  INFO  [355/5188] – CHANGZHOU XINHUIWU TECHNOLOGY CO., LTD. | web:– | tel:– | mail:–
00:06:25  INFO  [356/5188] – CHANGZHOU YOUCRA MACHINERY TECHNOLOGY CO., LTD. | web:– | tel:– | mail:–
00:06:25  INFO  [357/5188] – CLUTEX | web:– | tel:– | mail:–
00:06:25  INFO  [358/5188] \u2713 DALTEKS MAK\u0130NA VE HAVACILIK SAN. A.\u015e. | web:\u2713 | tel:\u2713 | mail:\u2713
00:06:26  INFO  [359/5188] – DOER TEXPARTS (CHANGZHOU) CO. LTD. | web:– | tel:– | mail:–
00:06:27  INFO  [360/5188] \u2713 DANTI PAOLO & C. SRL | web:\u2713 | tel:– | mail:–
00:06:51  INFO  Excel kaydedildi \u2192 C:\Users\Home\OneDrive\Desktop\obsidian\01-Projects\scraper\output\leads.xlsx (164 fuar sheet'i)
00:06:51  INFO  Ara kay\u0131t yap\u0131ld\u0131 (360/5188)
00:06:51  INFO  [361/5188] – DONGBAO INTERNATIONAL LIMITED | web:– | tel:– | mail:–
00:06:51  INFO  [362/5188] \u2713 COMEZ | web:\u2713 | tel:\u2713 | mail:–
00:06:51  INFO  [363/5188] – ERHARDT + LEIMER SRL | web:– | tel:– | mail:–
00:06:51  INFO  [364/5188] – EPSON COMO PRINTING TECH. SRL | web:– | tel:– | mail:–
00:06:51  INFO  [365/5188] \u2713 ELANG INDUSTRIAL | web:\u2713 | tel:\u2713 | mail:–
00:06:51  INFO  [366/5188] – DONGYANG AOLONG NONWOVEN | web:– | tel:– | mail:–
00:06:51  INFO  [367/5188] – FOSHAN TIMING TRANSMISSION MACHINERY AND BELTING CO. LTD. | web:– | tel:– | mail:–
00:06:51  INFO  [368/5188] – FOSHAN XINFEI HYGIENE MATERIALS CO., LTD. | web:– | tel:– | mail:–
00:06:51  INFO  [369/5188] – FOSHAN SHUNDE JINGWEI TECHNOLOGY CO., LTD. | web:– | tel:– | mail:–
00:06:51  INFO  [370/5188] \u2713 FONG'S EUROPE GMBH | web:\u2713 | tel:\u2713 | mail:–
00:06:51  INFO  [371/5188] – FUJIAN SIJIA NEW MATERIALS TECHNOLOGY CO., LTD. | web:– | tel:– | mail:–
00:06:51  INFO  [372/5188] – FUJIAN PEIXIN MACHINE MANUFACTURE INDUSTRY CO., LTD. | web:– | tel:– | mail:–
00:06:51  INFO  [373/5188] – FUJIAN YONTHIN DIGITAL CONTROL TECHNOLOGY CO., LTD. | web:– | tel:– | mail:–
00:06:51  INFO  [374/5188] \u2713 GRAF + CIE. AG | web:\u2713 | tel:– | mail:–
00:06:51  INFO  [375/5188] – GUALCHIERI E GUALCHIERI & C. SRL | web:– | tel:– | mail:–
00:06:51  INFO  [376/5188] \u2713 GROZ BECKERT TURKIYE TEKST\u0130L MAK\u0130NE PARÇALARI LTD. \u015eT\u0130. | web:\u2713 | tel:– | mail:–
00:06:51  INFO  [377/5188] – GUANGDONG GOOD FEELING HYGGIENE MATERIAL CO., LTD. | web:– | tel:– | mail:–
00:06:52  INFO  [378/5188] – GUANGDONG NAFA TEXTILE MACHINERY EQUIPMENT CO., LTD. | web:– | tel:– | mail:–
00:06:52  INFO  [379/5188] – GUANGDONG JIANGMEN DOMIRY NON-WOVEN CLOTH CO., LTD | web:– | tel:– | mail:–
00:06:53  INFO  [380/5188] – GUANGZHOU FEICHANG TEXTILE MACHINERY CO., LTD. | web:– | tel:– | mail:–
