05:14:08  INFO  Fuar filtresi: 'F İstanbul 2026' → 18 firma
05:14:08  INFO  Sadece eksik mod: 18 firma işlenecek, 0 firma atlandı (zaten dolu)
05:14:11  INFO  [1/18] ✓ Iran | web:✓ | tel:– | mail:–
05:14:14  INFO  [2/18] – Iraq | web:– | tel:– | mail:–
05:14:15  INFO  [3/18] ✓ India | web:✓ | tel:✓ | mail:–
05:14:15  INFO  [4/18] ✓ Egypt | web:✓ | tel:✓ | mail:✓
05:14:18  INFO  [5/18] ✓ El Salvador | web:✓ | tel:– | mail:–
05:14:21  INFO  [6/18] ✓ Malaysia | web:✓ | tel:– | mail:–
05:14:22  INFO  [7/18] ✓ Germany | web:✓ | tel:– | mail:–
05:14:24  INFO  [8/18] ✓ Jordan | web:✓ | tel:✓ | mail:–
05:14:27  INFO  [9/18] ✓ South Africa | web:✓ | tel:– | mail:–
05:14:29  INFO  [10/18] – Poland | web:– | tel:– | mail:–
05:14:29  INFO  [11/18] ✓ China | web:✓ | tel:– | mail:–
05:14:29  INFO  [12/18] – Türkiye | web:– | tel:– | mail:–
05:14:31  INFO  [13/18] – Russia | web:– | tel:– | mail:–
05:14:31  INFO  [14/18] ✓ Vietnam | web:✓ | tel:✓ | mail:✓
05:14:31  INFO  [15/18] ✓ Turkmenistan | web:✓ | tel:– | mail:–
05:14:36  INFO  [16/18] ✓ Slovakia | web:✓ | tel:✓ | mail:–
05:14:40  INFO  [17/18] ✓ Uzbekistan | web:✓ | tel:– | mail:–
05:14:51  INFO  [18/18] ✓ Ukraine | web:✓ | tel:– | mail:✓
05:14:54  INFO  Excel kaydedildi → C:\Users\Home\OneDrive\Desktop\obsidian\01-Projects\scraper\output\leads.xlsx (4 fuar sheet'i)
05:14:54  INFO  --no-maps: Google Maps fallback atlandı (maps_only.py ile ayrı çalıştırın)
05:14:54  INFO  =======================================================
05:14:54  INFO  ÖZET: 1312 firmadan 975'sinin iletişim bilgisi var (bu çalıştırmada 18 hedef)
05:14:54  INFO  Çıktı: C:\Users\Home\OneDrive\Desktop\obsidian\01-Projects\scraper\output\leads.xlsx
