05:18:02  INFO  Fuar filtresi: 'F İstanbul 2026' → 151 firma
05:18:02  INFO  Sadece eksik mod: 151 firma işlenecek, 0 firma atlandı (zaten dolu)
05:18:07  INFO  [1/151] – Beypiliç | web:– | tel:– | mail:–
05:18:08  INFO  [2/151] ✓ TAMEK | web:✓ | tel:✓ | mail:✓
05:18:10  INFO  [3/151] ✓ Gold Harvest | web:✓ | tel:– | mail:–
05:18:11  INFO  [4/151] ✓ Özbil Un | web:✓ | tel:✓ | mail:✓
05:18:12  INFO  [5/151] ✓ Sarbay Group | web:✓ | tel:✓ | mail:✓
05:18:14  INFO  [6/151] ✓ ICC Group | web:✓ | tel:✓ | mail:✓
05:18:17  INFO  [7/151] ✓ Beslen Makarna | web:✓ | tel:✓ | mail:✓
05:18:17  INFO  [8/151] ✓ İpek Bulgur | web:✓ | tel:✓ | mail:–
05:18:22  INFO  [9/151] ✓ Amana Foods | web:✓ | tel:✓ | mail:✓
05:18:23  INFO  [10/151] – Kınık Maden Suyu | web:– | tel:– | mail:–
05:18:25  INFO  [11/151] ✓ Türkmen Makarna | web:✓ | tel:– | mail:–
05:18:26  INFO  [12/151] ✓ Al Esayi Beverage | web:✓ | tel:✓ | mail:✓
05:18:27  INFO  [13/151] – Çelikerler Grup | web:– | tel:– | mail:–
05:18:29  INFO  [14/151] – Aykılıç Gross | web:– | tel:– | mail:–
05:18:30  INFO  [15/151] – Meridyen Gıda | web:– | tel:– | mail:–
05:18:31  INFO  [16/151] – Özeller Group | web:– | tel:– | mail:–
05:18:31  INFO  [17/151] ✓ Zirve İçecek | web:✓ | tel:– | mail:–
05:18:32  INFO  [18/151] ✓ Aqua Ana | web:✓ | tel:✓ | mail:✓
05:18:35  INFO  [19/151] ✓ Star Meşrubat | web:✓ | tel:✓ | mail:✓
05:18:35  INFO  [20/151] ✓ Aysan Turşu | web:✓ | tel:– | mail:✓
05:19:02  INFO  Excel kaydedildi → C:\Users\Home\OneDrive\Desktop\obsidian\01-Projects\scraper\output\leads.xlsx (4 fuar sheet'i)
05:19:02  INFO  Ara kayıt yapıldı (20/151)
05:19:02  INFO  [21/151] – Tymbark / Green Drink’s GmbH | web:– | tel:– | mail:–
05:19:02  INFO  [22/151] – Akay | web:– | tel:– | mail:–
05:19:02  INFO  [23/151] ✓ I Cool Energy | web:✓ | tel:– | mail:✓
05:19:02  INFO  [24/151] ✓ Ömür Boza | web:✓ | tel:– | mail:✓
05:19:02  INFO  [25/151] ✓ Aklar Gıda | web:✓ | tel:✓ | mail:✓
05:19:02  INFO  [26/151] – Çilsan Food | web:– | tel:– | mail:–
05:19:02  INFO  [27/151] ✓ GOLD CUP | web:✓ | tel:– | mail:–
05:19:02  INFO  [28/151] ✓ Dr. Paste | web:✓ | tel:✓ | mail:✓
05:19:02  INFO  [29/151] ✓ Viopa Beverage | web:✓ | tel:– | mail:–
05:19:02  INFO  [30/151] – Yeşiller Gıda | web:– | tel:– | mail:–
05:19:02  INFO  [31/151] ✓ Asel AMG | web:✓ | tel:✓ | mail:✓
05:19:03  INFO  [32/151] ✓ Bionley | web:✓ | tel:✓ | mail:✓
05:19:05  INFO  [33/151] ✓ Palmart | web:✓ | tel:✓ | mail:–
05:19:15  INFO  [34/151] ✓ BASUTLAR | web:✓ | tel:✓ | mail:✓
05:19:16  INFO  [35/151] – Dolkem Kimya A.Ş. | web:– | tel:– | mail:–
05:19:17  INFO  [36/151] ✓ Çelikoğlu Group | web:✓ | tel:✓ | mail:✓
05:19:19  INFO  [37/151] ✓ Gurme Lady | web:✓ | tel:✓ | mail:✓
05:19:20  INFO  [38/151] ✓ DITCO Food | web:✓ | tel:✓ | mail:✓
05:19:21  INFO  [39/151] ✓ United Trade | web:✓ | tel:✓ | mail:✓
05:19:21  INFO  [40/151] – Muratoğlu Baharat | web:– | tel:– | mail:–
05:19:40  INFO  Excel kaydedildi → C:\Users\Home\OneDrive\Desktop\obsidian\01-Projects\scraper\output\leads.xlsx (4 fuar sheet'i)
05:19:40  INFO  Ara kayıt yapıldı (40/151)
05:19:40  INFO  [41/151] ✓ Neil Food | web:✓ | tel:– | mail:–
05:19:40  INFO  [42/151] ✓ Four Hand Global | web:✓ | tel:✓ | mail:✓
05:19:40  INFO  [43/151] ✓ Adoba Gıda | web:✓ | tel:✓ | mail:✓
05:19:40  INFO  [44/151] ✓ 4KA Global | web:✓ | tel:✓ | mail:✓
05:19:40  INFO  [45/151] ✓ Havrano | web:✓ | tel:✓ | mail:✓
05:19:40  INFO  [46/151] – Foodex Gıda | web:– | tel:– | mail:–
05:19:40  INFO  [47/151] – Dağcıoğlu Baharat | web:– | tel:– | mail:–
05:19:41  INFO  [48/151] – Göktat Gıda | web:– | tel:– | mail:–
05:19:44  INFO  [49/151] ✓ Ata Hammadde | web:✓ | tel:✓ | mail:✓
05:19:46  INFO  [50/151] – Aladeeb Coffee | web:– | tel:– | mail:–
05:19:47  INFO  [51/151] ✓ Mek Gıda | web:✓ | tel:– | mail:–
05:19:49  INFO  [52/151] ✓ Mehmetbey Agro | web:✓ | tel:✓ | mail:–
05:19:49  INFO  [53/151] – IQF Aroma | web:– | tel:– | mail:–
05:19:53  INFO  [54/151] ✓ Opti Naturel | web:✓ | tel:– | mail:–
05:19:55  INFO  [55/151] ✓ Ankara Susam | web:✓ | tel:✓ | mail:✓
05:19:57  INFO  [56/151] – Salihoğlu Susam | web:– | tel:– | mail:–
05:19:59  INFO  [57/151] ✓ Tek Lezzet | web:✓ | tel:✓ | mail:✓
05:19:59  INFO  [58/151] – Keskinbey Gıda | web:– | tel:– | mail:–
05:20:00  INFO  [59/151] ✓ Leziza Foods | web:✓ | tel:✓ | mail:–
05:20:03  INFO  [60/151] ✓ Nefha Kimya | web:✓ | tel:✓ | mail:✓
05:20:20  INFO  Excel kaydedildi → C:\Users\Home\OneDrive\Desktop\obsidian\01-Projects\scraper\output\leads.xlsx (4 fuar sheet'i)
05:20:20  INFO  Ara kayıt yapıldı (60/151)
05:20:20  INFO  [61/151] ✓ Hasan Efendi | web:✓ | tel:– | mail:✓
05:20:20  INFO  [62/151] – Doğa Süt | web:– | tel:– | mail:–
05:20:20  INFO  [63/151] – Dnb Çerez | web:– | tel:– | mail:–
05:20:20  INFO  [64/151] ✓ Uğur Kuruyemiş | web:✓ | tel:– | mail:–
05:20:20  INFO  [65/151] ✓ Satrap Kimya | web:✓ | tel:✓ | mail:✓
05:20:20  INFO  [66/151] ✓ Mus-Ko Erciyes | web:✓ | tel:– | mail:–
05:20:20  INFO  [67/151] ✓ Bizim Anadolu Tarım | web:✓ | tel:– | mail:–
05:20:20  INFO  [68/151] ✓ Kahveci Ayhan | web:✓ | tel:– | mail:✓
05:20:20  INFO  [69/151] – Burçak Baharat | web:– | tel:– | mail:–
05:20:21  INFO  [70/151] ✓ Biriz Kuruyemiş | web:✓ | tel:✓ | mail:✓
05:20:23  INFO  [71/151] – Başem Gıda | web:– | tel:– | mail:–
05:20:24  INFO  [72/151] – Aktarbey Baharat | web:– | tel:– | mail:–
05:20:24  INFO  [73/151] ✓ Urfarm | web:✓ | tel:✓ | mail:–
05:20:26  INFO  [74/151] ✓ Bige Tarım | web:✓ | tel:✓ | mail:✓
05:20:31  INFO  [75/151] ✓ Aydona | web:✓ | tel:✓ | mail:✓
05:20:33  INFO  [76/151] ✓ Atayname | web:✓ | tel:✓ | mail:✓
05:20:33  INFO  [77/151] – Çömçeci | web:– | tel:– | mail:–
05:20:33  INFO  [78/151] ✓ Crispy Cros | web:✓ | tel:– | mail:–
05:20:34  INFO  [79/151] ✓ Hurma Aşkı | web:✓ | tel:✓ | mail:✓
05:20:36  INFO  [80/151] – Ayıntap | web:– | tel:– | mail:–
05:20:47  INFO  Excel kaydedildi → C:\Users\Home\OneDrive\Desktop\obsidian\01-Projects\scraper\output\leads.xlsx (4 fuar sheet'i)
05:20:47  INFO  Ara kayıt yapıldı (80/151)
05:20:47  INFO  [81/151] ✓ Elnut | web:✓ | tel:✓ | mail:✓
05:20:47  INFO  [82/151] ✓ Beyliva | web:✓ | tel:✓ | mail:✓
05:20:47  INFO  [83/151] ✓ Altın Pelet Cips | web:✓ | tel:– | mail:–
05:20:47  INFO  [84/151] – Birdem Gıda | web:– | tel:– | mail:–
05:20:48  INFO  [85/151] ✓ Bernut | web:✓ | tel:– | mail:✓
05:20:50  INFO  [86/151] ✓ Cengiz Gündüz Tarım | web:✓ | tel:✓ | mail:–
05:20:50  INFO  [87/151] ✓ Kaju Bang | web:✓ | tel:✓ | mail:✓
05:20:54  INFO  [88/151] ✓ Can Kardeşler Kuruyemiş | web:✓ | tel:– | mail:✓
05:20:54  INFO  [89/151] – Çetintaş Agro | web:– | tel:– | mail:–
05:20:54  INFO  [90/151] ✓ Kibarzade | web:✓ | tel:✓ | mail:✓
05:20:56  INFO  [91/151] ✓ Hamido | web:✓ | tel:✓ | mail:✓
05:20:56  INFO  [92/151] ✓ Burak Tarım | web:✓ | tel:✓ | mail:✓
05:20:58  INFO  [93/151] – Hacı Hasan Oğulları | web:– | tel:– | mail:–
05:20:59  INFO  [94/151] – Burça | web:– | tel:– | mail:–
05:21:00  INFO  [95/151] ✓ Duka Baklava | web:✓ | tel:✓ | mail:✓
05:21:00  INFO  [96/151] – Güler Kadayıf | web:– | tel:– | mail:–
05:21:01  INFO  [97/151] ✓ Enfes Fıstık | web:✓ | tel:– | mail:–
05:21:05  INFO  [98/151] – Gerbay Tarım | web:– | tel:– | mail:–
05:21:06  INFO  [99/151] ✓ Heybetli Gıda Tarım | web:✓ | tel:✓ | mail:✓
05:21:07  INFO  [100/151] ✓ Rich Corn | web:✓ | tel:✓ | mail:✓
05:21:14  INFO  Excel kaydedildi → C:\Users\Home\OneDrive\Desktop\obsidian\01-Projects\scraper\output\leads.xlsx (4 fuar sheet'i)
05:21:14  INFO  Ara kayıt yapıldı (100/151)
05:21:14  INFO  [101/151] ✓ Almanfoush | web:✓ | tel:– | mail:✓
05:21:14  INFO  [102/151] ✓ Persan | web:✓ | tel:✓ | mail:✓
05:21:14  INFO  [103/151] – Üstat Tatlı | web:– | tel:– | mail:–
05:21:14  INFO  [104/151] ✓ Chitsy Kuruyemiş | web:✓ | tel:✓ | mail:✓
05:21:14  INFO  [105/151] ✓ Four Food | web:✓ | tel:✓ | mail:✓
05:21:16  INFO  [106/151] ✓ Granio | web:✓ | tel:✓ | mail:✓
05:21:16  INFO  [107/151] – Kappadokia Gıda | web:– | tel:– | mail:–
05:21:17  INFO  [108/151] – Kılıçkesmez Gıda | web:– | tel:– | mail:–
05:21:18  INFO  [109/151] ✓ Genç Kuruyemiş | web:✓ | tel:– | mail:–
05:21:18  INFO  [110/151] ✓ Mis Furkan Gofret | web:✓ | tel:– | mail:–
05:21:20  INFO  [111/151] ✓ Gramas | web:✓ | tel:– | mail:–
05:21:20  INFO  [112/151] – Lebaş | web:– | tel:– | mail:–
05:21:24  INFO  [113/151] – Sayınlar Gıda | web:– | tel:– | mail:–
05:21:26  INFO  [114/151] – Edonuts | web:– | tel:– | mail:–
05:21:27  INFO  [115/151] ✓ Lebsan | web:✓ | tel:✓ | mail:–
05:21:28  INFO  [116/151] ✓ Çerez Pazarı | web:✓ | tel:– | mail:–
05:21:29  INFO  [117/151] – Parçaoğlu | web:– | tel:– | mail:–
05:21:30  INFO  [118/151] – Kılıç Kuruyemiş | web:– | tel:– | mail:–
05:21:32  INFO  [119/151] – Şıho | web:– | tel:– | mail:–
05:21:32  INFO  [120/151] ✓ Umman Global | web:✓ | tel:✓ | mail:✓
05:21:36  INFO  Excel kaydedildi → C:\Users\Home\OneDrive\Desktop\obsidian\01-Projects\scraper\output\leads.xlsx (4 fuar sheet'i)
05:21:36  INFO  Ara kayıt yapıldı (120/151)
05:21:36  INFO  [121/151] ✓ Sagra Grup | web:✓ | tel:– | mail:✓
05:21:37  INFO  [122/151] ✓ WPS Gıda | web:✓ | tel:✓ | mail:–
05:21:38  INFO  [123/151] – Kıyam Üzüm | web:– | tel:– | mail:–
05:21:39  INFO  [124/151] ✓ Ender Çikolata | web:✓ | tel:– | mail:–
05:21:43  INFO  [125/151] ✓ Elvan Gıda | web:✓ | tel:✓ | mail:✓
05:21:44  INFO  [126/151] ✓ Mehmet Türkel Gıda | web:✓ | tel:– | mail:–
05:21:45  INFO  [127/151] ✓ MyBis Gıda | web:✓ | tel:– | mail:–
05:21:48  INFO  [128/151] – Ensar Endüstri | web:– | tel:– | mail:–
05:21:48  INFO  [129/151] – Eminoğlu Makina | web:– | tel:– | mail:–
05:21:49  INFO  [130/151] ✓ Vigos Gıda | web:✓ | tel:✓ | mail:✓
05:21:50  INFO  [131/151] ✓ Elif Çikolata | web:✓ | tel:✓ | mail:–
05:21:51  INFO  [132/151] ✓ Pamukkale Makina | web:✓ | tel:✓ | mail:✓
05:21:51  INFO  [133/151] ✓ Sefir Grup | web:✓ | tel:✓ | mail:✓
05:21:53  INFO  [134/151] ✓ Alapala Makina | web:✓ | tel:– | mail:✓
05:21:54  INFO  [135/151] ✓ GEMAK | web:✓ | tel:✓ | mail:✓
05:21:55  INFO  [136/151] ✓ Karaerler Makina | web:✓ | tel:– | mail:–
05:21:55  INFO  [137/151] ✓ Umar Makina | web:✓ | tel:✓ | mail:✓
05:21:59  INFO  [138/151] ✓ Barem Ambalaj | web:✓ | tel:✓ | mail:✓
05:21:59  INFO  [139/151] ✓ Sesinoks Metal | web:✓ | tel:– | mail:–
05:22:02  INFO  [140/151] ✓ Aydemir Makine | web:✓ | tel:✓ | mail:–
05:22:08  INFO  Excel kaydedildi → C:\Users\Home\OneDrive\Desktop\obsidian\01-Projects\scraper\output\leads.xlsx (4 fuar sheet'i)
05:22:08  INFO  Ara kayıt yapıldı (140/151)
05:22:08  INFO  [141/151] ✓ Tamex Agro | web:✓ | tel:✓ | mail:✓
05:22:08  INFO  [142/151] ✓ Akay Packing | web:✓ | tel:✓ | mail:✓
05:22:08  INFO  [143/151] ✓ Athapack Makina | web:✓ | tel:✓ | mail:–
05:22:09  INFO  [144/151] ✓ Elif Makina | web:✓ | tel:✓ | mail:–
05:22:10  INFO  [145/151] ✓ Des Makine | web:✓ | tel:– | mail:–
05:22:12  INFO  [146/151] ✓ Temax Makina | web:✓ | tel:✓ | mail:✓
05:22:12  INFO  [147/151] ✓ Kontensan | web:✓ | tel:✓ | mail:✓
05:22:14  INFO  [148/151] ✓ Sistem Bant | web:✓ | tel:– | mail:–
05:22:16  INFO  [149/151] – Kulp Makina | web:– | tel:– | mail:–
05:22:16  INFO  [150/151] ✓ Lazer Kutu | web:✓ | tel:– | mail:–
05:22:23  INFO  [151/151] ✓ Makro Pack Makina | web:✓ | tel:✓ | mail:✓
05:22:28  INFO  Excel kaydedildi → C:\Users\Home\OneDrive\Desktop\obsidian\01-Projects\scraper\output\leads.xlsx (4 fuar sheet'i)
05:22:28  INFO  --no-maps: Google Maps fallback atlandı (maps_only.py ile ayrı çalıştırın)
05:22:28  INFO  =======================================================
05:22:28  INFO  ÖZET: 1445 firmadan 1067'sinin iletişim bilgisi var (bu çalıştırmada 151 hedef)
05:22:28  INFO  Çıktı: C:\Users\Home\OneDrive\Desktop\obsidian\01-Projects\scraper\output\leads.xlsx
