03:22:34  INFO  Fuar filtresi: 'Maden Türkiye 2026' \u2192 779 firma
03:22:34  INFO  Sadece eksik mod: 779 firma i\u015flenecek, 0 firma atland\u0131 (zaten dolu)
03:22:38  INFO  [1/779] \u2713 1960 ÖZEN MAK\u0130NE SANAY\u0130 VE T\u0130CARET L\u0130M\u0130TED \u015e\u0130RKET\u0130 | web:\u2713 | tel:– | mail:–
03:22:41  INFO  [2/779] \u2713 2M MAK\u0130NA MÜMESS\u0130LL\u0130K VE T\u0130C. A.\u015e. | web:\u2713 | tel:– | mail:–
03:22:41  INFO  [3/779] \u2713 ABB ELEKTR\u0130K SANAY\u0130 A.\u015e. | web:\u2713 | tel:\u2713 | mail:\u2713
03:22:42  INFO  [4/779] – AB RULO MAK\u0130NA HIRD. SAN. T\u0130C. LTD. \u015eT\u0130. | web:– | tel:– | mail:–
03:22:46  INFO  [5/779] – ADAY DÖKÜM MAK\u0130NE MODEL HAYVANCILIK TARIM PETROL ÜRÜNLER\u0130 SANAY\u0130 VE T\u0130CARET L\u0130M\u0130TED \u015e\u0130RKET\u0130 | web:– | tel:– | mail:–
03:22:47  INFO  [6/779] \u2713 3P Instruments GmbH & Co. KG | web:\u2713 | tel:\u2713 | mail:\u2713
03:22:47  INFO  [7/779] \u2713 AFE MÜHEND\u0130SL\u0130K MAK\u0130NE SAN. VE T\u0130C. LTD. \u015eT\u0130. | web:\u2713 | tel:– | mail:–
03:22:51  INFO  [8/779] \u2713 AFT GMBH | web:\u2713 | tel:\u2713 | mail:\u2713
03:22:51  INFO  [9/779] \u2713 AJANS ORGAN\u0130ZE KAMURAN TEC\u0130MEN | web:\u2713 | tel:– | mail:\u2713
03:22:52  INFO  [10/779] – AGREGA ÜRET\u0130C\u0130LER\u0130 B\u0130RL\u0130\u011e\u0130 DERNE\u011e\u0130 \u0130KT\u0130SAD\u0130 \u0130\u015eLETMES\u0130 | web:– | tel:– | mail:–
03:22:52  INFO  [11/779] – ADA ATLAS MAK\u0130NA \u0130MALAT SAN. VE T\u0130C. LTD.\u015eT\u0130 | web:– | tel:– | mail:–
03:22:53  INFO  [12/779] \u2713 AJANSM\u0130K FUARCILIK VE MEDYA H\u0130ZMETLER\u0130 L\u0130M\u0130TED \u015e\u0130RKET\u0130 | web:\u2713 | tel:\u2713 | mail:\u2713
03:22:54  INFO  [13/779] \u2713 AKKAYALAR MAK\u0130NA SANAY\u0130 VE T\u0130CARET ANON\u0130M \u015e\u0130RKET\u0130 | web:\u2713 | tel:\u2713 | mail:\u2713
03:22:56  INFO  [14/779] \u2713 AKSA PROCESS ENGNEERING MAK\u0130NE SAN. VE T\u0130C.LTD.\u015eT\u0130. | web:\u2713 | tel:\u2713 | mail:\u2713
03:22:56  INFO  [15/779] \u2713 AKTECH MÜHEND\u0130SL\u0130K \u0130N\u015eAAT SANAY\u0130 VE T\u0130CARET L\u0130M\u0130TED \u015e\u0130RKET\u0130 | web:\u2713 | tel:– | mail:–
03:22:58  INFO  [16/779] \u2713 ALBACORE MADENC\u0130L\u0130K SANAY\u0130 VE T\u0130CARET L\u0130M\u0130TED \u015e\u0130RKET\u0130 | web:\u2713 | tel:\u2713 | mail:\u2713
03:23:00  INFO  [17/779] \u2713 AKYOL T\u0130CARET DE\u011e\u0130RMEN LEVAZIMATI LTD. \u015eT\u0130. | web:\u2713 | tel:\u2713 | mail:–
03:23:00  INFO  [18/779] – ALAGRUP M\u0130MARLIK MÜH.\u0130N\u015e.E\u011e.H\u0130Z.GIDA HAYV.ARAÇ K\u0130R. \u0130ML. TAAH. \u0130TH.\u0130HR.SAN. T\u0130C.LTD.\u015eT\u0130. | web:– | tel:– | mail:–
03:23:01  INFO  [19/779] – ACE GEOSYNTHETICS | web:– | tel:– | mail:–
03:23:02  INFO  [20/779] – ALFA BASINÇLI HAVA S\u0130STEMLER\u0130 VE MÜHEND\u0130SL\u0130K SAN. T\u0130C. LTD. \u015eT\u0130. | web:– | tel:– | mail:–
03:23:04  INFO  Excel kaydedildi \u2192 C:\Users\Home\OneDrive\Desktop\obsidian\01-Projects\scraper\output\leads.xlsx (3 fuar sheet'i)
03:23:04  INFO  Ara kay\u0131t yap\u0131ld\u0131 (20/779)
03:23:04  INFO  [21/779] – AKGÜL MAK\u0130NA SÜLEYMAN AKGÜL | web:– | tel:– | mail:–
03:23:04  INFO  [22/779] \u2713 allmineral Aufbereitungstechnik GmbH & Co. KG | web:\u2713 | tel:\u2713 | mail:\u2713
03:23:09  INFO  [23/779] \u2713 AMER\u0130CAN BLOCK | web:\u2713 | tel:\u2713 | mail:\u2713
03:23:10  INFO  [24/779] \u2713 ALLIS SAGA MINING AND CONSTRUCTION CO., LTD | web:\u2713 | tel:\u2713 | mail:\u2713
03:23:13  INFO  [25/779] – ALLENWEST | web:– | tel:– | mail:–
03:23:13  INFO  [26/779] – ANA BA\u011eLANTI ELEMANLARI YAY. H\u0130ZMETLER\u0130 AL\u0130 BAYSAL | web:– | tel:– | mail:–
03:23:16  INFO  [27/779] – AN\u0130\u015eMAK ANADOLU \u0130\u015e MAK\u0130NALARI \u0130N\u015eAAT SAN. T\u0130C. LTD. \u015eT\u0130. | web:– | tel:– | mail:–
03:23:18  INFO  [28/779] \u2713 ALTIN B\u0130LYA SANAY\u0130 VE T\u0130CARET LTD. \u015eT\u0130. | web:\u2713 | tel:\u2713 | mail:\u2713
03:23:21  INFO  [29/779] \u2713 ANATOL\u0130A SONDAJ T\u0130CARET VE SANAY\u0130 LTD. \u015eT\u0130 | web:\u2713 | tel:\u2713 | mail:\u2713
03:23:27  INFO  [30/779] – ANT GROUP TEK.MAK.\u0130ML.MÜH. TAAH.SAN.VE T\u0130C.A.\u015e. | web:– | tel:– | mail:–
03:23:28  INFO  [31/779] \u2713 ANKA ANAL\u0130T\u0130K MEKATRON\u0130K SANAY\u0130 VE T\u0130CARET ANON\u0130M \u015e\u0130RKET\u0130 | web:\u2713 | tel:\u2713 | mail:\u2713
03:23:29  INFO  [32/779] – APA YAYINCILIK REKLAMCILIK FUARCLIK VE \u0130LET\u0130\u015e\u0130M H\u0130ZMETLER\u0130 LTD. \u015eT\u0130. | web:– | tel:– | mail:–
03:23:30  INFO  [33/779] \u2713 ANHUI ZHONGYI RUBBER BELTS CO., LTD. | web:\u2713 | tel:– | mail:\u2713
03:23:31  INFO  [34/779] \u2713 ALP\u0130N MAK\u0130NE SAN.VE T\u0130C.A.\u015e. | web:\u2713 | tel:\u2713 | mail:\u2713
03:23:33  INFO  [35/779] – ARGETEST CEVHER ZEN. ARGE LAB. VE ANAL\u0130Z H\u0130Z. MÜH. DAN. MAK.\u0130TH.\u0130HR. T\u0130C. SAN.LTD.\u015eT\u0130. | web:– | tel:– | mail:–
03:23:33  INFO  [36/779] \u2713 AR\u0130F ALAÇAM RULMAN T\u0130C. VE SAN. LTD. \u015eT\u0130. | web:\u2713 | tel:– | mail:–
03:23:35  INFO  [37/779] – AR F\u0130LTRE \u0130\u015e MAK\u0130NALARI OTOMOT\u0130V YEDEK PARÇA SERV\u0130S \u0130N\u015eAAT TUR\u0130ZM \u0130TH. \u0130HR. SAN. VE T\u0130C. LTD. \u015eT\u0130. | web:– | tel:– | mail:–
03:23:37  INFO  [38/779] – ARKOÇ MADEN MAK\u0130NALARI \u0130MALAT \u0130N\u015eAAT SAN. T\u0130C. LTD. \u015eT\u0130 | web:– | tel:– | mail:–
03:23:37  INFO  [39/779] \u2713 ARDEF MADEN MAK\u0130NE ENERJ\u0130 VE T\u0130CARET A.\u015e | web:\u2713 | tel:– | mail:\u2713
03:23:37  INFO  [40/779] \u2713 ARMATAS MÜHEND\u0130SL\u0130K SAN. VE T\u0130C. A.\u015e. | web:\u2713 | tel:\u2713 | mail:\u2713
03:23:39  INFO  Excel kaydedildi \u2192 C:\Users\Home\OneDrive\Desktop\obsidian\01-Projects\scraper\output\leads.xlsx (3 fuar sheet'i)
03:23:39  INFO  Ara kay\u0131t yap\u0131ld\u0131 (40/779)
03:23:39  INFO  [41/779] \u2713 AR-EN GRUP MAK\u0130NA MÜ\u015eAV\u0130RL\u0130K MÜH. M\u0130M. \u0130N\u015e.SAN. VE T\u0130C. LTD \u015eT\u0130 | web:\u2713 | tel:\u2713 | mail:\u2713
03:23:40  INFO  [42/779] \u2713 ASKOM MAK\u0130NE MÜHEND\u0130SL\u0130K SAN. VE T\u0130C. A.\u015e. | web:\u2713 | tel:\u2713 | mail:\u2713
03:23:40  INFO  [43/779] – ARS ANKARA RULMAN MAK.\u0130N\u015e.OTOM.SAN.T\u0130C.LTD.\u015eT\u0130. | web:– | tel:– | mail:–
03:23:40  INFO  [44/779] \u2713 AS-TECH GLOBAL MAK\u0130NA SANAY\u0130 VE T\u0130CARET LTD. \u015eT\u0130 | web:\u2713 | tel:\u2713 | mail:\u2713
03:23:43  INFO  [45/779] \u2713 ASOS PROSES MAK\u0130NA SAN. VE T\u0130C. A.\u015e. | web:\u2713 | tel:– | mail:\u2713
03:23:43  INFO  [46/779] – ASTEC | web:– | tel:– | mail:–
03:23:44  INFO  [47/779] \u2713 ASKON DEM\u0130R ÇEL\u0130K SAN. VE T\u0130C. A.\u015e. | web:\u2713 | tel:\u2713 | mail:\u2713
03:23:44  INFO  [48/779] \u2713 ATA REDÜKTÖR MOTOR SAN.VE T\u0130C.LTD.\u015eT\u0130. | web:\u2713 | tel:\u2713 | mail:\u2713
03:23:46  INFO  [49/779] \u2713 ASTEN JANT LAST\u0130K MAK VE PAZ SAN DI\u015e T\u0130C LTD \u015eT\u0130 | web:\u2713 | tel:\u2713 | mail:\u2713
03:23:51  INFO  [50/779] \u2713 ATMOS | web:\u2713 | tel:– | mail:\u2713
03:23:52  INFO  [51/779] \u2713 ASATUR TEM\u0130ZL\u0130K OTOMOT\u0130V LTD. \u015eT\u0130. | web:\u2713 | tel:\u2713 | mail:\u2713
03:23:52  INFO  [52/779] \u2713 Atmus Filtration Technologies Inc | web:\u2713 | tel:– | mail:–
03:23:53  INFO  [53/779] – AUSTDAC | web:– | tel:– | mail:–
03:23:54  INFO  [54/779] \u2713 AVA IoT Limited | web:\u2713 | tel:\u2713 | mail:\u2713
03:23:55  INFO  [55/779] \u2713 AVA PROSES TEKNOLOJ\u0130LER\u0130 SAN.VE T\u0130C. LTD. \u015eT\u0130. | web:\u2713 | tel:\u2713 | mail:\u2713
03:23:55  INFO  [56/779] \u2713 ATARFIL | web:\u2713 | tel:\u2713 | mail:\u2713
03:23:55  INFO  [57/779] \u2713 ATARFIL EUROPE | web:\u2713 | tel:\u2713 | mail:\u2713
03:23:59  INFO  [58/779] \u2713 AVIBRO ELEKTR\u0130K MOTORLARI SAN. VE T\u0130C. A.\u015e. | web:\u2713 | tel:\u2713 | mail:\u2713
03:24:00  INFO  [59/779] – AYDIN KONVEYÖR BANT VE MADENC\u0130L\u0130K A.\u015e | web:– | tel:– | mail:–
03:24:00  INFO  [60/779] \u2713 AVRASYA JEOTEK SONDAJ MÜH. MAD. SAN VE T\u0130C. LTD.\u015eT\u0130. | web:\u2713 | tel:– | mail:\u2713
03:24:03  INFO  Excel kaydedildi \u2192 C:\Users\Home\OneDrive\Desktop\obsidian\01-Projects\scraper\output\leads.xlsx (3 fuar sheet'i)
03:24:03  INFO  Ara kay\u0131t yap\u0131ld\u0131 (60/779)
03:24:04  INFO  [61/779] \u2713 AYMAK KIRMA ELEME MAKINALARI SANAY\u0130 VE T\u0130C.A.\u015e. | web:\u2713 | tel:\u2713 | mail:\u2713
03:24:05  INFO  [62/779] – B&T Transflex | web:– | tel:– | mail:–
03:24:08  INFO  [63/779] \u2713 BASTAK TEKNOLOJ\u0130 S\u0130ST.A.\u015e. | web:\u2713 | tel:\u2713 | mail:\u2713
03:24:09  INFO  [64/779] – BAS ENDÜSTR\u0130YEL ÇÖZÜMLER VE MÜHEND\u0130SL\u0130K UYGULAMA LTD.\u015eT\u0130. | web:– | tel:– | mail:–
03:24:10  INFO  [65/779] \u2713 Axis Mining Technology | web:\u2713 | tel:\u2713 | mail:–
03:24:13  INFO  [66/779] – BAYKAN TORNA C\u0130VATA HIR.MALZ.\u0130N\u015e.TAAH.\u0130TH.\u0130HR.SAN.T\u0130C.LTD.\u015eT\u0130. | web:– | tel:– | mail:–
03:24:13  INFO  [67/779] \u2713 BBA PUMPS BV | web:\u2713 | tel:\u2713 | mail:\u2713
03:24:14  INFO  [68/779] – BAFCON MÜHEND\u0130SL\u0130K VANA VE KONTROL S\u0130STEMLER\u0130 SAN. VE T\u0130C. A.\u015e. | web:– | tel:– | mail:–
03:24:16  INFO  [69/779] \u2713 AYIK BAND SAN.VE T\u0130C. LTD.\u015eT\u0130. | web:\u2713 | tel:\u2713 | mail:–
03:24:18  INFO  [70/779] \u2713 BDT MADENC\u0130L\u0130K VE T\u0130C. A.\u015e. | web:\u2713 | tel:\u2713 | mail:–
03:24:21  INFO  [71/779] \u2713 BATIBANT MADENC\u0130L\u0130K SANAY\u0130 VE T\u0130CARET LTD. \u015eT\u0130. | web:\u2713 | tel:\u2713 | mail:\u2713
03:24:24  INFO  [72/779] \u2713 Becker Mining Europe GmbH | web:\u2713 | tel:\u2713 | mail:\u2713
03:24:24  INFO  [73/779] \u2713 Becker Warkop | web:\u2713 | tel:\u2713 | mail:\u2713
03:24:26  INFO  [74/779] – Belgo Industry BV | web:– | tel:– | mail:–
03:24:27  INFO  [75/779] – Beltsiflex | web:– | tel:– | mail:–
03:24:30  INFO  [76/779] \u2713 BELL\u0130 MADEN MAK\u0130NALARI SANAY\u0130 VE T\u0130CARET ANON\u0130M \u015e\u0130RKET\u0130 | web:\u2713 | tel:\u2713 | mail:\u2713
03:24:31  INFO  [77/779] \u2713 BES MÜHEND\u0130SL\u0130K MÜ\u015eAV\u0130RL\u0130K T\u0130C.LTD.\u015eT\u0130. | web:\u2713 | tel:\u2713 | mail:\u2713
03:24:34  INFO  [78/779] \u2713 Betek GmbH & Co., KG | web:\u2713 | tel:– | mail:–
03:24:39  INFO  [79/779] – BEIJING FEILONG INTERNATIONAL | web:– | tel:– | mail:–
03:24:41  INFO  [80/779] – BEIJING HONESORT TECHNOLOGY | web:– | tel:– | mail:–
03:24:43  INFO  Excel kaydedildi \u2192 C:\Users\Home\OneDrive\Desktop\obsidian\01-Projects\scraper\output\leads.xlsx (3 fuar sheet'i)
03:24:43  INFO  Ara kay\u0131t yap\u0131ld\u0131 (80/779)
03:24:43  INFO  [81/779] \u2713 ADEN GROUP MADENC\u0130L\u0130K MÜHEND\u0130SL\u0130K SANAY\u0130 VE DI\u015e T\u0130CARET L\u0130M\u0130TED \u015e\u0130RKET\u0130 | web:\u2713 | tel:\u2713 | mail:\u2713
03:24:44  INFO  [82/779] \u2713 BEUMER GROUP | web:\u2713 | tel:\u2713 | mail:–
03:24:46  INFO  [83/779] \u2713 BIKAR EXPANSION JOINTS | web:\u2713 | tel:\u2713 | mail:\u2713
03:24:46  INFO  [84/779] \u2713 BEST DRILLING EQUIPMENT WUXI CO.,LTD | web:\u2713 | tel:\u2713 | mail:\u2713
03:24:48  INFO  [85/779] – BETTERSIZE | web:– | tel:– | mail:–
03:24:50  INFO  [86/779] – Binder+Co AG | web:– | tel:– | mail:–
03:24:51  INFO  [87/779] \u2713 BEY GER\u0130 DÖNÜ\u015eÜM SANAY\u0130 VE T\u0130CARET L\u0130M\u0130TED \u015e\u0130RKET\u0130 | web:\u2713 | tel:\u2713 | mail:\u2713
03:24:51  INFO  [88/779] – B\u0130NMET METAL SAN. VE T\u0130C. A.\u015e. | web:– | tel:– | mail:–
03:24:51  INFO  [89/779] \u2713 BO\u0130MTECH MÜHEND\u0130SL\u0130K \u0130N\u015eAAT SAN VE T\u0130C.LTD.\u015eT\u0130 | web:\u2713 | tel:\u2713 | mail:\u2713
03:24:55  INFO  [90/779] – BORATA\u015e TUR MAK\u0130NA \u0130N\u015e TAAH SAN T\u0130C LTD \u015eT\u0130 | web:– | tel:– | mail:–
03:24:55  INFO  [91/779] \u2713 BGRIMM TECHNOLOGY GROUP | web:\u2713 | tel:\u2713 | mail:\u2713
03:24:57  INFO  [92/779] \u2713 Bosch Rexroth AG | web:\u2713 | tel:\u2713 | mail:\u2713
03:24:59  INFO  [93/779] \u2713 BONFIGLIOLI GÜÇ AKT.VE OTO.TEKN.SAN.VE T\u0130C.A.\u015e. | web:\u2713 | tel:– | mail:\u2713
03:24:59  INFO  [94/779] – B\u0130LG\u0130 MÜHEND\u0130SL\u0130K T\u0130CARET A.\u015e. | web:– | tel:– | mail:–
03:25:00  INFO  [95/779] \u2713 Bokela | web:\u2713 | tel:\u2713 | mail:–
03:25:00  INFO  [96/779] \u2713 BRADLEY PULVERIZER | web:\u2713 | tel:\u2713 | mail:–
03:25:03  INFO  [97/779] \u2713 Bruker | web:\u2713 | tel:– | mail:–
03:25:03  INFO  [98/779] – BURÇEL\u0130K BURSA ÇEL\u0130K DÖKÜM SANAY\u0130 A.\u015e. | web:– | tel:– | mail:–
03:25:04  INFO  [99/779] \u2713 BUMEKS D\u0130\u015eL\u0130 OTOMOT\u0130V SAN. VE T\u0130C. LTD. \u015eT\u0130. | web:\u2713 | tel:\u2713 | mail:\u2713
03:25:07  INFO  [100/779] – ÇAKIL TOZ \u0130ND\u0130RGEME ÇEL\u0130K KAPAMA OTOM.KONV.BANT S\u0130ST.\u0130TH.\u0130HR.SAN.VE T\u0130C.LTD.\u015eT\u0130. | web:– | tel:– | mail:–
03:25:09  INFO  Excel kaydedildi \u2192 C:\Users\Home\OneDrive\Desktop\obsidian\01-Projects\scraper\output\leads.xlsx (3 fuar sheet'i)
03:25:09  INFO  Ara kay\u0131t yap\u0131ld\u0131 (100/779)
03:25:10  INFO  [101/779] \u2713 BERGAMA MADENC\u0130L\u0130K \u0130N\u015e. MAK. PERL\u0130T SAN. VE T\u0130C. A.\u015e. | web:\u2713 | tel:– | mail:–
03:25:11  INFO  [102/779] \u2713 BRS ENGINEERING MÜH. MAK\u0130NE SAN. VE LTD. \u015eT\u0130. | web:\u2713 | tel:– | mail:\u2713
03:25:14  INFO  [103/779] \u2713 CARBOMECH Sp. z o.o | web:\u2713 | tel:\u2713 | mail:\u2713
03:25:14  INFO  [104/779] – Calumet Holding ( BELRAY and ROYAL PURPLE Brands ) | web:– | tel:– | mail:–
03:25:14  INFO  [105/779] – Brigade Electronics | web:– | tel:– | mail:–
03:25:14  INFO  [106/779] \u2713 BURNDY | web:\u2713 | tel:\u2713 | mail:–
03:25:16  INFO  [107/779] – ÇA\u011eRI H\u0130DROL\u0130K VE S\u0130L\u0130ND\u0130R SAN.T\u0130C.LTD.\u015eT\u0130. | web:– | tel:– | mail:–
03:25:17  INFO  [108/779] \u2713 Cec Mining Systems | web:\u2713 | tel:\u2713 | mail:\u2713
03:25:17  INFO  [109/779] – ÇEMA\u015e DÖKÜM SAN. A.\u015e. | web:– | tel:– | mail:–
03:25:20  INFO  [110/779] – ÇERÇ\u0130 MÜHEND\u0130SL\u0130K M\u0130MARLIK \u0130N\u015eAAT \u0130THALAT \u0130HRACAT SANAY\u0130 VE T\u0130CARET L\u0130M\u0130TED \u015e\u0130RKET\u0130 | web:– | tel:– | mail:–
03:25:20  INFO  [111/779] \u2713 CARL BECHEM | web:\u2713 | tel:– | mail:–
03:25:20  INFO  [112/779] \u2713 CDE GLOBAL LIMITED | web:\u2713 | tel:– | mail:–
03:25:22  INFO  [113/779] \u2713 CENTER DI\u015e T\u0130CARET MAK\u0130NA SANAY\u0130 VE PAZARLAMA ANON\u0130M \u015e\u0130RKET\u0130 | web:\u2713 | tel:\u2713 | mail:\u2713
03:25:23  INFO  [114/779] – CANGZHOU GREAT DRILL BITS CO., LTD. | web:– | tel:– | mail:–
03:25:25  INFO  [115/779] – ÇH OPT\u0130MUM MÜHEND\u0130SL\u0130K DANI\u015eMANLIK VE MAK\u0130NA T\u0130C. LTD. \u015eT\u0130. | web:– | tel:– | mail:–
03:25:26  INFO  [116/779] – CH MAK\u0130NA MÜHEND\u0130SL\u0130K DANI\u015eMANLIK MADENC\u0130L\u0130K TEHL\u0130KEL\u0130 ATIK SAN. VE T\u0130C. A.\u015e. | web:– | tel:– | mail:–
03:25:26  INFO  [117/779] – CEZER\u0130 AKI\u015eKAN TEKNOLOJ\u0130LER\u0130 MÜH. SAN. VE T\u0130C. A.\u015e | web:– | tel:– | mail:–
03:25:27  INFO  [118/779] – CGETECH MANUFACTURING (WUXI) CO.,LTD | web:– | tel:– | mail:–
03:25:27  INFO  [119/779] – CHANGSHA BETO NEW MATERIAL TECHNOLOGY CO., LTD. | web:– | tel:– | mail:–
03:25:28  INFO  [120/779] – CHANGSHA VIBO WEARABLE MATERIAL CO., LTD | web:– | tel:– | mail:–
03:25:30  INFO  Excel kaydedildi \u2192 C:\Users\Home\OneDrive\Desktop\obsidian\01-Projects\scraper\output\leads.xlsx (3 fuar sheet'i)
03:25:30  INFO  Ara kay\u0131t yap\u0131ld\u0131 (120/779)
03:25:30  INFO  [121/779] \u2713 CIMPROGETTI S.p.A | web:\u2713 | tel:\u2713 | mail:\u2713
03:25:31  INFO  [122/779] – CHAOYANG HEAVY MACHINERY GROUP CO.,LTD - CHAOYANG HEAVY MACHINERY GROUP IMP AND EXP CO LTD | web:– | tel:– | mail:–
03:25:32  INFO  [123/779] – Ç\u0130M-NAK TA\u015eIMACILIK LTD.\u015eT\u0130. | web:– | tel:– | mail:–
03:25:33  INFO  [124/779] \u2713 Chengtian | web:\u2713 | tel:– | mail:–
03:25:36  INFO  [125/779] – CFT GmBH | web:– | tel:– | mail:–
03:25:36  INFO  [126/779] \u2713 Christian Pfeiffer Maschinenfabrik GmbH | web:\u2713 | tel:– | mail:\u2713
03:25:37  INFO  [127/779] – CITIC Heavy Industries Co., Ltd. (CITIC HIC) | web:– | tel:– | mail:–
03:25:39  INFO  [128/779] \u2713 CITIC HEAVY INDUSTRIES CO., LTD | web:\u2713 | tel:\u2713 | mail:–
03:25:39  INFO  [129/779] – ÇOLAKO\u011eLU MÜH MAK SAN VE T\u0130C LTD \u015eT\u0130 | web:– | tel:– | mail:–
03:25:41  INFO  [130/779] \u2713 COM\u0130DAT TEKNOLOJ\u0130 GEL\u0130\u015eT\u0130RME SAN. VE T\u0130C. LTD. \u015eT\u0130. | web:\u2713 | tel:\u2713 | mail:\u2713
03:25:41  INFO  [131/779] \u2713 CMD GEARS | web:\u2713 | tel:\u2713 | mail:\u2713
03:25:43  INFO  [132/779] – COMEVAL VALVE SYSTEMS | web:– | tel:– | mail:–
03:25:43  INFO  [133/779] – C\u0130TA ULUSLARARASI T\u0130CARET L\u0130M\u0130TED \u015e\u0130RKET\u0130 | web:– | tel:– | mail:–
03:25:44  INFO  [134/779] \u2713 Continental Contitech | web:\u2713 | tel:– | mail:\u2713
03:25:47  INFO  [135/779] – COVORO MINING SOLUTIONS LLC | web:– | tel:– | mail:–
03:25:47  INFO  [136/779] – COZYFLEX | web:– | tel:– | mail:–
03:25:47  INFO  [137/779] – ÇORUM TEKN\u0130K ÇEL\u0130K DÖKÜM MAK\u0130NA \u0130N\u015e. SAN. T\u0130C. LTD. \u015eT\u0130. | web:– | tel:– | mail:–
03:25:48  INFO  [138/779] \u2713 COPPER RADYATÖR \u0130MALAT SANAY\u0130 T\u0130C. A.\u015e. | web:\u2713 | tel:– | mail:\u2713
03:25:48  INFO  [139/779] \u2713 CM MAK\u0130NE ÇEL\u0130K \u0130N\u015eAAT T\u0130CARET L\u0130M\u0130TED \u015e\u0130RKET\u0130 | web:\u2713 | tel:\u2713 | mail:\u2713
03:25:49  INFO  [140/779] – CPSYSTEM.CO.,LTD. | web:– | tel:– | mail:–
03:25:51  INFO  Excel kaydedildi \u2192 C:\Users\Home\OneDrive\Desktop\obsidian\01-Projects\scraper\output\leads.xlsx (3 fuar sheet'i)
03:25:51  INFO  Ara kay\u0131t yap\u0131ld\u0131 (140/779)
03:25:51  INFO  [141/779] \u2713 Comessa SA | web:\u2713 | tel:\u2713 | mail:\u2713
03:25:52  INFO  [142/779] \u2713 CSB OTOMASYON MAK\u0130NA IMAL.ITH.IHR.SAN.VE TIC.LTD.STI | web:\u2713 | tel:\u2713 | mail:\u2713
03:25:53  INFO  [143/779] \u2713 CSK METAL VE NAK. SAN. T\u0130C. LTD. \u015eT\u0130. | web:\u2713 | tel:– | mail:–
03:25:53  INFO  [144/779] – CSE (SELF CONTAINED SELF RESCUER) | web:– | tel:– | mail:–
03:25:54  INFO  [145/779] – CSK SONDAJ MADENC\u0130L\u0130K VE MÜHEND\u0130SL\u0130K MAK\u0130NA \u0130N\u015eAAT TAAHHÜT DI\u015e T\u0130CARET LTD. \u015eT\u0130. | web:– | tel:– | mail:–
03:25:56  INFO  [146/779] \u2713 CSP MÜHEND\u0130SL\u0130K SAN. VE T\u0130C. LTD. \u015eT\u0130. | web:\u2713 | tel:\u2713 | mail:\u2713
03:25:56  INFO  [147/779] – CT GRUP \u0130NOVASYON MADEN TEKNOLOJ\u0130LER\u0130 LTD. \u015eT\u0130. | web:– | tel:– | mail:–
03:25:57  INFO  [148/779] \u2713 CYL KNIFE VALVES S.L. | web:\u2713 | tel:– | mail:\u2713
03:25:58  INFO  [149/779] \u2713 DAL TEKN\u0130K MAK\u0130NA T\u0130CARET VE SANAY\u0130 ANON\u0130M \u015e\u0130RKET\u0130 | web:\u2713 | tel:\u2713 | mail:\u2713
03:25:59  INFO  [150/779] – CVP MAK\u0130NA PAZARLAMA VE DI\u015e T\u0130CARET LTD.\u015eT\u0130. | web:– | tel:– | mail:–
03:26:01  INFO  [151/779] – DALGIÇ GLOBAL \u0130Ç VE DI\u015e T\u0130CARET A.\u015e | web:– | tel:– | mail:–
03:26:02  INFO  [152/779] \u2713 Damel | web:\u2713 | tel:\u2713 | mail:–
03:26:03  INFO  [153/779] \u2713 Dana Motion Systems Italia S.r.l. | web:\u2713 | tel:\u2713 | mail:\u2713
03:26:03  INFO  [154/779] \u2713 DANA SPICER | web:\u2713 | tel:\u2713 | mail:\u2713
03:26:04  INFO  [155/779] \u2713 DAL ELEKTR\u0130K VE OTOMASYON S\u0130ST.SAN.T\u0130C.A.\u015e. | web:\u2713 | tel:– | mail:\u2713
03:26:06  INFO  [156/779] \u2713 CRUSH + SIZE TECHNOLOGY GMBH & CO. KG | web:\u2713 | tel:\u2713 | mail:\u2713
03:26:07  INFO  [157/779] \u2713 DBC MAK\u0130NA SAN.VE T\u0130C.A.\u015e. | web:\u2713 | tel:\u2713 | mail:\u2713
03:26:07  INFO  [158/779] \u2713 DAUBERT CHEM\u0130CAL | web:\u2713 | tel:– | mail:–
03:26:07  INFO  [159/779] \u2713 DANIELI NEWFER | web:\u2713 | tel:\u2713 | mail:–
03:26:07  INFO  [160/779] \u2713 Davon S.R.O. | web:\u2713 | tel:\u2713 | mail:\u2713
03:26:10  INFO  Excel kaydedildi \u2192 C:\Users\Home\OneDrive\Desktop\obsidian\01-Projects\scraper\output\leads.xlsx (3 fuar sheet'i)
03:26:10  INFO  Ara kay\u0131t yap\u0131ld\u0131 (160/779)
03:26:10  INFO  [161/779] \u2713 DEKA \u0130\u015e MAK\u0130NALARI MADEN EK\u0130PMANLARI SAN VE T\u0130C. LTD. \u015eT\u0130. | web:\u2713 | tel:\u2713 | mail:\u2713
03:26:11  INFO  [162/779] \u2713 DENGE TEKN\u0130K C\u0130HAZLAR SAN. VE T\u0130C. LTD. \u015eT\u0130. | web:\u2713 | tel:\u2713 | mail:\u2713
03:26:11  INFO  [163/779] \u2713 DERBY KONVEYÖR BANT SANAY\u0130 VE T\u0130CARET ANON\u0130M \u015e\u0130RKET\u0130 | web:\u2713 | tel:\u2713 | mail:\u2713
03:26:18  INFO  [164/779] \u2713 Derypol | web:\u2713 | tel:\u2713 | mail:–
03:26:20  INFO  [165/779] \u2713 DECSAN MÜHEND\u0130SL\u0130K ENERJ\u0130 \u0130N\u015eAAT MAK\u0130NA SANAY\u0130 VE T\u0130CARET L\u0130M\u0130TED \u015e\u0130RKET\u0130 | web:\u2713 | tel:\u2713 | mail:–
03:26:23  INFO  [166/779] \u2713 DEVCON | web:\u2713 | tel:– | mail:\u2713
03:26:24  INFO  [167/779] – DELSON KAYA DEL\u0130C\u0130 EK\u0130PMANLAR \u0130N\u015eAAT MADEN LTD. \u015eT\u0130. | web:– | tel:– | mail:–
03:26:24  INFO  [168/779] \u2713 DELSAN GROUP \u0130\u015e MAK. \u0130ML. \u0130TH. \u0130HR. SAN. VE T\u0130C. LTD. \u015eT\u0130. | web:\u2713 | tel:\u2713 | mail:\u2713
03:26:25  INFO  [169/779] – DERRICK SOLUTIONS INTERNATIONAL FZE | web:– | tel:– | mail:–
03:26:30  INFO  [170/779] – DFMC - DANDONG DONGFANG MEASUREMENT AND CONTROL TECHNOLOGY CO. LTD. | web:– | tel:– | mail:–
03:26:30  INFO  [171/779] \u2713 Diflon Technology srl | web:\u2713 | tel:\u2713 | mail:–
03:26:30  INFO  [172/779] \u2713 Diemme Filtration | web:\u2713 | tel:\u2713 | mail:–
03:26:32  INFO  [173/779] \u2713 DES-CASE | web:\u2713 | tel:\u2713 | mail:–
03:26:34  INFO  [174/779] \u2713 Diefenbach S.r.l. | web:\u2713 | tel:\u2713 | mail:–
03:26:35  INFO  [175/779] \u2713 CVB TECH | web:\u2713 | tel:– | mail:–
03:26:36  INFO  [176/779] – DM D\u0130NAM\u0130K MÜHEND\u0130SL\u0130K MAK\u0130NE SAN. VE LTD. \u015eT\u0130. | web:– | tel:– | mail:–
03:26:36  INFO  [177/779] \u2713 DODGE INDUSTRIAL | web:\u2713 | tel:\u2713 | mail:–
03:26:38  INFO  [178/779] \u2713 Dr. Mueller AG | web:\u2713 | tel:\u2713 | mail:\u2713
03:26:39  INFO  [179/779] \u2713 DONALDSON F\u0130LTRAT\u0130ON DEUTSCHLAND GMBH | web:\u2713 | tel:– | mail:–
03:26:40  INFO  [180/779] \u2713 DRICONEQ | web:\u2713 | tel:\u2713 | mail:\u2713
03:26:42  INFO  Excel kaydedildi \u2192 C:\Users\Home\OneDrive\Desktop\obsidian\01-Projects\scraper\output\leads.xlsx (3 fuar sheet'i)
03:26:42  INFO  Ara kay\u0131t yap\u0131ld\u0131 (180/779)
03:26:42  INFO  [181/779] \u2713 DOU CONTROL MADEN VE MAK\u0130NA SANAY\u0130 T\u0130CARET L\u0130M\u0130TED \u015e\u0130RKET\u0130 | web:\u2713 | tel:\u2713 | mail:\u2713
03:26:42  INFO  [182/779] \u2713 DRAGFLOW S.R.L. | web:\u2713 | tel:\u2713 | mail:\u2713
03:26:43  INFO  [183/779] – DÖKÜMA\u015e DÖKÜM MAK\u0130NA SAN.VE T\u0130C.A\u015e. | web:– | tel:– | mail:–
03:26:44  INFO  [184/779] – DÜCHTING PUMPEN Maschinenfabrik GmbH & Co., KG | web:– | tel:– | mail:–
03:26:44  INFO  [185/779] – DÜSTERLOH FLUIDTECHNIK GmbH (Hydraulic and Pneumatic ATEX Motors) | web:– | tel:– | mail:–
03:26:47  INFO  [186/779] \u2713 DUX MACHINERY CORPORATION | web:\u2713 | tel:– | mail:–
03:26:47  INFO  [187/779] – E S\u0130NERJ\u0130 MÜH. MAK. END. \u0130ML. SAN. VE T\u0130C. LTD. \u015eT\u0130. | web:– | tel:– | mail:–
03:26:48  INFO  [188/779] \u2713 EBRO ARMATUREN OTOMASYON S\u0130S. SAN. VE T\u0130C. LTD. \u015eT\u0130. | web:\u2713 | tel:– | mail:–
03:26:48  INFO  [189/779] \u2713 ED-VAN VANT\u0130LATÖR SAN. VE T\u0130C. LTD. \u015eT\u0130. | web:\u2713 | tel:\u2713 | mail:\u2713
03:26:51  INFO  [190/779] – DTR TURKEY MAK\u0130NE \u0130TH. \u0130HR. LTD. \u015eT\u0130. | web:– | tel:– | mail:–
03:26:53  INFO  [191/779] \u2713 EAGLEBURGMANN ENDÜSTR\u0130YEL SIZDIRMAZLIK SAN.VE T\u0130C.LTD.\u015eT\u0130. | web:\u2713 | tel:\u2713 | mail:–
03:26:53  INFO  [192/779] \u2713 EEP Elektro-Elektronik Pranjic GmbH | web:\u2713 | tel:\u2713 | mail:\u2713
03:26:54  INFO  [193/779] – EFE GRUP MÜHEND\u0130SL\u0130K MAK. SAN. VE T\u0130C. LTD \u015eT\u0130 | web:– | tel:– | mail:–
03:26:55  INFO  [194/779] \u2713 DTS PRO TEKNOLOJ\u0130 A.\u015e. | web:\u2713 | tel:– | mail:\u2713
03:26:56  INFO  [195/779] – EGES\u0130M ENERJ\u0130 ELEKTR. ELEK. TAAH. SAN. T\u0130C. A.\u015e | web:– | tel:– | mail:–
03:26:58  INFO  [196/779] – Eickhoff Bergbautechnik GmbH | web:– | tel:– | mail:–
03:26:59  INFO  [197/779] – EGE ATLAS \u0130\u015e MAK\u0130NALARI YED.PAR.SERV.OTO. \u0130N\u015e.NAK.HAFR.\u0130TH.\u0130HR.SAN.VE T\u0130C.LTD.\u015eT\u0130. | web:– | tel:– | mail:–
03:26:59  INFO  [198/779] – ElectroMax (Illumination Systems) | web:– | tel:– | mail:–
03:27:01  INFO  [199/779] – eDART Group SA (Pty) Ltd | web:– | tel:– | mail:–
03:27:03  INFO  [200/779] \u2713 ELG\u0130 EQU\u0130PMENTS L\u0130M\u0130TED | web:\u2713 | tel:\u2713 | mail:\u2713
03:27:05  INFO  Excel kaydedildi \u2192 C:\Users\Home\OneDrive\Desktop\obsidian\01-Projects\scraper\output\leads.xlsx (3 fuar sheet'i)
03:27:05  INFO  Ara kay\u0131t yap\u0131ld\u0131 (200/779)
03:27:06  INFO  [201/779] – ELTA\u015e ELEK METAL MAK SAN T\u0130C LTD \u015eT\u0130 | web:– | tel:– | mail:–
03:27:08  INFO  [202/779] \u2713 ELEKTROMETAL S.A | web:\u2713 | tel:\u2713 | mail:\u2713
03:27:09  INFO  [203/779] \u2713 ELSAN ELEKTRIK SAN. VE TIC.A.S. | web:\u2713 | tel:\u2713 | mail:\u2713
03:27:10  INFO  [204/779] \u2713 Elementar | web:\u2713 | tel:\u2713 | mail:\u2713
03:27:10  INFO  [205/779] \u2713 EMESCO TASARIM MÜHEND\u0130SL\u0130K A. \u015e. | web:\u2713 | tel:\u2713 | mail:\u2713
03:27:11  INFO  [206/779] – EMERT MAK\u0130NE MADENC\u0130L\u0130K EK\u0130PMANLARI SAN. T\u0130C. LTD.\u015eT\u0130 | web:– | tel:– | mail:–
03:27:12  INFO  [207/779] \u2713 ELASTOTEC | web:\u2713 | tel:\u2713 | mail:\u2713
03:27:13  INFO  [208/779] \u2713 Energosteel Group of Companies | web:\u2713 | tel:\u2713 | mail:\u2713
03:27:14  INFO  [209/779] – ENERJ\u0130 ENDÜSTR\u0130YEL SO\u011e. VE \u0130KL. S\u0130S. SAN. T\u0130C. LTD. \u015eT\u0130. | web:– | tel:– | mail:–
03:27:15  INFO  [210/779] – ENGINEERING AND PROCESSES PERU SOCIEDAD ANONIMA CERRADA-ENPEROPERU S.A.C | web:– | tel:– | mail:–
03:27:16  INFO  [211/779] \u2713 ENTA MÜHEND\u0130SL\u0130K ARITMA TAAHHÜT SAN. VE T\u0130C. A.\u015e. | web:\u2713 | tel:\u2713 | mail:\u2713
03:27:16  INFO  [212/779] \u2713 ENV\u0130O ENDÜSTR\u0130 ENERJ\u0130 SANAY\u0130 VE T\u0130CARET ANON\u0130M \u015e\u0130RKET\u0130 | web:\u2713 | tel:\u2713 | mail:\u2713
03:27:18  INFO  [213/779] \u2713 ELKAPOL KAUÇUK POL\u0130ÜRETAN MAK. \u0130ML. \u0130TH. \u0130HR. SAN. VE T\u0130C. LTD. \u015eT\u0130. | web:\u2713 | tel:\u2713 | mail:\u2713
03:27:20  INFO  [214/779] – EQUILAB S.A. | web:– | tel:– | mail:–
03:27:21  INFO  [215/779] \u2713 ERA GROUP HAVALANDIRMA EK\u0130PMANLARI VE DI\u015e T\u0130C. A.\u015e. | web:\u2713 | tel:– | mail:–
03:27:21  INFO  [216/779] – ENVEKS TOZ KONTROL TEKNOLOJ\u0130LER\u0130 SANAY\u0130 VE T\u0130CARET ANON\u0130M \u015e\u0130RKET\u0130 | web:– | tel:– | mail:–
03:27:23  INFO  [217/779] \u2713 ENGEOTEK GEOSENTET\u0130K ÇÖZ.VE ÇEV.TEK.SAN.T\u0130C.LTD.\u015eTI. | web:\u2713 | tel:\u2713 | mail:\u2713
03:27:23  INFO  [218/779] \u2713 ERD SONDAJ MAK\u0130NALARI \u0130ML. SAN. VE T\u0130C. LTD. \u015eT\u0130. | web:\u2713 | tel:\u2713 | mail:\u2713
03:27:23  INFO  [219/779] \u2713 ERD GRUP Z\u0130NC\u0130R TEKNOLOJ\u0130LER\u0130 VE MAK\u0130NA ENDÜSTR\u0130 T\u0130C. LTD. \u015eT\u0130. | web:\u2713 | tel:\u2713 | mail:\u2713
03:27:24  INFO  [220/779] \u2713 ERMAK PROSES MAK\u0130NE ANON\u0130M \u015e\u0130RKET\u0130 | web:\u2713 | tel:\u2713 | mail:\u2713
03:27:26  INFO  Excel kaydedildi \u2192 C:\Users\Home\OneDrive\Desktop\obsidian\01-Projects\scraper\output\leads.xlsx (3 fuar sheet'i)
03:27:26  INFO  Ara kay\u0131t yap\u0131ld\u0131 (220/779)
03:27:26  INFO  [221/779] \u2713 ERDAL ÖZKAN MAK\u0130NA MÜH. GIDA \u0130N\u015e. \u0130M. \u0130HR. \u0130TH. A.\u015e. | web:\u2713 | tel:– | mail:\u2713
03:27:28  INFO  [222/779] \u2713 ERSENCER MÜH. MAK. GEM\u0130C\u0130L\u0130K \u0130N\u015e. SAN. T\u0130C. A.\u015e. | web:\u2713 | tel:– | mail:–
03:27:32  INFO  [223/779] – EXPROTEC Sp. z o.o. | web:– | tel:– | mail:–
03:27:36  INFO  [224/779] \u2713 EXCELSENSE | web:\u2713 | tel:– | mail:\u2713
03:27:40  INFO  [225/779] \u2713 Evident | web:\u2713 | tel:– | mail:\u2713
03:27:42  INFO  [226/779] \u2713 FALCON CNC MAK\u0130NALARI L\u0130M\u0130TED \u015e\u0130RKET\u0130 | web:\u2713 | tel:– | mail:–
03:27:43  INFO  [227/779] – ET\u0130 MADEN \u0130\u015eLETMELER\u0130 GENEL MÜDÜRLÜ\u011eÜ | web:– | tel:– | mail:–
03:27:44  INFO  [228/779] \u2713 FAMBITION | web:\u2713 | tel:\u2713 | mail:\u2713
03:27:48  INFO  [229/779] \u2713 ENG M\u0130NERAL SAN. VE T\u0130C. LTD. \u015eT\u0130 | web:\u2713 | tel:\u2713 | mail:\u2713
03:27:49  INFO  [230/779] \u2713 FAT\u0130H EM\u0130RDA\u011e | web:\u2713 | tel:\u2713 | mail:\u2713
03:27:51  INFO  [231/779] \u2713 ERSEL A\u011eIR MAK\u0130NA SAN VE T\u0130C A.\u015e. | web:\u2713 | tel:\u2713 | mail:\u2713
03:27:51  INFO  [232/779] \u2713 Fenner Dunlop | web:\u2713 | tel:– | mail:–
03:27:52  INFO  [233/779] \u2713 FATAB METAL A.\u015e. | web:\u2713 | tel:\u2713 | mail:\u2713
03:27:53  INFO  [234/779] \u2713 FESA TEKNOLOJ\u0130 TASARIM MÜHEND\u0130SL\u0130K VE EK\u0130PMANLARI T\u0130CARET L\u0130M\u0130TED \u015e\u0130RKET\u0130 | web:\u2713 | tel:\u2713 | mail:\u2713
03:27:53  INFO  [235/779] – Fermel Pty. Ltd. | web:– | tel:– | mail:–
03:27:54  INFO  [236/779] \u2713 FERRIT s.r.o. | web:\u2713 | tel:\u2713 | mail:–
03:27:55  INFO  [237/779] – F\u0130LTROMESH F\u0130LTRASYON TEK. TEKS. SAN. VE T\u0130C. LTD. \u015eT\u0130. | web:– | tel:– | mail:–
03:27:57  INFO  [238/779] \u2713 FERRY-CAPITAIN | web:\u2713 | tel:– | mail:\u2713
03:27:59  INFO  [239/779] \u2713 Flottweg SE | web:\u2713 | tel:\u2713 | mail:\u2713
03:28:02  INFO  [240/779] \u2713 FLEXCO Europe GmbH | web:\u2713 | tel:\u2713 | mail:–
03:28:05  INFO  Excel kaydedildi \u2192 C:\Users\Home\OneDrive\Desktop\obsidian\01-Projects\scraper\output\leads.xlsx (3 fuar sheet'i)
03:28:05  INFO  Ara kay\u0131t yap\u0131ld\u0131 (240/779)
03:28:05  INFO  [241/779] – FMT ELEKTR\u0130KL\u0130 KAMYON OTOMOT\u0130V SAN. VE T\u0130C. LTD. \u015eT\u0130. | web:– | tel:– | mail:–
03:28:05  INFO  [242/779] \u2713 FKK GÜNEY OTO LAST\u0130K TAKOZ SAN VE T\u0130C A\u015e | web:\u2713 | tel:\u2713 | mail:–
03:28:05  INFO  [243/779] – F\u0130MAKSAN GRUP SONDAJ EK\u0130PMANLARI SAN.T\u0130C.LTD.\u015eT\u0130 | web:– | tel:– | mail:–
03:28:06  INFO  [244/779] \u2713 FIORI | web:\u2713 | tel:– | mail:–
03:28:08  INFO  [245/779] \u2713 FABO MAK\u0130NA \u0130MALAT PAZ. SAN. VE T\u0130C. LTD. \u015eT\u0130. | web:\u2713 | tel:\u2713 | mail:\u2713
03:28:08  INFO  [246/779] \u2713 FRASTE | web:\u2713 | tel:\u2713 | mail:\u2713
03:28:09  INFO  [247/779] \u2713 Fourthane | web:\u2713 | tel:\u2713 | mail:\u2713
03:28:09  INFO  [248/779] – FURUKAWA ROCK DRILL CO.LTD | web:– | tel:– | mail:–
03:28:10  INFO  [249/779] \u2713 FORAMEC MAK. SAN. T\u0130C. LTD. \u015eT\u0130. | web:\u2713 | tel:\u2713 | mail:–
03:28:12  INFO  [250/779] \u2713 FTT Wolbrom S.A. | web:\u2713 | tel:\u2713 | mail:\u2713
03:28:13  INFO  [251/779] – GAI-TRONICS | web:– | tel:– | mail:–
03:28:16  INFO  [252/779] \u2713 FYDR MADEN MAK\u0130NE SANAY\u0130 VE T\u0130CARET L\u0130M\u0130TED \u015e\u0130RKET\u0130 | web:\u2713 | tel:\u2713 | mail:\u2713
03:28:17  INFO  [253/779] \u2713 GATES CORPORATION | web:\u2713 | tel:– | mail:\u2713
03:28:18  INFO  [254/779] \u2713 Garlock GmbH | web:\u2713 | tel:– | mail:–
03:28:18  INFO  [255/779] \u2713 Gambarotta Gschwendt | web:\u2713 | tel:\u2713 | mail:\u2713
03:28:19  INFO  [256/779] \u2713 Gekko Systems | web:\u2713 | tel:– | mail:–
03:28:20  INFO  [257/779] – Gekkon UA | web:– | tel:– | mail:–
03:28:22  INFO  [258/779] – GENERAL TA\u015e KIRMA MAK\u0130NALARI SANAY\u0130 VE T\u0130CARET ANON\u0130M \u015e\u0130RKET\u0130 | web:– | tel:– | mail:–
03:28:23  INFO  [259/779] – GEOBUR SONDAJ MAK\u0130NE MÜHEND\u0130SL\u0130K VE \u0130N\u015eAAT ENDÜSTR\u0130S\u0130 EK\u0130PMANLARI L\u0130M\u0130TED \u015e\u0130RKET\u0130 | web:– | tel:– | mail:–
03:28:23  INFO  [260/779] – GEO SONDAJ MAK\u0130NE \u0130MALAT LTD. \u015eT\u0130. | web:– | tel:– | mail:–
03:28:27  INFO  Excel kaydedildi \u2192 C:\Users\Home\OneDrive\Desktop\obsidian\01-Projects\scraper\output\leads.xlsx (3 fuar sheet'i)
03:28:27  INFO  Ara kay\u0131t yap\u0131ld\u0131 (260/779)
03:28:27  INFO  [261/779] – G.N.R. S.r.l. | web:– | tel:– | mail:–
03:28:27  INFO  [262/779] \u2713 GEOMEBRAN YAPI YALITIM L\u0130M\u0130TED \u015e\u0130RKET\u0130 | web:\u2713 | tel:\u2713 | mail:\u2713
03:28:28  INFO  [263/779] \u2713 Global Met Tech | web:\u2713 | tel:\u2713 | mail:\u2713
03:28:30  INFO  [264/779] \u2713 GEOTRA MAK\u0130NE L\u0130M\u0130TED \u015e\u0130RKET\u0130 | web:\u2713 | tel:\u2713 | mail:\u2713
03:28:30  INFO  [265/779] \u2713 GA\u0130A JEOLOG JEOLOJ\u0130 MADEN ENERJ\u0130 DANI\u015eMANLIK LTD. \u015eT\u0130. | web:\u2713 | tel:\u2713 | mail:\u2713
03:28:31  INFO  [266/779] – GÖKI\u015eIK MAK\u0130NA VE HIR. SAN. T\u0130C. LTD. \u015eT\u0130. | web:– | tel:– | mail:–
03:28:32  INFO  [267/779] \u2713 GN Separation | web:\u2713 | tel:– | mail:–
03:28:32  INFO  [268/779] – GEOSURVEY GEOMEMBRAN BÜTÜNLÜK TEST\u0130 SÜPERV\u0130ZYON VE KONTROL SAN. T\u0130C. LTD. \u015eT\u0130. | web:– | tel:– | mail:–
03:28:33  INFO  [269/779] – GÖKSAN POMPA SANAY\u0130 VE T\u0130C. A.\u015e. | web:– | tel:– | mail:–
03:28:33  INFO  [270/779] – GÖKTAY ELEK MAK\u0130NA METAL MÜHEND\u0130SL\u0130K MÜ\u015eAV\u0130RL\u0130K \u0130N\u015eAAT \u0130MALAT SANAY\u0130 VE T\u0130CARET L\u0130M\u0130TED \u015e\u0130RKET\u0130 | web:– | tel:– | mail:–
03:28:34  INFO  [271/779] – Göllner Maschinenbau GmbH | web:– | tel:– | mail:–
03:28:38  INFO  [272/779] \u2713 GRESAN YA\u011e VE MAK. SAN. VE T\u0130C. A.\u015e. | web:\u2713 | tel:\u2713 | mail:\u2713
03:28:40  INFO  [273/779] – GROENEVELD-BEKA | web:– | tel:– | mail:–
03:28:41  INFO  [274/779] \u2713 GRACO | web:\u2713 | tel:\u2713 | mail:–
03:28:42  INFO  [275/779] \u2713 GEOHAMMER ARGE MAK\u0130NA VE ENERJ\u0130 \u0130N\u015eAAT SANAY\u0130 T\u0130CARET L\u0130M\u0130TED \u015e\u0130RKET\u0130 | web:\u2713 | tel:\u2713 | mail:\u2713
03:28:43  INFO  [276/779] – GÜCÜM POMPA VE MAK. SAN.VE T\u0130C.A.\u015e. | web:– | tel:– | mail:–
03:28:43  INFO  [277/779] – GÜMÜ\u015eEL ENDÜSTR\u0130 A.\u015e. | web:– | tel:– | mail:–
03:28:45  INFO  [278/779] – GÜR-SAN \u0130N\u015e. MAK. SAN. LTD. \u015eT\u0130. | web:– | tel:– | mail:–
03:28:45  INFO  [279/779] – GONGYI XINQI POLYMER CO.,LTD. | web:– | tel:– | mail:–
03:28:48  INFO  [280/779] \u2713 GÜR\u0130\u015e \u0130\u015e MAK\u0130NALARI END. A.\u015e. | web:\u2713 | tel:\u2713 | mail:\u2713
03:28:50  INFO  Excel kaydedildi \u2192 C:\Users\Home\OneDrive\Desktop\obsidian\01-Projects\scraper\output\leads.xlsx (3 fuar sheet'i)
03:28:50  INFO  Ara kay\u0131t yap\u0131ld\u0131 (280/779)
03:28:50  INFO  [281/779] \u2713 Halbach & Braun | web:\u2713 | tel:– | mail:–
03:28:52  INFO  [282/779] – Halco | web:– | tel:– | mail:–
03:28:53  INFO  [283/779] \u2713 HAIMINGRUN CO., LTD. | web:\u2713 | tel:\u2713 | mail:\u2713
03:28:54  INFO  [284/779] – HANGZHOU OZZY IMPORT EXPORT CO LTD | web:– | tel:– | mail:–
03:28:54  INFO  [285/779] \u2713 GONAR | web:\u2713 | tel:– | mail:–
03:28:56  INFO  [286/779] – GÜVEN ÇEL\u0130K HALAT \u0130N\u015e. ASAN. MAK. OTOM. SAN. T\u0130C. LTD. \u015eT\u0130. | web:– | tel:– | mail:–
03:28:59  INFO  [287/779] – HANSA-FLEX H\u0130DROL\u0130K SANAY\u0130 VE T\u0130CARET LTD. ST\u0130. | web:– | tel:– | mail:–
03:28:59  INFO  [288/779] \u2713 HANSY MINING CO., LTD | web:\u2713 | tel:– | mail:–
03:29:02  INFO  [289/779] \u2713 Hansen Electric, spol. s.r.o. | web:\u2713 | tel:– | mail:\u2713
03:29:03  INFO  [290/779] \u2713 HANY AG | web:\u2713 | tel:– | mail:–
03:29:06  INFO  [291/779] \u2713 HAVER & BOECKER NIAGARA | web:\u2713 | tel:\u2713 | mail:\u2713
03:29:07  INFO  [292/779] \u2713 HAUHINCO | web:\u2713 | tel:\u2713 | mail:\u2713
03:29:07  INFO  [293/779] \u2713 HAVER & BOECKER OHG | web:\u2713 | tel:\u2713 | mail:\u2713
03:29:10  INFO  [294/779] – HEAVERS MACHINERY EQUIPMEN | web:– | tel:– | mail:–
03:29:11  INFO  [295/779] – HEBEI ROULE MECHANICAL TECHNOLOGY CO., LTD | web:– | tel:– | mail:–
03:29:13  INFO  [296/779] – HEBEI SHUANGCHENG ENVIRONMENTAL PROTECTION EQUIPMENT CO.,LTD | web:– | tel:– | mail:–
03:29:13  INFO  [297/779] \u2713 HD EXPO SERV\u0130CE TOUR\u0130ST (HK) LIMITED | web:\u2713 | tel:\u2713 | mail:\u2713
03:29:14  INFO  [298/779] – Hebei TIIEC Machinery Co.,Ltd | web:– | tel:– | mail:–
03:29:16  INFO  [299/779] – HEBEI XIAOJIN MACHINERY MANUFACTURING INC. | web:– | tel:– | mail:–
03:29:17  INFO  [300/779] – HBT GmBH | web:– | tel:– | mail:–
03:29:19  INFO  Excel kaydedildi \u2192 C:\Users\Home\OneDrive\Desktop\obsidian\01-Projects\scraper\output\leads.xlsx (3 fuar sheet'i)
03:29:19  INFO  Ara kay\u0131t yap\u0131ld\u0131 (300/779)
03:29:20  INFO  [301/779] – HENAN DAZHANG FILTER EQUIPMENT | web:– | tel:– | mail:–
03:29:20  INFO  [302/779] \u2713 GRINDBALLS B\u0130LYA ÇEL\u0130K SAN. VE T\u0130C. A.\u015e. | web:\u2713 | tel:\u2713 | mail:\u2713
03:29:22  INFO  [303/779] \u2713 HEM TECH MÜHEND\u0130SL\u0130K SANAY\u0130 VE T\u0130CARET L\u0130M\u0130TED \u015e\u0130RKET\u0130 | web:\u2713 | tel:\u2713 | mail:\u2713
03:29:23  INFO  [304/779] \u2713 HEBON\u0130 LUBE | web:\u2713 | tel:\u2713 | mail:\u2713
03:29:24  INFO  [305/779] – HENAN QINGDING MINING EQUIPMENT CO., LTD. | web:– | tel:– | mail:–
03:29:26  INFO  [306/779] – HENAN HONGXING MINING MACHINERY CO.,LTD | web:– | tel:– | mail:–
03:29:26  INFO  [307/779] – HENAN SHOWIN HYDRAULIC TECHNOLOGY CO., LTD. | web:– | tel:– | mail:–
03:29:28  INFO  [308/779] – HENAN SHUNZHI MACHINERY CO.,LTD. | web:– | tel:– | mail:–
03:29:28  INFO  [309/779] \u2713 HENAN HONGJI MINE MACHINERY CO.,LTD | web:\u2713 | tel:– | mail:\u2713
03:29:29  INFO  [310/779] – HENAN ZHONGYUAN HEAVY FORGING CO.,LTD | web:– | tel:– | mail:–
03:29:29  INFO  [311/779] – HENAN YAXING PRECISION FORGING CO., LTD | web:– | tel:– | mail:–
03:29:31  INFO  [312/779] – HENGDATONG(FUJIAN) CASTING AND FORGING DEVELOPMENT CO.,LTD | web:– | tel:– | mail:–
03:29:31  INFO  [313/779] – HENAN GENGLI MACHINERY CO., LTD. | web:– | tel:– | mail:–
03:29:32  INFO  [314/779] \u2713 HERD\u0130NG ENDÜSTR\u0130 F\u0130LTRELER\u0130 T\u0130C. LTD. \u015eT\u0130. | web:\u2713 | tel:\u2713 | mail:\u2713
03:29:34  INFO  [315/779] \u2713 Herding Gmbh Filtertechnik | web:\u2713 | tel:\u2713 | mail:\u2713
03:29:35  INFO  [316/779] \u2713 H\u0130DROPAR ANKARA H\u0130DROL\u0130K PNÖMAT\u0130K SAN. VE T\u0130C. A\u015e. | web:\u2713 | tel:\u2713 | mail:\u2713
03:29:35  INFO  [317/779] \u2713 Hengst Filtration GmbH - Werk Ketsch | web:\u2713 | tel:\u2713 | mail:–
03:29:35  INFO  [318/779] \u2713 HENNLICH s.r.o. | web:\u2713 | tel:\u2713 | mail:\u2713
03:29:37  INFO  [319/779] \u2713 Hope International | web:\u2713 | tel:\u2713 | mail:\u2713
03:29:39  INFO  [320/779] \u2713 H\u0130DROS\u0130L H\u0130DROL\u0130K S\u0130L\u0130ND\u0130R MAK\u0130NA \u0130N\u015eAAT MADENC\u0130L\u0130K \u0130THALAT \u0130HRACAT SAN. VE T\u0130C.LTD.\u015eT\u0130. | web:\u2713 | tel:\u2713 | mail:\u2713
03:29:41  INFO  Excel kaydedildi \u2192 C:\Users\Home\OneDrive\Desktop\obsidian\01-Projects\scraper\output\leads.xlsx (3 fuar sheet'i)
03:29:41  INFO  Ara kay\u0131t yap\u0131ld\u0131 (320/779)
03:29:41  INFO  [321/779] – HUBEI TEWEITE POWER TECHNOLOGY CO. LTD | web:– | tel:– | mail:–
03:29:44  INFO  [322/779] – HUMBERT & POL Conveying Systems | web:– | tel:– | mail:–
03:29:44  INFO  [323/779] \u2713 H\u0130RA CERAMICS | web:\u2713 | tel:\u2713 | mail:\u2713
03:29:44  INFO  [324/779] – H\u0130DROGRES YA\u011e VE PNÖMAT\u0130K S\u0130STEMLER SAN.T\u0130C.LTD.\u015eT\u0130. | web:– | tel:– | mail:–
03:29:44  INFO  [325/779] – HUNAN DURPOTEN MACHINERY EQUIPMENTS CO., LTD. | web:– | tel:– | mail:–
03:29:47  INFO  [326/779] – Hunan Yanhua Engineering Technology Co., Ltd. | web:– | tel:– | mail:–
03:29:47  INFO  [327/779] – HÜR F\u0130LTRE VE YEDEK PARÇA SAN.LTD.\u015eT\u0130. | web:– | tel:– | mail:–
03:29:47  INFO  [328/779] – HOSCH | web:– | tel:– | mail:–
03:29:48  INFO  [329/779] – HYDRO-REM (SEMI MECHANIZED ROOF SUPPORT SYSTEMS & HYDRAULIC PROPS) | web:– | tel:– | mail:–
03:29:50  INFO  [330/779] \u2713 HYDROSCAND MACHINE AB | web:\u2713 | tel:\u2713 | mail:\u2713
03:29:51  INFO  [331/779] – HYDROTECH (MECHANIZED ROOF SUPPORT SYSTEMS & MULTIPURPOSE MACHINES & PERSONNEL TRANSPORT VEHICLES) | web:– | tel:– | mail:–
03:29:54  INFO  [332/779] \u2713 HySpex | web:\u2713 | tel:\u2713 | mail:–
03:29:54  INFO  [333/779] \u2713 ICL AMERICA | web:\u2713 | tel:– | mail:–
03:30:02  INFO  [334/779] \u2713 \u0130DEAL MAK\u0130NA END. ÜRÜN. SAN. VE T\u0130C. A.\u015e. | web:\u2713 | tel:\u2713 | mail:–
03:30:03  INFO  [335/779] – \u0130BRAH\u0130M CAN ATAK \u0130N\u015eAAT TAAHHÜT MADENC\u0130L\u0130K TUR\u0130ZM NAKL\u0130YAT SANAY\u0130 VE T\u0130CARET L\u0130M\u0130TED \u015e\u0130RKET\u0130 | web:– | tel:– | mail:–
03:30:07  INFO  [336/779] \u2713 \u0130LBE M\u0130NERAL PETROL ÜR. SAN. T\u0130C. LTD. \u015eT\u0130. | web:\u2713 | tel:\u2713 | mail:–
03:30:08  INFO  [337/779] \u2713 \u0130K\u0130LER OTOMOT\u0130V F\u0130LTRE \u0130HT \u0130HR SAN VE T\u0130C A\u015e | web:\u2713 | tel:– | mail:–
03:30:08  INFO  [338/779] \u2713 IDS GEORADAR | web:\u2713 | tel:\u2713 | mail:–
03:30:11  INFO  [339/779] \u2713 \u0130LKA KA\u011eIT AMBALAJ SAN. VE T\u0130C. A.\u015e. | web:\u2713 | tel:– | mail:–
03:30:12  INFO  [340/779] \u2713 \u0130LKERLER ENDÜSTR\u0130 SATI\u015e VE PAZARLAMA A.\u015e. | web:\u2713 | tel:– | mail:–
03:30:14  INFO  Excel kaydedildi \u2192 C:\Users\Home\OneDrive\Desktop\obsidian\01-Projects\scraper\output\leads.xlsx (3 fuar sheet'i)
03:30:14  INFO  Ara kay\u0131t yap\u0131ld\u0131 (340/779)
03:30:14  INFO  [341/779] \u2713 \u0130LKER ENERJ\u0130 T\u0130CARET LTD. \u015eT\u0130. | web:\u2713 | tel:\u2713 | mail:\u2713
03:30:14  INFO  [342/779] \u2713 HATTON MÜHEND\u0130SL\u0130K MADENC\u0130L\u0130K LTD.\u015eT\u0130 | web:\u2713 | tel:– | mail:\u2713
03:30:16  INFO  [343/779] \u2713 IMA Engineering | web:\u2713 | tel:\u2713 | mail:\u2713
03:30:17  INFO  [344/779] \u2713 \u0130MPO MOTOR POMPA SAN. VE T\u0130C. A.\u015e. | web:\u2713 | tel:\u2713 | mail:\u2713
03:30:17  INFO  [345/779] – \u0130MAK REDÜKTÖR VAR\u0130YATÖR SAN VE T\u0130C A\u015e | web:– | tel:– | mail:–
03:30:17  INFO  [346/779] \u2713 \u0130NAN MAK\u0130NA SANAY\u0130 VE T\u0130CARET A\u015e | web:\u2713 | tel:\u2713 | mail:\u2713
03:30:20  INFO  [347/779] \u2713 Intron | web:\u2713 | tel:\u2713 | mail:\u2713
03:30:20  INFO  [348/779] – INNOMOTICS MOTORLAR VE YÜKSEK GÜÇLÜ SÜRÜCÜLER ANON\u0130M \u015e\u0130RKET\u0130 | web:– | tel:– | mail:–
03:30:23  INFO  [349/779] \u2713 \u0130NMAR ULUSLARARASI PAZARLAMA MADENC\u0130L\u0130K LTD.\u015eT\u0130. | web:\u2713 | tel:– | mail:\u2713
03:30:24  INFO  [350/779] – IRON DUST MÜH.MAK.SAN VE T\u0130C.LTD.\u015eT\u0130 | web:– | tel:– | mail:–
03:30:25  INFO  [351/779] – ISHIGAKI EURASIA F\u0130LTRASYON TEKNOLOJ\u0130LER\u0130 A.\u015e. | web:– | tel:– | mail:–
03:30:26  INFO  [352/779] – \u0130STANBUL MADEN \u0130HRACATÇILI\u011eI B\u0130RL\u0130\u011e\u0130 | web:– | tel:– | mail:–
03:30:27  INFO  [353/779] \u2713 \u0130STANBUL TEKN\u0130K ÜN\u0130VERS\u0130TES\u0130 MADEN FAKÜLTES\u0130 | web:\u2713 | tel:\u2713 | mail:\u2713
03:30:29  INFO  [354/779] – \u0130STANBUL UN\u0130VERS\u0130TES\u0130 CERRAHPA\u015eA - JEOF\u0130Z\u0130K | web:– | tel:– | mail:–
03:30:31  INFO  [355/779] – \u0130STANBUL ÜNV. CERRAHPA\u015eA JEOLOJ\u0130 MÜH. BÖLÜMÜ | web:– | tel:– | mail:–
03:30:31  INFO  [356/779] – \u0130STANBUL ÜNV. CERRAHPA\u015eA MADEN MÜH. BÖLÜMÜ | web:– | tel:– | mail:–
03:30:35  INFO  [357/779] – IWT - Innovative Wireless Technologies, Inc. | web:– | tel:– | mail:–
03:30:37  INFO  [358/779] \u2713 ITALTRACTOR ITM S.P.A. | web:\u2713 | tel:\u2713 | mail:–
03:30:39  INFO  [359/779] – J.D. Theile GmbH & Co., KG | web:– | tel:– | mail:–
03:30:40  INFO  [360/779] \u2713 \u0130YME \u0130N\u015e. YALITIM MÜH. DAN. SAN. VE T\u0130C. LTD. \u015eT\u0130. | web:\u2713 | tel:– | mail:\u2713
03:30:42  INFO  Excel kaydedildi \u2192 C:\Users\Home\OneDrive\Desktop\obsidian\01-Projects\scraper\output\leads.xlsx (3 fuar sheet'i)
03:30:42  INFO  Ara kay\u0131t yap\u0131ld\u0131 (360/779)
03:30:47  INFO  [361/779] \u2713 JEMAS MÜHEND\u0130SL\u0130K TAAHHÜT SAN. VE T\u0130C. LTD. \u015eT\u0130. | web:\u2713 | tel:\u2713 | mail:\u2713
03:30:49  INFO  [362/779] \u2713 JEOGES MAK\u0130NA VE SONDAJ EK\u0130P. SAN. T\u0130C. LTD. \u015eT\u0130. | web:\u2713 | tel:\u2713 | mail:\u2713
03:30:52  INFO  [363/779] \u2713 Jemco Sdn Bhd | web:\u2713 | tel:– | mail:–
03:31:01  INFO  [364/779] – JIANGSU JASUNG INTELLIGENT INDUSTRIAL TECHNOLOGY CO.,LTD. | web:– | tel:– | mail:–
03:31:03  INFO  [365/779] \u2713 Ingersoll-Rand | web:\u2713 | tel:– | mail:–
03:31:03  INFO  [366/779] – JIANGSU SAILONG ENERGY SAVING TECHNOLOGY ENGINEERING CO., LTD. | web:– | tel:– | mail:–
03:31:05  INFO  [367/779] – JIANGSU YALI EXPLOSIONPROOF MOTOR CO.,LTD. | web:– | tel:– | mail:–
03:31:07  INFO  [368/779] – Jiangxi Keniu Machinery Equipment Co., Ltd | web:– | tel:– | mail:–
03:31:07  INFO  [369/779] – JIANGXI SITON MACHINERY MANUFACTURING CO.,LTD | web:– | tel:– | mail:–
03:31:08  INFO  [370/779] – JINAN DENING RUIYUAN TRUCK SPARE PARTS CAPITAL WAREHOUSE INDUSTRY CO.,LTD | web:– | tel:– | mail:–
03:31:11  INFO  [371/779] \u2713 HYUNDAI EVERDIGM | web:\u2713 | tel:– | mail:–
03:31:12  INFO  [372/779] \u2713 HYUNDAI EVERDIGM Corp. | web:\u2713 | tel:– | mail:–
03:31:13  INFO  [373/779] – JVK FILTRATION SYSTEMS GMBH | web:– | tel:– | mail:–
03:31:14  INFO  [374/779] \u2713 JINSHI SONDAJ EK\u0130PMANLARI L\u0130M\u0130TED \u015e\u0130RKET\u0130 | web:\u2713 | tel:– | mail:–
03:31:15  INFO  [375/779] – KAHVEC\u0130O\u011eLU PLAST\u0130K SAN. VE \u0130TH. \u0130HR. PAZ. LTD. \u015eT\u0130. | web:– | tel:– | mail:–
03:31:18  INFO  [376/779] \u2713 KAMY CHINA ELECTROMECHANICAL CO.,LTD | web:\u2713 | tel:\u2713 | mail:–
03:31:18  INFO  [377/779] \u2713 KAPEKS K\u0130MYA SANAY\u0130 A.\u015e. | web:\u2713 | tel:\u2713 | mail:\u2713
03:31:19  INFO  [378/779] \u2713 JIE | web:\u2713 | tel:\u2713 | mail:–
03:31:20  INFO  [379/779] – KARADEN\u0130Z TEKN\u0130K ÜN\u0130VERS\u0130TES\u0130 MÜH. FAKÜLT. MADEN MÜH. BÖL. BA\u015eK. | web:– | tel:– | mail:–
03:31:21  INFO  [380/779] – KARER KARADAVUT ERDEM MAK\u0130NA ENERJ\u0130 SANAY\u0130 VE T\u0130CARET L\u0130M\u0130TED \u015e\u0130RKET\u0130 | web:– | tel:– | mail:–
03:31:23  INFO  Excel kaydedildi \u2192 C:\Users\Home\OneDrive\Desktop\obsidian\01-Projects\scraper\output\leads.xlsx (3 fuar sheet'i)
03:31:23  INFO  Ara kay\u0131t yap\u0131ld\u0131 (380/779)
03:31:23  INFO  [381/779] \u2713 K PROSES TEKNOLOJ\u0130 ENDÜSTR\u0130 ÜRÜNLER\u0130 VE ENERJ\u0130 SAN.T\u0130C.LTD.\u015eT\u0130 | web:\u2713 | tel:\u2713 | mail:\u2713
03:31:24  INFO  [382/779] \u2713 KASTA\u015e SIZDIRMAZLIK TEKNOLOJ\u0130LER\u0130 SAN VE T\u0130C A\u015e | web:\u2713 | tel:– | mail:–
03:31:24  INFO  [383/779] \u2713 KBT ELEKTR\u0130K MALZEMELER\u0130 SANAY\u0130 VE T\u0130CARET A.\u015e. | web:\u2713 | tel:– | mail:\u2713
03:31:25  INFO  [384/779] \u2713 KET-MAK MAK\u0130NE VE TES\u0130S \u0130MALAT SAN.T\u0130C.A.\u015e. | web:\u2713 | tel:\u2713 | mail:\u2713
03:31:27  INFO  [385/779] – KIRLIO\u011eLU K\u0130MYA SANAY\u0130 VE T\u0130CARET A.\u015e. | web:– | tel:– | mail:–
03:31:28  INFO  [386/779] – KIRTA\u015e KONVEYÖR KAUÇUK MAK.\u0130N\u015e.TAH.\u0130HR.\u0130TH.SAN. VE T\u0130C.LTD.\u015eT\u0130. | web:– | tel:– | mail:–
03:31:30  INFO  [387/779] \u2713 KGHM ZANAM | web:\u2713 | tel:– | mail:–
03:31:32  INFO  [388/779] – KISHORE VADIAL PRIVATE LIMITED | web:– | tel:– | mail:–
03:31:34  INFO  [389/779] \u2713 KOBASTAR ELEKTRON\u0130K SAN. T\u0130C. LTD. \u015eT\u0130. | web:\u2713 | tel:\u2713 | mail:\u2713
03:31:35  INFO  [390/779] – KOLPA\u015e \u0130THALAT \u0130HRACAT VE T\u0130CARET A.\u015e. | web:– | tel:– | mail:–
03:31:36  INFO  [391/779] \u2713 Jingjin Equipment Inc | web:\u2713 | tel:\u2713 | mail:\u2713
03:31:37  INFO  [392/779] – Köppern GmbH & Co. | web:– | tel:– | mail:–
03:31:38  INFO  [393/779] \u2713 KAYA N\u0130TRO MADENC\u0130L\u0130K SAN. VE T\u0130C. LTD. \u015eT\u0130. | web:\u2713 | tel:\u2713 | mail:\u2713
03:31:39  INFO  [394/779] \u2713 Klaus Union GmbH & Co., KG | web:\u2713 | tel:\u2713 | mail:–
03:31:39  INFO  [395/779] \u2713 KAYEN MADEN A.\u015e. | web:\u2713 | tel:\u2713 | mail:\u2713
03:31:40  INFO  [396/779] \u2713 KOR MAK\u0130NA SAN. VE T\u0130C. LTD. \u015eT\u0130. | web:\u2713 | tel:– | mail:–
03:31:41  INFO  [397/779] – KRUMMENAUER Anlagenbau GmbH (Shearer Drums & RH Heads Design and Production) | web:– | tel:– | mail:–
03:31:41  INFO  [398/779] \u2713 KOVATERA | web:\u2713 | tel:\u2713 | mail:\u2713
03:31:43  INFO  [399/779] \u2713 LABR\u0130S MADEN VE MAK\u0130NA SAN. A.\u015e. | web:\u2713 | tel:\u2713 | mail:\u2713
03:31:44  INFO  [400/779] \u2713 KUVARS PLUS MAK\u0130NA A\u015e | web:\u2713 | tel:– | mail:–
03:31:46  INFO  Excel kaydedildi \u2192 C:\Users\Home\OneDrive\Desktop\obsidian\01-Projects\scraper\output\leads.xlsx (3 fuar sheet'i)
03:31:46  INFO  Ara kay\u0131t yap\u0131ld\u0131 (400/779)
03:31:46  INFO  [401/779] \u2713 KÖRFEZ DÖKÜM SAN. VE T\u0130C. A.\u015e. | web:\u2713 | tel:– | mail:–
03:31:46  INFO  [402/779] \u2713 KSB SE & Co. KGaA | web:\u2713 | tel:\u2713 | mail:\u2713
03:31:48  INFO  [403/779] \u2713 Lewa | web:\u2713 | tel:\u2713 | mail:\u2713
03:31:50  INFO  [404/779] \u2713 KSL TEKN\u0130K OTOMASYON MAK. MÜH. \u0130Ç VE DI\u015e T\u0130C. LTD. \u015eT\u0130. | web:\u2713 | tel:\u2713 | mail:\u2713
03:31:52  INFO  [405/779] \u2713 LANDSKY | web:\u2713 | tel:\u2713 | mail:\u2713
03:31:53  INFO  [406/779] – LHS ROCK DRILLING TOOLS(LIAONING) MACHINERY EQUIPMENT SALES CO.,LTD. | web:– | tel:– | mail:–
03:31:54  INFO  [407/779] \u2713 LADARTEK | web:\u2713 | tel:\u2713 | mail:–
03:31:55  INFO  [408/779] \u2713 LINEMEDIA B\u0130L\u0130\u015e\u0130M LTD. \u015eT\u0130. | web:\u2713 | tel:\u2713 | mail:\u2713
03:31:56  INFO  [409/779] \u2713 KUZEY OTOMOT\u0130V SANAY\u0130 VE T\u0130CARET LTD. \u015eT\u0130 - GREEN FILTER | web:\u2713 | tel:\u2713 | mail:–
03:31:58  INFO  [410/779] \u2713 LLC PO SPBelt | web:\u2713 | tel:– | mail:–
03:31:59  INFO  [411/779] – L\u0130YA LABORATUVAR TEST C\u0130HAZLARI \u0130ML. VE DI\u015e T\u0130C.  A.\u015e. | web:– | tel:– | mail:–
03:32:00  INFO  [412/779] \u2713 LONGI MAGNET CO., LTD. | web:\u2713 | tel:\u2713 | mail:–
03:32:03  INFO  [413/779] – LINCOLN | web:– | tel:– | mail:–
03:32:03  INFO  [414/779] – LUCE HALKLA \u0130L\u0130\u015eK\u0130LER \u0130LET\u0130\u015e\u0130M TANITIM VE ORG. LTD. \u015eT\u0130 | web:– | tel:– | mail:–
03:32:03  INFO  [415/779] \u2713 Liugong | web:\u2713 | tel:\u2713 | mail:–
03:32:04  INFO  [416/779] \u2713 Lorger S.R.L | web:\u2713 | tel:– | mail:–
03:32:08  INFO  [417/779] \u2713 LATTY INTERNATIONAL | web:\u2713 | tel:\u2713 | mail:–
03:32:08  INFO  [418/779] \u2713 Lyncis, UAB | web:\u2713 | tel:– | mail:–
03:32:12  INFO  [419/779] \u2713 Lutz | web:\u2713 | tel:\u2713 | mail:–
03:32:13  INFO  [420/779] \u2713 MADEN JEOLOGLARI DERNE\u011e\u0130 | web:\u2713 | tel:– | mail:–
03:32:15  INFO  Excel kaydedildi \u2192 C:\Users\Home\OneDrive\Desktop\obsidian\01-Projects\scraper\output\leads.xlsx (3 fuar sheet'i)
03:32:15  INFO  Ara kay\u0131t yap\u0131ld\u0131 (420/779)
03:32:15  INFO  [421/779] – LUOYANG LONGZHONG HEAVY MACHINERY CO., LTD. - LZZG MACHINE | web:– | tel:– | mail:–
03:32:16  INFO  [422/779] – LUOYANG SHANDIKE MECHANICAL EQUIPMENT CO.,LTD | web:– | tel:– | mail:–
03:32:16  INFO  [423/779] – LUOYANG ZHONGDE HEAVY INDUSTRIES CO., LTD | web:– | tel:– | mail:–
03:32:17  INFO  [424/779] – MADEN VE YERB\u0130L\u0130MLER\u0130 PROEFSYONELLER\u0130 MESLEK\u0130 GEL\u0130\u015e\u0130M DERNE\u011e\u0130 \u0130KT\u0130SAD\u0130 \u0130\u015eLETMES\u0130 | web:– | tel:– | mail:–
03:32:18  INFO  [425/779] – MAJORWIRE | web:– | tel:– | mail:–
03:32:20  INFO  [426/779] – MAK-\u0130\u015e YEDEK PARÇA MAK\u0130NA SANAY\u0130 T\u0130CARET L\u0130M\u0130TED \u015e\u0130RKET\u0130 | web:– | tel:– | mail:–
03:32:21  INFO  [427/779] \u2713 Maelgwyn Mineral Services | web:\u2713 | tel:\u2713 | mail:\u2713
03:32:27  INFO  [428/779] – MADENC\u0130L\u0130K SEKTÖRÜNDE KADINLAR DERNE\u011e\u0130 | web:– | tel:– | mail:–
03:32:29  INFO  [429/779] \u2713 Maptek | web:\u2713 | tel:– | mail:–
03:32:30  INFO  [430/779] \u2713 MAP\u0130 MADENC\u0130L\u0130K SAN VE T\u0130C LTD \u015eT\u0130 | web:\u2713 | tel:– | mail:–
03:32:34  INFO  [431/779] – MARMARA B\u0130LG\u0130 TEKNOLOJ\u0130LER\u0130 VE MÜZ\u0130K YAPIM A.\u015e. | web:– | tel:– | mail:–
03:32:34  INFO  [432/779] \u2713 Mammoth Technologies(PTY) Ltd | web:\u2713 | tel:– | mail:\u2713
03:32:35  INFO  [433/779] \u2713 Magotteaux International S.A. | web:\u2713 | tel:– | mail:\u2713
03:32:39  INFO  [434/779] – MATEC ARITMA S\u0130STEMLER\u0130 MAK\u0130NA SAN. T\u0130C. LTD. \u015eT\u0130. | web:– | tel:– | mail:–
03:32:39  INFO  [435/779] \u2713 MARTIN ENGINEERING MAK\u0130NA SAN. VE T\u0130C. LTD. \u015eT\u0130. | web:\u2713 | tel:\u2713 | mail:–
03:32:40  INFO  [436/779] \u2713 MAAG Gear S.p.A. | web:\u2713 | tel:– | mail:–
03:32:43  INFO  [437/779] \u2713 MANN+HUMMEL F\u0130LTRE SAN ve T\u0130C LTD \u015eT\u0130 | web:\u2713 | tel:\u2713 | mail:–
03:32:43  INFO  [438/779] – MAYEB BASIN YAY.\u0130NS.KAY. E\u011eT. DAN. \u0130NCELEME ARA\u015e. PAZ. \u0130HT. \u0130HR. SAN.T\u0130C.LTD.\u015eT\u0130. | web:– | tel:– | mail:–
03:32:44  INFO  [439/779] \u2713 MAV\u0130 KUMLAMA MAK\u0130NALARI SAN T\u0130C A.\u015e | web:\u2713 | tel:\u2713 | mail:\u2713
03:32:44  INFO  [440/779] \u2713 MATEC INDUSTRIES SRL | web:\u2713 | tel:– | mail:–
03:32:46  INFO  Excel kaydedildi \u2192 C:\Users\Home\OneDrive\Desktop\obsidian\01-Projects\scraper\output\leads.xlsx (3 fuar sheet'i)
03:32:46  INFO  Ara kay\u0131t yap\u0131ld\u0131 (440/779)
03:32:46  INFO  [441/779] \u2713 MDR | web:\u2713 | tel:\u2713 | mail:\u2713
03:32:47  INFO  [442/779] \u2713 MEGATECH ENDÜSTR\u0130YEL MAK\u0130NA SANAY\u0130 DI\u015e T\u0130CARET L\u0130M\u0130TED \u015e\u0130RKET\u0130 | web:\u2713 | tel:– | mail:\u2713
03:32:48  INFO  [443/779] \u2713 MATO GmbH & Co., KG | web:\u2713 | tel:\u2713 | mail:–
03:32:49  INFO  [444/779] – MEKATRON\u0130K MÜHEND\u0130SLER\u0130 DERNE\u011e\u0130 \u0130STANBUL \u015eUBES\u0130 | web:– | tel:– | mail:–
03:32:52  INFO  [445/779] \u2713 MERLO | web:\u2713 | tel:\u2713 | mail:–
03:32:53  INFO  [446/779] \u2713 MEKTANK MEKAN\u0130K S\u0130STEMLER SAN. VE T\u0130C. LTD. \u015eT\u0130. | web:\u2713 | tel:\u2713 | mail:\u2713
03:32:53  INFO  [447/779] \u2713 MEKA \u0130TH.\u0130HR.PAZ.VE T\u0130C.A.\u015e. | web:\u2713 | tel:\u2713 | mail:\u2713
03:32:54  INFO  [448/779] \u2713 MESKO MAK\u0130NE MÜHEND\u0130SL\u0130K SAN. VE T\u0130C. LTD. \u015eT\u0130. | web:\u2713 | tel:\u2713 | mail:\u2713
03:32:55  INFO  [449/779] \u2713 MEL\u0130K ÇAKIR D\u0130\u015eL\u0130 L\u0130M\u0130TED \u015e\u0130RKET\u0130 | web:\u2713 | tel:\u2713 | mail:–
03:32:56  INFO  [450/779] \u2713 METAL FORM END. VE T\u0130C. LTD. \u015eT\u0130. | web:\u2713 | tel:\u2713 | mail:–
03:32:56  INFO  [451/779] \u2713 METEK MADENC\u0130L\u0130K VE ENERJ\u0130 TEK.SAN.T\u0130C. LTD.\u015eT\u0130. | web:\u2713 | tel:– | mail:\u2713
03:33:01  INFO  [452/779] – METUMAK MAK\u0130NA MADEN \u0130N\u015e. MÜH. \u0130MLT. SAN. VE T\u0130C. LTD. \u015eT\u0130. | web:– | tel:– | mail:–
03:33:02  INFO  [453/779] \u2713 Metso | web:\u2713 | tel:– | mail:–
03:33:02  INFO  [454/779] \u2713 METSO MADEN TEKNOLOJ\u0130LER\u0130 ANON\u0130M \u015e\u0130RKET\u0130 | web:\u2713 | tel:– | mail:–
03:33:03  INFO  [455/779] \u2713 MERA \u0130STANBUL MOTOR RED.SAN. \u0130Ç VE DI\u015e T\u0130C. LTD.\u015eT\u0130. | web:\u2713 | tel:\u2713 | mail:\u2713
03:33:06  INFO  [456/779] \u2713 M\u0130K MÜHEND\u0130SL\u0130K MÜ\u015eAV\u0130RL\u0130K SAN. VE T\u0130C. LTD. \u015eT\u0130. | web:\u2713 | tel:\u2713 | mail:\u2713
03:33:09  INFO  [457/779] \u2713 MICROMINE PTY. LTD. | web:\u2713 | tel:– | mail:–
03:33:10  INFO  [458/779] \u2713 METRANS MAK\u0130NA ENDÜSTR\u0130S\u0130 ÜRÜNLER\u0130 SAN T\u0130C A.\u015e. | web:\u2713 | tel:– | mail:\u2713
03:33:11  INFO  [459/779] \u2713 METKAN MAK\u0130NE SANAY\u0130 VE T\u0130CARET LTD. \u015eT\u0130. | web:\u2713 | tel:\u2713 | mail:\u2713
03:33:11  INFO  [460/779] \u2713 M\u0130NERAL ANKARA MAK\u0130NE MADENC\u0130L\u0130K MÜHEND\u0130SL\u0130K DANI\u015eMANLIK \u0130MALAT \u0130THALAT \u0130HRACAT SAN.VE T\u0130C.LTD.\u015eT\u0130. | web:\u2713 | tel:\u2713 | mail:\u2713
03:33:13  INFO  Excel kaydedildi \u2192 C:\Users\Home\OneDrive\Desktop\obsidian\01-Projects\scraper\output\leads.xlsx (3 fuar sheet'i)
03:33:13  INFO  Ara kay\u0131t yap\u0131ld\u0131 (460/779)
03:33:14  INFO  [461/779] – MINERO | web:– | tel:– | mail:–
03:33:14  INFO  [462/779] \u2713 MINCON | web:\u2713 | tel:– | mail:–
03:33:15  INFO  [463/779] \u2713 M\u0130NERALL MAK\u0130NE MADENC\u0130L\u0130K MÜH. \u0130N\u015e. SAN. T\u0130C. LTD. \u015eT\u0130. | web:\u2713 | tel:\u2713 | mail:\u2713
03:33:15  INFO  [464/779] \u2713 M\u0130YAY PROSES MAK. SAN. VE T\u0130C.A.\u015e. | web:\u2713 | tel:\u2713 | mail:\u2713
03:33:16  INFO  [465/779] – MINETEC SMART MINING | web:– | tel:– | mail:–
03:33:17  INFO  [466/779] \u2713 MLT Group | web:\u2713 | tel:– | mail:\u2713
03:33:20  INFO  [467/779] \u2713 MONETA TANITIM ORGAN\u0130ZASYON REK. YAY. T\u0130C. LTD. \u015eT\u0130. | web:\u2713 | tel:\u2713 | mail:\u2713
03:33:23  INFO  [468/779] \u2713 MOREN ENDÜSTR\u0130YEL HAMMADDELER T\u0130CARET L\u0130M\u0130TED \u015e\u0130RKET\u0130 | web:\u2713 | tel:\u2713 | mail:\u2713
03:33:27  INFO  [469/779] \u2713 MOLYCOP | web:\u2713 | tel:– | mail:\u2713
03:33:27  INFO  [470/779] \u2713 MIKNATIS ARA\u015eTIRMA VE GEL\u0130\u015eT\u0130RME SANAY\u0130 VE T\u0130CARET ANON\u0130M \u015e\u0130RKET\u0130 | web:\u2713 | tel:\u2713 | mail:\u2713
03:33:28  INFO  [471/779] – MTM KIRMA ELEME MADEN MAK\u0130NALARI BETON SANTRALLER\u0130 \u0130MALATI MÜHEND\u0130SL\u0130K SANAY\u0130 VE T\u0130CARET LTD.\u015eT\u0130. | web:– | tel:– | mail:–
03:33:30  INFO  [472/779] – MMD Group of Companies | web:– | tel:– | mail:–
03:33:31  INFO  [473/779] \u2713 MK LAST\u0130K OTOMOT\u0130V SAN. VE T\u0130C. LTD. \u015eT\u0130. | web:\u2713 | tel:– | mail:\u2713
03:33:31  INFO  [474/779] \u2713 MULTOTEC | web:\u2713 | tel:\u2713 | mail:\u2713
03:33:34  INFO  [475/779] \u2713 MUNDES MAK\u0130NA VE OTOMOT\u0130V ÜRÜNLER\u0130 SAN. T\u0130C. LTD. \u015eT\u0130. | web:\u2713 | tel:– | mail:–
03:33:37  INFO  [476/779] – NACH\u0130-FUJIKOSHI CORP. | web:– | tel:– | mail:–
03:33:38  INFO  [477/779] \u2713 MWM Elektro Sp. z o. O. | web:\u2713 | tel:– | mail:–
03:33:39  INFO  [478/779] \u2713 MTM MAK\u0130NA T\u0130C. MÜMESS\u0130LL\u0130K MÜ\u015eAV\u0130RL\u0130K PETROL LOJ\u0130ST\u0130K LTD \u015eT\u0130 | web:\u2713 | tel:\u2713 | mail:\u2713
03:33:40  INFO  [479/779] – NAB\u0130T MAK\u0130NA \u0130MALAT SANAY\u0130 VE T\u0130C.A.\u015e | web:– | tel:– | mail:–
03:33:44  INFO  [480/779] \u2713 Motorola Solutions | web:\u2713 | tel:– | mail:\u2713
03:33:45  INFO  Excel kaydedildi \u2192 C:\Users\Home\OneDrive\Desktop\obsidian\01-Projects\scraper\output\leads.xlsx (3 fuar sheet'i)
03:33:45  INFO  Ara kay\u0131t yap\u0131ld\u0131 (480/779)
03:33:45  INFO  [481/779] \u2713 NANOSPEK NANO TEKNOLOJ\u0130K VE SPEKTRAL S\u0130STEMLER A.\u015e. | web:\u2713 | tel:\u2713 | mail:–
03:33:48  INFO  [482/779] \u2713 NEF ENDÜSTR\u0130YEL TES\u0130SLER ANON\u0130M \u015e\u0130RKET\u0130 | web:\u2713 | tel:\u2713 | mail:\u2713
03:33:52  INFO  [483/779] \u2713 NEON MAK\u0130NA ÜRÜNLER\u0130 VE KAPLAMA TEKNOLOJ\u0130LER\u0130 SAN. T\u0130C. LTD. \u015eT\u0130. | web:\u2713 | tel:\u2713 | mail:\u2713
03:33:53  INFO  [484/779] \u2713 NARDI COMPRESSORI | web:\u2713 | tel:\u2713 | mail:\u2713
03:33:53  INFO  [485/779] – NANTONG CHUANGDA MACHINERY CO., LTD. | web:– | tel:– | mail:–
03:33:54  INFO  [486/779] \u2713 Naue GmbH & Co. | web:\u2713 | tel:\u2713 | mail:\u2713
03:33:57  INFO  [487/779] \u2713 NEONMACH MAK\u0130NA \u0130THALAT VE \u0130HRACAT LTD. \u015eT\u0130 | web:\u2713 | tel:\u2713 | mail:\u2713
03:34:00  INFO  [488/779] \u2713 NEUHÄUSER GmbH | web:\u2713 | tel:– | mail:–
03:34:02  INFO  [489/779] \u2713 NAIPU MINING MACHINERY CO.,LTD. | web:\u2713 | tel:– | mail:–
03:34:03  INFO  [490/779] \u2713 NEROSPEC | web:\u2713 | tel:\u2713 | mail:\u2713
03:34:03  INFO  [491/779] \u2713 NEUHAUS MASCHINENBAU GmbH | web:\u2713 | tel:– | mail:\u2713
03:34:04  INFO  [492/779] \u2713 NEWTECH KIMYA A.\u015e. | web:\u2713 | tel:\u2713 | mail:–
03:34:06  INFO  [493/779] \u2713 Nexopart | web:\u2713 | tel:\u2713 | mail:\u2713
03:34:08  INFO  [494/779] – N\u0130MAK MAK. MÜH.DAN.\u0130N\u015e.MADEN NAK.MOB.ENERJ\u0130 ELEK.ELEKT.SAN. VE T\u0130C.LTD.\u015eT\u0130. | web:– | tel:– | mail:–
03:34:09  INFO  [495/779] – NINGBO DONLY CO., LTD - NINGBO DONLY TRANSMISSION EQUIPMENT CO.,LTD | web:– | tel:– | mail:–
03:34:12  INFO  [496/779] \u2713 Neyrtec Mineral | web:\u2713 | tel:\u2713 | mail:–
03:34:13  INFO  [497/779] – MURAT KÖSE - STEEL TÜRK | web:– | tel:– | mail:–
03:34:13  INFO  [498/779] – NOBEL EXPLOSIVES PATLAYICI MADDELER SAN. VE TIC. A.S. | web:– | tel:– | mail:–
03:34:14  INFO  [499/779] \u2713 NHG | web:\u2713 | tel:– | mail:–
03:34:14  INFO  [500/779] \u2713 N\u0130TRONET PATLAYICI MADDELER VE K\u0130MYA SAN. T\u0130C. LTD.\u015eT\u0130 | web:\u2713 | tel:\u2713 | mail:\u2713
03:34:17  INFO  Excel kaydedildi \u2192 C:\Users\Home\OneDrive\Desktop\obsidian\01-Projects\scraper\output\leads.xlsx (3 fuar sheet'i)
03:34:17  INFO  Ara kay\u0131t yap\u0131ld\u0131 (500/779)
03:34:17  INFO  [501/779] \u2713 NEVON MAK\u0130NA \u0130MALAT \u0130N\u015eAAT TAAHHÜT DANI\u015eMANLIK SANAY\u0130 VE T\u0130CARET L\u0130M\u0130TED \u015e\u0130RKET\u0130 | web:\u2713 | tel:\u2713 | mail:\u2713
03:34:18  INFO  [502/779] \u2713 NTN | web:\u2713 | tel:– | mail:\u2713
03:34:19  INFO  [503/779] – NOVA GÜÇ AKTARIM VE HAREKET S\u0130STEMLER\u0130 SANAY\u0130 T\u0130CARET ANON\u0130M \u015e\u0130RKET\u0130 | web:– | tel:– | mail:–
03:34:19  INFO  [504/779] \u2713 NORTH \u0130C \u0130N\u015eAAT MADENC\u0130L\u0130K TAAHHÜT ANON\u0130M \u015e\u0130RKET\u0130 | web:\u2713 | tel:\u2713 | mail:\u2713
03:34:20  INFO  [505/779] – NUCLEAR INDUSTRY YANTAI TONCIN GROUP CO.,LTD. | web:– | tel:– | mail:–
03:34:20  INFO  [506/779] \u2713 NUCTECH COMPANY LIMITED | web:\u2713 | tel:\u2713 | mail:\u2713
03:34:21  INFO  [507/779] – NUCTECH ANKARA GÜVENL\u0130K S\u0130STEMLER\u0130 SANAY\u0130 VE DI\u015e T\u0130CARET LTD. \u015eT\u0130 | web:– | tel:– | mail:–
03:34:21  INFO  [508/779] – NURSAÇ HAVALANDIRMA VE SAC \u0130\u015eLER\u0130 SAN. T\u0130C. LTD. \u015eT\u0130. | web:– | tel:– | mail:–
03:34:23  INFO  [509/779] – ÖGEPOL POL\u0130ÜRETAN ELEK. VE A\u015eINMA ELEM. MAK. \u0130ML. SAN. T\u0130C. LTD. \u015eT\u0130. | web:– | tel:– | mail:–
03:34:23  INFO  [510/779] \u2713 OPREMA RAVNE | web:\u2713 | tel:\u2713 | mail:\u2713
03:34:23  INFO  [511/779] \u2713 OMAL AUTOMATION | web:\u2713 | tel:\u2713 | mail:\u2713
03:34:24  INFO  [512/779] \u2713 OKURLAR MAK\u0130NA MOTOR \u0130THALAT \u0130HRACAT SAN T\u0130C LTD. | web:\u2713 | tel:\u2713 | mail:\u2713
03:34:25  INFO  [513/779] \u2713 ONURMAKSAN CEVHER ZENG\u0130NLE\u015eT\u0130RME MAK. SAN.T\u0130C.LTD.\u015eT\u0130. | web:\u2713 | tel:\u2713 | mail:\u2713
03:34:25  INFO  [514/779] \u2713 OSMAK RULO MAK\u0130NA SAN.VE T\u0130C.LTD.\u015eT\u0130 | web:\u2713 | tel:– | mail:\u2713
03:34:26  INFO  [515/779] \u2713 OPTIBELT | web:\u2713 | tel:\u2713 | mail:\u2713
03:34:28  INFO  [516/779] – OSTROJ | web:– | tel:– | mail:–
03:34:28  INFO  [517/779] \u2713 OCEAN RMC MADENC\u0130L\u0130K GER\u0130 DÖNÜ\u015eÜM K\u0130MYEV\u0130 MADDELER \u0130THALAT \u0130HRACAT SAN. T\u0130C. L\u0130M\u0130TED \u015e\u0130RKET\u0130 | web:\u2713 | tel:\u2713 | mail:–
03:34:28  INFO  [518/779] – OTKONSA\u015e OTOMAT\u0130K KONTROL S\u0130STEMLER\u0130 ÜRET\u0130M TAATHÜT VE T\u0130CARET A.\u015e. | web:– | tel:– | mail:–
03:34:28  INFO  [519/779] – ÖZÇEL\u0130KLER H\u0130DROL\u0130K S\u0130L\u0130ND\u0130R SANAY\u0130 VE T\u0130CARET LTD. \u015e\u0130RKET\u0130 | web:– | tel:– | mail:–
03:34:29  INFO  [520/779] – ÖZBEKO\u011eLU \u0130THALAT \u0130HRACAT \u0130N\u015eAAT TAAHHÜT VE MÜHEND\u0130SL\u0130K LTD. \u015eT\u0130 | web:– | tel:– | mail:–
03:34:31  INFO  Excel kaydedildi \u2192 C:\Users\Home\OneDrive\Desktop\obsidian\01-Projects\scraper\output\leads.xlsx (3 fuar sheet'i)
03:34:31  INFO  Ara kay\u0131t yap\u0131ld\u0131 (520/779)
03:34:33  INFO  [521/779] – ÖZDEM\u0130R ANT\u0130MUAN MADENLER\u0130 A.\u015e. | web:– | tel:– | mail:–
03:34:34  INFO  [522/779] – ÖZER KONVEYÖR BAND TUR SAN VE T\u0130C A\u015e | web:– | tel:– | mail:–
03:34:37  INFO  [523/779] \u2713 PAKER HANNIFIN | web:\u2713 | tel:– | mail:–
03:34:38  INFO  [524/779] \u2713 p.sanat | web:\u2713 | tel:\u2713 | mail:–
03:34:38  INFO  [525/779] – PEKER ÇEL\u0130K DÖKÜM MAK\u0130NA SAN. VE T\u0130C. LTD. \u015eT\u0130. | web:– | tel:– | mail:–
03:34:42  INFO  [526/779] – Perforator GMBH | web:– | tel:– | mail:–
03:34:43  INFO  [527/779] \u2713 Ore Research and Exploration | web:\u2713 | tel:– | mail:–
03:34:45  INFO  [528/779] \u2713 PEKOS VALVES | web:\u2713 | tel:– | mail:–
03:34:45  INFO  [529/779] – PERISSINOTTO S.P.A. | web:– | tel:– | mail:–
03:34:46  INFO  [530/779] – PERMA-TEC | web:– | tel:– | mail:–
03:34:46  INFO  [531/779] \u2713 Parr Instrument Company | web:\u2713 | tel:\u2713 | mail:\u2713
03:34:48  INFO  [532/779] – PFREUNDT | web:– | tel:– | mail:–
03:34:50  INFO  [533/779] – PHOEBUS RUBBER (Conveyor Belts EP, PVG, ST) | web:– | tel:– | mail:–
03:34:51  INFO  [534/779] – P\u0130MAKS PNÖMAT\u0130K \u0130\u015e MAK\u0130NALARI \u0130MALAT \u0130N\u015eAAT SANAY\u0130 MÜHEND\u0130SL\u0130K VE T\u0130CARET L\u0130M\u0130TED \u015e\u0130RKET\u0130 | web:– | tel:– | mail:–
03:34:53  INFO  [535/779] – ÖZKAN S\u0130L\u0130ND\u0130R VE MAK\u0130NA \u0130MALATI SAN. T\u0130C.LTD. \u015eT\u0130. | web:– | tel:– | mail:–
03:34:53  INFO  [536/779] \u2713 POLYGONMACH MAK\u0130NE SANAY\u0130 VE T\u0130CARET L\u0130M\u0130TED \u015e\u0130RKET\u0130 | web:\u2713 | tel:\u2713 | mail:\u2713
03:34:54  INFO  [537/779] \u2713 PORTUNUS AES YEDEK PARÇA SERV\u0130S A.\u015e | web:\u2713 | tel:\u2713 | mail:–
03:34:56  INFO  [538/779] – POYRAZ HAMMADDELER SAN. T\u0130C. LTD. \u015eT | web:– | tel:– | mail:–
03:34:58  INFO  [539/779] – POWERTECH | web:– | tel:– | mail:–
03:34:59  INFO  [540/779] \u2713 PRES-SAN MAK\u0130NA \u0130MALAT SAN. VE T\u0130C. LTD. \u015eT\u0130. | web:\u2713 | tel:\u2713 | mail:\u2713
03:35:01  INFO  Excel kaydedildi \u2192 C:\Users\Home\OneDrive\Desktop\obsidian\01-Projects\scraper\output\leads.xlsx (3 fuar sheet'i)
03:35:01  INFO  Ara kay\u0131t yap\u0131ld\u0131 (540/779)
03:35:01  INFO  [541/779] – Pentax Industries Spa | web:– | tel:– | mail:–
03:35:02  INFO  [542/779] \u2713 PROMER MÜ\u015eAV\u0130RL\u0130K MÜHEND\u0130SL\u0130K A.\u015e. | web:\u2713 | tel:\u2713 | mail:\u2713
03:35:04  INFO  [543/779] \u2713 PROSES MÜHEND\u0130SL\u0130K DAN.\u0130N\u015e.TAS.A.\u015e. | web:\u2713 | tel:– | mail:–
03:35:04  INFO  [544/779] \u2713 PROTEC KORUMA Z\u0130NC\u0130R SAN. T\u0130C. A.\u015e. | web:\u2713 | tel:\u2713 | mail:\u2713
03:35:05  INFO  [545/779] \u2713 PLANET MAK\u0130NE TEKNOLOJ\u0130LER\u0130 T\u0130C. LTD. \u015eT\u0130 | web:\u2713 | tel:– | mail:\u2713
03:35:06  INFO  [546/779] \u2713 PT TRADING REDÜKTÖR SANAY\u0130 VE T\u0130CARET L\u0130M\u0130TED \u015e\u0130RKET\u0130 | web:\u2713 | tel:\u2713 | mail:\u2713
03:35:06  INFO  [547/779] \u2713 Precisa | web:\u2713 | tel:\u2713 | mail:\u2713
03:35:07  INFO  [548/779] \u2713 PUMPS2000 (PNEUMATIC DIAPHRAM PUMPS ATEX) | web:\u2713 | tel:\u2713 | mail:\u2713
03:35:07  INFO  [549/779] \u2713 PREST\u0130J YAYINCILIK BASIM H\u0130Z. SAN. VE T\u0130C. LTD. \u015eT\u0130. | web:\u2713 | tel:– | mail:\u2713
03:35:08  INFO  [550/779] \u2713 PROTECFIRE | web:\u2713 | tel:\u2713 | mail:\u2713
03:35:11  INFO  [551/779] – QINGDAO ELITE HYDRAULIC CO. LTD | web:– | tel:– | mail:–
03:35:12  INFO  [552/779] – QINGDAO BEST FRIEND RUBBER AND PLASTIC CO.,LTD. | web:– | tel:– | mail:–
03:35:16  INFO  [553/779] \u2713 PumpWorks, Inc. | web:\u2713 | tel:\u2713 | mail:\u2713
03:35:16  INFO  [554/779] – QUALTER HALL | web:– | tel:– | mail:–
03:35:17  INFO  [555/779] \u2713 QINGDAO GLOBAL BELTING CO., LTD. | web:\u2713 | tel:\u2713 | mail:–
03:35:20  INFO  [556/779] \u2713 Real Time Instruments | web:\u2713 | tel:– | mail:\u2713
03:35:21  INFO  [557/779] \u2713 PUTZMEISTER MAK\u0130NE VE SANAY\u0130 T\u0130C A\u015e | web:\u2713 | tel:– | mail:–
03:35:24  INFO  [558/779] \u2713 Qlar Europe | web:\u2713 | tel:\u2713 | mail:\u2713
03:35:25  INFO  [559/779] \u2713 Rema Tip Top | web:\u2713 | tel:– | mail:–
03:35:25  INFO  [560/779] \u2713 REMAS REDÜKTÖR VE MAK. SAN.A.\u015e. | web:\u2713 | tel:\u2713 | mail:\u2713
03:35:27  INFO  Excel kaydedildi \u2192 C:\Users\Home\OneDrive\Desktop\obsidian\01-Projects\scraper\output\leads.xlsx (3 fuar sheet'i)
03:35:27  INFO  Ara kay\u0131t yap\u0131ld\u0131 (560/779)
03:35:27  INFO  [561/779] \u2713 RADIAL TORQUE TOOLS B.V. | web:\u2713 | tel:– | mail:\u2713
03:35:30  INFO  [562/779] – REPAMET ELEKT. S\u0130S.MÜM.TEKN. SERV. T\u0130C. LTD. \u015eT\u0130. | web:– | tel:– | mail:–
03:35:30  INFO  [563/779] \u2713 PGM - Project German Mining GmbH | web:\u2713 | tel:– | mail:\u2713
03:35:32  INFO  [564/779] – RED ANCHOR (Chains and Accesories) | web:– | tel:– | mail:–
03:35:33  INFO  [565/779] – RISTAR CONVEYOR BELTS AND ACCESSORIES | web:– | tel:– | mail:–
03:35:36  INFO  [566/779] \u2713 RM\u0130 | web:\u2713 | tel:– | mail:–
03:35:37  INFO  [567/779] \u2713 RENE ENERJ\u0130 MAD.MAK.\u0130ML.\u0130NS.TAAH.MÜH.DAN.SAN.VE T\u0130C.A.\u015e. | web:\u2713 | tel:\u2713 | mail:\u2713
03:35:41  INFO  [568/779] – ROCKMORE INTERNATIONAL | web:– | tel:– | mail:–
03:35:41  INFO  [569/779] – Roottel sp. z oo | web:– | tel:– | mail:–
03:35:43  INFO  [570/779] – REYNARD MADENC\u0130L\u0130K PARÇALARI T\u0130C. LTD. \u015eT\u0130. | web:– | tel:– | mail:–
03:35:44  INFO  [571/779] – RINGSPANN TURKEY GÜÇ AKTARIM S\u0130STEMLER\u0130 T\u0130CARET L\u0130M\u0130TED \u015e\u0130RKET\u0130 | web:– | tel:– | mail:–
03:35:46  INFO  [572/779] – ROSS\u0130 GÜÇ AKTARMA VE HAREKET KONTROL S\u0130STEMLER\u0130 SAN.T\u0130C.LTD.\u015eT\u0130. | web:– | tel:– | mail:–
03:35:48  INFO  [573/779] \u2713 ROBIT FINLAND OY LTD | web:\u2713 | tel:\u2713 | mail:\u2713
03:35:49  INFO  [574/779] \u2713 ROXON | web:\u2713 | tel:\u2713 | mail:\u2713
03:35:50  INFO  [575/779] \u2713 ROXON Oy | web:\u2713 | tel:\u2713 | mail:\u2713
03:35:53  INFO  [576/779] – RTDrill | web:– | tel:– | mail:–
03:35:55  INFO  [577/779] \u2713 RPM SONDAJ EK\u0130PMANLARI VE NAKL\u0130YAT \u0130THALAT \u0130HRACAT T\u0130CARET L\u0130M\u0130TED \u015e\u0130RKET\u0130 | web:\u2713 | tel:\u2713 | mail:\u2713
03:35:58  INFO  [578/779] \u2713 ROTASEAL SIZDIRMAZLIK S\u0130STEMLER\u0130 A.\u015e. | web:\u2713 | tel:\u2713 | mail:\u2713
03:35:58  INFO  [579/779] \u2713 Roxia | web:\u2713 | tel:\u2713 | mail:\u2713
03:36:01  INFO  [580/779] – RÜYA MADENC\u0130L\u0130K LTD.\u015eT\u0130. | web:– | tel:– | mail:–
03:36:03  INFO  Excel kaydedildi \u2192 C:\Users\Home\OneDrive\Desktop\obsidian\01-Projects\scraper\output\leads.xlsx (3 fuar sheet'i)
03:36:03  INFO  Ara kay\u0131t yap\u0131ld\u0131 (580/779)
03:36:04  INFO  [581/779] \u2713 SAAT\u0130 GERMANY GMBH | web:\u2713 | tel:\u2713 | mail:\u2713
03:36:08  INFO  [582/779] \u2713 RUGGON CORPORATION | web:\u2713 | tel:\u2713 | mail:–
03:36:08  INFO  [583/779] \u2713 Rulmeca | web:\u2713 | tel:– | mail:–
03:36:11  INFO  [584/779] \u2713 ROTA\u0130R S.P.A | web:\u2713 | tel:\u2713 | mail:\u2713
03:36:12  INFO  [585/779] \u2713 Safeplast  oy | web:\u2713 | tel:\u2713 | mail:\u2713
03:36:14  INFO  [586/779] – SAHA REKLAM BASIN YAYIN TAN.ORG. DERV\u0130\u015e BALIK | web:– | tel:– | mail:–
03:36:16  INFO  [587/779] \u2713 Sandvik | web:\u2713 | tel:\u2713 | mail:\u2713
03:36:16  INFO  [588/779] \u2713 Reutech Mining | web:\u2713 | tel:\u2713 | mail:\u2713
03:36:17  INFO  [589/779] – Sachin Industries Limited | web:– | tel:– | mail:–
03:36:17  INFO  [590/779] \u2713 Sandvik Mining and Construction Kazakhstan Ltd | web:\u2713 | tel:\u2713 | mail:\u2713
03:36:19  INFO  [591/779] \u2713 SANDVIK SRP | web:\u2713 | tel:\u2713 | mail:\u2713
03:36:22  INFO  [592/779] – SAYKOÇ MAK\u0130NE \u0130MALAT SANAY\u0130 T\u0130C. LTD. \u015eT\u0130 | web:– | tel:– | mail:–
03:36:22  INFO  [593/779] – SAVA\u015e ÇEL\u0130K ELEK ÜRET\u0130M VE PAZ. A.\u015e. | web:– | tel:– | mail:–
03:36:22  INFO  [594/779] \u2713 SAYGILI RULMAN SAN. VE T\u0130C. A.\u015e. | web:\u2713 | tel:– | mail:–
03:36:23  INFO  [595/779] \u2713 SCHAEFFLER GROUP | web:\u2713 | tel:\u2713 | mail:\u2713
03:36:25  INFO  [596/779] \u2713 SCHAUENBURG SYSTEMS | web:\u2713 | tel:– | mail:–
03:36:25  INFO  [597/779] \u2713 SAES MAK\u0130NA SANAY\u0130 VE T\u0130C A.\u015e. | web:\u2713 | tel:\u2713 | mail:\u2713
03:36:27  INFO  [598/779] \u2713 SCHUBERTH (HELMETS AND ACCESSORIES) | web:\u2713 | tel:– | mail:–
03:36:28  INFO  [599/779] – SCX-Sunny Corner Exploration | web:– | tel:– | mail:–
03:36:28  INFO  [600/779] \u2713 Schulte Strathaus GmbH & Co. KG | web:\u2713 | tel:– | mail:–
03:36:30  INFO  Excel kaydedildi \u2192 C:\Users\Home\OneDrive\Desktop\obsidian\01-Projects\scraper\output\leads.xlsx (3 fuar sheet'i)
03:36:30  INFO  Ara kay\u0131t yap\u0131ld\u0131 (600/779)
03:36:30  INFO  [601/779] \u2713 S.U.M.P POMPA TEKNOLOJ\u0130S\u0130 VE PAZ. SAN. T\u0130C. A.\u015e. | web:\u2713 | tel:\u2713 | mail:\u2713
03:36:33  INFO  [602/779] – \u015eENOL A\u011eIR MAK\u0130NA SANAY\u0130 VE T\u0130CARET ANON\u0130M \u015e\u0130RKET\u0130 | web:– | tel:– | mail:–
03:36:35  INFO  [603/779] \u2713 SANLIAN PUMP INDUSTRY CO., LTD | web:\u2713 | tel:\u2713 | mail:\u2713
03:36:36  INFO  [604/779] \u2713 SEEBACH GmbH (Filter Systems) | web:\u2713 | tel:– | mail:–
03:36:37  INFO  [605/779] \u2713 \u015eEKERLER MÜHEND\u0130SL\u0130K VE MAK\u0130NA SANAY\u0130 T\u0130CARET L\u0130M\u0130TED \u015e\u0130RKET\u0130 | web:\u2713 | tel:– | mail:–
03:36:38  INFO  [606/779] \u2713 SET-A MAK\u0130NA SANAY\u0130 VE T\u0130CARET A.\u015e. | web:\u2713 | tel:\u2713 | mail:\u2713
03:36:39  INFO  [607/779] \u2713 Scott Bader | web:\u2713 | tel:\u2713 | mail:\u2713
03:36:40  INFO  [608/779] – Sevitel | web:– | tel:– | mail:–
03:36:41  INFO  [609/779] \u2713 SFT SONDAJ EK\u0130PMANLARI SANAY\u0130 VE T\u0130CARET L\u0130M\u0130TED \u015e\u0130RKET\u0130 | web:\u2713 | tel:\u2713 | mail:\u2713
03:36:43  INFO  [610/779] – Shandong BP New Material Technology Co. | web:– | tel:– | mail:–
03:36:43  INFO  [611/779] \u2713 SEFAR F\u0130LTRASYON SAN. VE T\u0130C. LTD. \u015eT\u0130. | web:\u2713 | tel:– | mail:\u2713
03:36:45  INFO  [612/779] \u2713 SHANDONG MINGDE MACHINERY CO.,LTD | web:\u2713 | tel:– | mail:–
03:36:45  INFO  [613/779] – SHANGHAI BANDON INTERNATIONAL TRADE CO., LTD | web:– | tel:– | mail:–
03:36:45  INFO  [614/779] – SHANGHAI HONYEN INDUSTRY CO.,LTD | web:– | tel:– | mail:–
03:36:46  INFO  [615/779] – SHANGHAI MACKORN MINERALS CO., LTD | web:– | tel:– | mail:–
03:36:48  INFO  [616/779] – SHANGHAI SHIBANG MACHINERY CO., LTD. | web:– | tel:– | mail:–
03:36:50  INFO  [617/779] – Shenyang Florrea Co. Ltd. | web:– | tel:– | mail:–
03:36:50  INFO  [618/779] \u2713 Shaw Almex | web:\u2713 | tel:\u2713 | mail:–
03:36:51  INFO  [619/779] – SHENYANG HUAYUE MINING MACHINERY MANUFACTURING CO., LTD. | web:– | tel:– | mail:–
03:36:53  INFO  [620/779] – SHENYANG SANLAND MINING EQUIPMENT MANUFACTURE CO.,LTD. | web:– | tel:– | mail:–
03:36:55  INFO  Excel kaydedildi \u2192 C:\Users\Home\OneDrive\Desktop\obsidian\01-Projects\scraper\output\leads.xlsx (3 fuar sheet'i)
03:36:55  INFO  Ara kay\u0131t yap\u0131ld\u0131 (620/779)
03:36:55  INFO  [621/779] – SHIJIAZHUANG ANPUMP MACHINERY CO., LTD. | web:– | tel:– | mail:–
03:36:55  INFO  [622/779] – SHIJIAZHUANG INDUSTRIAL PUMP FACTORY CO., LTD | web:– | tel:– | mail:–
03:36:56  INFO  [623/779] – SENSOR JEOMEMBRAN SIZDIRMAZLIK TEKNOLOJ\u0130 H\u0130Z. LTD. \u015eT\u0130. | web:– | tel:– | mail:–
03:36:58  INFO  [624/779] – Siemag Tecberg Gmbh | web:– | tel:– | mail:–
03:36:59  INFO  [625/779] – SHANXI HAOGANG | web:– | tel:– | mail:–
03:37:00  INFO  [626/779] – SETERM TEKN\u0130K T\u0130CARET A.\u015e. | web:– | tel:– | mail:–
03:37:00  INFO  [627/779] – SISTEMA CARFOAM TUNNEL WATERPROOFING | web:– | tel:– | mail:–
03:37:01  INFO  [628/779] – SK Shandong Mining Machinery | web:– | tel:– | mail:–
03:37:02  INFO  [629/779] \u2713 SKF | web:\u2713 | tel:– | mail:–
03:37:05  INFO  [630/779] \u2713 SKUM | web:\u2713 | tel:– | mail:–
03:37:05  INFO  [631/779] \u2713 SLR Consulting | web:\u2713 | tel:\u2713 | mail:–
03:37:08  INFO  [632/779] – SOLAKSUBA\u015eI OTOMOT\u0130V GIDA \u0130N\u015e. SAN. VE T\u0130C. LTD. \u015eT\u0130. | web:– | tel:– | mail:–
03:37:08  INFO  [633/779] – S\u0130STA\u015e ÇEL\u0130K DÖVME SAN. T\u0130C. A.\u015e. | web:– | tel:– | mail:–
03:37:10  INFO  [634/779] \u2713 SOLAR PATLAYICI MADDELER SAN. A.\u015e. | web:\u2713 | tel:\u2713 | mail:\u2713
03:37:12  INFO  [635/779] \u2713 SNF FLOERGER K\u0130MYA SAN T\u0130C LTD \u015eT\u0130 | web:\u2713 | tel:– | mail:–
03:37:12  INFO  [636/779] \u2713 SNR | web:\u2713 | tel:\u2713 | mail:\u2713
03:37:13  INFO  [637/779] – SMARTS MÜHEND\u0130SL\u0130K DANI\u015eMANLIK \u0130Ç VE DI\u015e T\u0130C. A.\u015e. | web:– | tel:– | mail:–
03:37:16  INFO  [638/779] \u2713 Solmax | web:\u2713 | tel:\u2713 | mail:–
03:37:16  INFO  [639/779] \u2713 SOLMAX GEOSYNTHETICS | web:\u2713 | tel:\u2713 | mail:–
03:37:17  INFO  [640/779] \u2713 SON-MAK MAK\u0130NA \u0130N\u015eAAT SONDAJ SAN. T\u0130C. LTD. \u015eT\u0130. | web:\u2713 | tel:\u2713 | mail:\u2713
03:37:19  INFO  Excel kaydedildi \u2192 C:\Users\Home\OneDrive\Desktop\obsidian\01-Projects\scraper\output\leads.xlsx (3 fuar sheet'i)
03:37:19  INFO  Ara kay\u0131t yap\u0131ld\u0131 (640/779)
03:37:19  INFO  [641/779] \u2713 Sotrafa, S.A. | web:\u2713 | tel:\u2713 | mail:\u2713
03:37:19  INFO  [642/779] \u2713 Solmax Geosynthetics GmbH | web:\u2713 | tel:\u2713 | mail:–
03:37:20  INFO  [643/779] \u2713 STRATA | web:\u2713 | tel:\u2713 | mail:\u2713
03:37:21  INFO  [644/779] \u2713 STC C\u0130VATA SAN VE T\u0130C.A.\u015e | web:\u2713 | tel:\u2713 | mail:–
03:37:21  INFO  [645/779] \u2713 STANDART POMPA VE MAK\u0130NA SANAY\u0130 T\u0130CARET A.\u015e. | web:\u2713 | tel:– | mail:–
03:37:23  INFO  [646/779] \u2713 SULZER ITALY SRL | web:\u2713 | tel:– | mail:–
03:37:23  INFO  [647/779] \u2713 SUNMAK MAK\u0130NA SAN. VE T\u0130C. LTD. \u015eT\u0130. | web:\u2713 | tel:\u2713 | mail:–
03:37:23  INFO  [648/779] – SÜZERTEKS MENSUCAT SAN T\u0130C LTD \u015eT\u0130 | web:– | tel:– | mail:–
03:37:24  INFO  [649/779] \u2713 STANDARD INDUSTRIAL INC | web:\u2713 | tel:\u2713 | mail:\u2713
03:37:24  INFO  [650/779] \u2713 SYMPATEC (PARTICLE SIZE ANALYZER) | web:\u2713 | tel:\u2713 | mail:\u2713
03:37:26  INFO  [651/779] \u2713 SYBET International sp. z o.o. | web:\u2713 | tel:– | mail:–
03:37:27  INFO  [652/779] \u2713 TAMBURSAN PLAST\u0130K KAUÇUK \u0130N\u015e.SAN.T\u0130C.LTD.\u015eT\u0130 | web:\u2713 | tel:\u2713 | mail:\u2713
03:37:28  INFO  [653/779] – Tangshan Shenzhou Manufacturing Group Co., Ltd | web:– | tel:– | mail:–
03:37:29  INFO  [654/779] – Tangshan Shichuang Coal Preparation Technology Co., LTD | web:– | tel:– | mail:–
03:37:29  INFO  [655/779] – TAIZHOU YUANJING IMPORT AND EXPORT TRADING CO., LTD | web:– | tel:– | mail:–
03:37:30  INFO  [656/779] – TAIZHOU SHANHE TRADING CO., LTD. | web:– | tel:– | mail:–
03:37:30  INFO  [657/779] – TANGSHAN SHUANGTAI TECHNOLOGY CO.,LTD. | web:– | tel:– | mail:–
03:37:31  INFO  [658/779] – TECHNIDRILL | web:– | tel:– | mail:–
03:37:31  INFO  [659/779] \u2713 TDS Zampra spol. s r.o. | web:\u2713 | tel:\u2713 | mail:\u2713
03:37:32  INFO  [660/779] \u2713 SUMITOMO CONSTRUCTION MACHINERY | web:\u2713 | tel:– | mail:–
03:37:34  INFO  Excel kaydedildi \u2192 C:\Users\Home\OneDrive\Desktop\obsidian\01-Projects\scraper\output\leads.xlsx (3 fuar sheet'i)
03:37:34  INFO  Ara kay\u0131t yap\u0131ld\u0131 (660/779)
03:37:34  INFO  [661/779] – Technoton | web:– | tel:– | mail:–
03:37:35  INFO  [662/779] – TEKAYSAN END. ÜRÜN. MET. MAK. \u0130ML. PAZ. SAN. VE T\u0130C. LTD. \u015eT\u0130. | web:– | tel:– | mail:–
03:37:37  INFO  [663/779] \u2713 Teknikum | web:\u2713 | tel:\u2713 | mail:\u2713
03:37:37  INFO  [664/779] \u2713 TEKPAN TEKN\u0130K ELEKTR\u0130K KUMANDA PANO SANAY\u0130 VE TUR\u0130ZM T\u0130CARET ANON\u0130M \u015e\u0130RKET\u0130 | web:\u2713 | tel:\u2713 | mail:\u2713
03:37:40  INFO  [665/779] \u2713 TEMA LAST\u0130K ENDÜSTR\u0130 T\u0130CARET ANON\u0130M \u015e\u0130RKET\u0130 | web:\u2713 | tel:– | mail:\u2713
03:37:41  INFO  [666/779] \u2713 TEKN\u0130K 16 H\u0130DROL\u0130K PNÖMAT\u0130K ELEKT.SAN.VE T\u0130C.LTD.\u015eT\u0130. | web:\u2713 | tel:– | mail:\u2713
03:37:41  INFO  [667/779] \u2713 TECSO S.A. | web:\u2713 | tel:– | mail:–
03:37:41  INFO  [668/779] \u2713 TECHNON MÜHEND\u0130SL\u0130K SANAY\u0130 VE T\u0130CARET A.\u015e. | web:\u2713 | tel:\u2713 | mail:\u2713
03:37:41  INFO  [669/779] \u2713 TERRALAB LAB.MALZ.SAN. VE   TIC. A.S. | web:\u2713 | tel:\u2713 | mail:\u2713
03:37:42  INFO  [670/779] \u2713 TEREX MAK\u0130NA SATI\u015e A.\u015e | web:\u2713 | tel:– | mail:–
03:37:45  INFO  [671/779] – TEVEL, d.o.o | web:– | tel:– | mail:–
03:37:46  INFO  [672/779] – TESECO Sp. z o.o. (VENTILATION SYSTEMS DUCTS AND ACCESORIES) | web:– | tel:– | mail:–
03:37:48  INFO  [673/779] – TIEFENBACH CONTROL SYSTEMS GmbH | web:– | tel:– | mail:–
03:37:49  INFO  [674/779] \u2713 TOMAROK MÜHEND\u0130SL\u0130K VE DANI\u015eMANLIK A.\u015e. | web:\u2713 | tel:\u2713 | mail:\u2713
03:37:50  INFO  [675/779] \u2713 TEKN\u0130MA MAK\u0130NE ENDÜSTR\u0130 ANON\u0130M \u015e\u0130RKET\u0130 | web:\u2713 | tel:\u2713 | mail:\u2713
03:37:51  INFO  [676/779] – TOMRA | web:– | tel:– | mail:–
03:37:52  INFO  [677/779] – Tonly Heavy Industries Co | web:– | tel:– | mail:–
03:37:55  INFO  [678/779] \u2713 TORA PETROL ÜRÜNLER\u0130 MÜHEND\u0130SL\u0130\u011e\u0130 ELEKTR\u0130K VE ELEKTRON\u0130K SAN.T\u0130C.A.\u015e. | web:\u2713 | tel:\u2713 | mail:\u2713
03:37:55  INFO  [679/779] – THIELE GmbH & Co. KG | web:– | tel:– | mail:–
03:37:56  INFO  [680/779] – TRANSROLL | web:– | tel:– | mail:–
03:37:58  INFO  Excel kaydedildi \u2192 C:\Users\Home\OneDrive\Desktop\obsidian\01-Projects\scraper\output\leads.xlsx (3 fuar sheet'i)
03:37:58  INFO  Ara kay\u0131t yap\u0131ld\u0131 (680/779)
03:37:58  INFO  [681/779] \u2713 TRAKON MAK\u0130NA SAN. A.\u015e. | web:\u2713 | tel:\u2713 | mail:\u2713
03:37:58  INFO  [682/779] \u2713 Thermo Fisher Scientific | web:\u2713 | tel:\u2713 | mail:\u2713
03:37:59  INFO  [683/779] \u2713 TES\u0130M TEKNOLOJ\u0130 ENDÜSTR\u0130YEL S\u0130STEMLER MAK\u0130NA \u0130MALAT \u0130THALAT \u0130HRACAT SANAY\u0130 VE T\u0130CARET ANON\u0130M \u015e\u0130RKET\u0130 | web:\u2713 | tel:\u2713 | mail:\u2713
03:37:59  INFO  [684/779] \u2713 TROLEX | web:\u2713 | tel:\u2713 | mail:\u2713
03:38:02  INFO  [685/779] – TRU-TRAC | web:– | tel:– | mail:–
03:38:02  INFO  [686/779] \u2713 TROY-MET KAL\u0130TE KONTROL S\u0130STEMLER\u0130 SAN.T\u0130C.LTD.\u015eT\u0130 | web:\u2713 | tel:– | mail:–
03:38:06  INFO  [687/779] \u2713 TRIO ELECTRONICS | web:\u2713 | tel:\u2713 | mail:\u2713
03:38:06  INFO  [688/779] – TÜFEKÇ\u0130O\u011eLU KAUÇUK MAK\u0130NA VE MADEN. SAN T\u0130C A.\u015e. | web:– | tel:– | mail:–
03:38:09  INFO  [689/779] \u2713 TROYA PROSES MAK\u0130NA K\u0130MYA MADEN TEKNOLOJ\u0130LER\u0130 T\u0130C. A.\u015e. | web:\u2713 | tel:\u2713 | mail:\u2713
03:38:09  INFO  [690/779] \u2713 TUOXING GROUP | web:\u2713 | tel:\u2713 | mail:\u2713
03:38:10  INFO  [691/779] \u2713 TSM GLOBAL TURKEY MAK\u0130NA SAN. VE T\u0130C.A.\u015e. | web:\u2713 | tel:– | mail:–
03:38:12  INFO  [692/779] \u2713 TURBOSOL | web:\u2713 | tel:\u2713 | mail:\u2713
03:38:13  INFO  [693/779] – TÜRK\u0130YE MADENC\u0130LER DERNE\u011e\u0130 T\u0130CAR\u0130 \u0130\u015eLETMES\u0130 | web:– | tel:– | mail:–
03:38:14  INFO  [694/779] \u2713 TURBO MAK\u0130NA SANAY\u0130 VE T\u0130CARET LTD. \u015eT\u0130. | web:\u2713 | tel:– | mail:–
03:38:15  INFO  [695/779] – TSURUMI (Europe) GmbH | web:– | tel:– | mail:–
03:38:17  INFO  [696/779] \u2713 U\u011eUR MAK\u0130NA TAAH. SAN T\u0130C A.\u015e. | web:\u2713 | tel:– | mail:–
03:38:17  INFO  [697/779] – ÜNAL MÜHEND\u0130SL\u0130K VE MAK. SAN. LTD. \u015eT\u0130. | web:– | tel:– | mail:–
03:38:18  INFO  [698/779] – ÜN\u0130KA ÜN\u0130VERSAL KABLO SANAY\u0130 VE T\u0130C. A.\u015e. | web:– | tel:– | mail:–
03:38:18  INFO  [699/779] – TYXC ENVIRONMENTAL PROTECTION EQUIPMENT MANUFACTURING CO. LTD. | web:– | tel:– | mail:–
03:38:22  INFO  [700/779] – UWT GMBH | web:– | tel:– | mail:–
03:38:24  INFO  Excel kaydedildi \u2192 C:\Users\Home\OneDrive\Desktop\obsidian\01-Projects\scraper\output\leads.xlsx (3 fuar sheet'i)
03:38:24  INFO  Ara kay\u0131t yap\u0131ld\u0131 (700/779)
03:38:24  INFO  [701/779] \u2713 TUNA TARTI VE ELEK. S\u0130ST. LTD \u015eT\u0130 | web:\u2713 | tel:\u2713 | mail:\u2713
03:38:25  INFO  [702/779] \u2713 UQOMM | web:\u2713 | tel:– | mail:\u2713
03:38:25  INFO  [703/779] – V KAYI\u015eI LAST\u0130K SAN. LTD. \u015eT\u0130. | web:– | tel:– | mail:–
03:38:27  INFO  [704/779] \u2713 UYGUNLAR DI\u015e T\u0130CARET A.\u015e. | web:\u2713 | tel:\u2713 | mail:\u2713
03:38:30  INFO  [705/779] – TRE ALTAMIRA | web:– | tel:– | mail:–
03:38:31  INFO  [706/779] \u2713 VAJ | web:\u2713 | tel:– | mail:–
03:38:33  INFO  [707/779] \u2713 Valmet Filtration | web:\u2713 | tel:\u2713 | mail:–
03:38:33  INFO  [708/779] \u2713 Valmet Automation | web:\u2713 | tel:\u2713 | mail:–
03:38:33  INFO  [709/779] \u2713 URSAN \u0130\u015e GÜVENL\u0130\u011e\u0130 EK\u0130PMANLARI LTD. \u015eT\u0130. | web:\u2713 | tel:\u2713 | mail:\u2713
03:38:34  INFO  [710/779] \u2713 Valmet Flow Control | web:\u2713 | tel:\u2713 | mail:–
03:38:36  INFO  [711/779] – VEGA SEV\u0130YE VE BASINÇ ÖLÇÜM C\u0130HAZLARI T\u0130C.LTD.\u015eT\u0130 | web:– | tel:– | mail:–
03:38:37  INFO  [712/779] \u2713 V\u0130TR\u0130OL SONDAJ MÜHEND\u0130SL\u0130K SAN. VE T\u0130C. LTD. \u015eT\u0130. | web:\u2713 | tel:– | mail:–
03:38:38  INFO  [713/779] – WAFANGDIAN ZHONGFU BEARING MANUFACTURING CO., LTD | web:– | tel:– | mail:–
03:38:42  INFO  [714/779] – WAROM | web:– | tel:– | mail:–
03:38:45  INFO  [715/779] \u2713 WANTAI GROUP | web:\u2713 | tel:– | mail:–
03:38:49  INFO  [716/779] \u2713 V\u0130RAV\u0130ST GÖRÜNTÜ \u0130\u015eLEME VE OTOMASYON TEKNOLOJ\u0130LER\u0130 A.\u015e | web:\u2713 | tel:\u2713 | mail:\u2713
03:38:52  INFO  [717/779] \u2713 Wagener Vulcanizers | web:\u2713 | tel:\u2713 | mail:\u2713
03:38:54  INFO  [718/779] \u2713 WEIDOULI VALVES CO.,LTD. | web:\u2713 | tel:\u2713 | mail:\u2713
03:38:55  INFO  [719/779] – Watson Marlow | web:– | tel:– | mail:–
03:38:55  INFO  [720/779] \u2713 VL\u0130TEX | web:\u2713 | tel:\u2713 | mail:\u2713
03:38:57  INFO  Excel kaydedildi \u2192 C:\Users\Home\OneDrive\Desktop\obsidian\01-Projects\scraper\output\leads.xlsx (3 fuar sheet'i)
03:38:57  INFO  Ara kay\u0131t yap\u0131ld\u0131 (720/779)
03:38:57  INFO  [721/779] \u2713 Victor Products Ltd | web:\u2713 | tel:– | mail:\u2713
03:38:58  WARNING  Failed to parse headers (url=https://www.weihaihaiwang.com:443/): [MissingHeaderBodySeparatorDefect()], unparsed data: 'X-Frame-Options Header: SAMEORIGIN\r\nSet-Cookie: _d_id=e1d6123935405c109009e4c744f3ef; Path=/; secure; HttpOnly; SameSite=Strict\r\nDate: Wed, 08 Jul 2026 00:38:58 GMT\r\nContent-Length: 4124\r\n\r\n'
Traceback (most recent call last):
  File "C:\Users\Home\AppData\Local\Packages\PythonSoftwareFoundation.Python.3.12_qbz5n2kfra8p0\LocalCache\local-packages\Python312\site-packages\urllib3\connection.py", line 510, in getresponse
    assert_header_parsing(httplib_response.msg)
  File "C:\Users\Home\AppData\Local\Packages\PythonSoftwareFoundation.Python.3.12_qbz5n2kfra8p0\LocalCache\local-packages\Python312\site-packages\urllib3\util\response.py", line 88, in assert_header_parsing
    raise HeaderParsingError(defects=defects, unparsed_data=unparsed_data)
urllib3.exceptions.HeaderParsingError: [MissingHeaderBodySeparatorDefect()], unparsed data: 'X-Frame-Options Header: SAMEORIGIN\r\nSet-Cookie: _d_id=e1d6123935405c109009e4c744f3ef; Path=/; secure; HttpOnly; SameSite=Strict\r\nDate: Wed, 08 Jul 2026 00:38:58 GMT\r\nContent-Length: 4124\r\n\r\n'
03:38:59  INFO  [722/779] – WEIR TURKEY M\u0130NERALLER\u0130 L\u0130M\u0130TED \u015e\u0130RKET\u0130 | web:– | tel:– | mail:–
03:39:00  INFO  [723/779] – WEIHAI ZHONGYI HYDRAULIC TECHNOLOGY CO., LTD. | web:– | tel:– | mail:–
03:39:02  INFO  [724/779] \u2713 WHEELABRATOR GROUP GMBH | web:\u2713 | tel:– | mail:–
03:39:05  INFO  [725/779] – WOSTAL | web:– | tel:– | mail:–
03:39:05  INFO  [726/779] \u2713 WIKA Alexander Wiegand SE & Co. KG | web:\u2713 | tel:\u2713 | mail:\u2713
03:39:08  INFO  [727/779] \u2713 WORLDSENSING SL | web:\u2713 | tel:– | mail:–
03:39:09  INFO  [728/779] – WUXI DRILLING EXPLORATION EQUIPMENT CO.,LTD | web:– | tel:– | mail:–
03:39:10  INFO  [729/779] – Weihai Haiwang Hydrocyclone Co., Ltd. | web:– | tel:– | mail:–
03:39:11  INFO  [730/779] \u2713 Wikow | web:\u2713 | tel:– | mail:–
03:39:11  INFO  [731/779] – WUXI GEOLOGICAL DRILLING EQUIPMENT CO., LTD. | web:– | tel:– | mail:–
03:39:13  INFO  [732/779] – WEG (ELECTRIC MOTORS ATEX) | web:– | tel:– | mail:–
03:39:13  INFO  [733/779] – WUXI XINZUAN GEOLOGICAL EQUIPMENT CO.,LTD | web:– | tel:– | mail:–
03:39:13  INFO  [734/779] – X-GLO LIGHTING | web:– | tel:– | mail:–
03:39:14  INFO  [735/779] – Xiangtan Hengxin | web:– | tel:– | mail:–
03:39:15  INFO  [736/779] \u2713 WRS Metering Pumps | web:\u2713 | tel:\u2713 | mail:\u2713
03:39:16  INFO  [737/779] – XORE (Online Stream Anlayzers) | web:– | tel:– | mail:–
03:39:16  INFO  [738/779] – XINXIANG YINXING MACHINERY CO., LTD. | web:– | tel:– | mail:–
03:39:16  INFO  [739/779] – XIN GAO NAI HEAVY INDUSTRY (ZHENGZHOU) GROUP CO., LTD. | web:– | tel:– | mail:–
03:39:18  INFO  [740/779] – XUZHOU H&G WEAR-RESISTANT MATERIAL CO., LTD. | web:– | tel:– | mail:–
03:39:21  INFO  Excel kaydedildi \u2192 C:\Users\Home\OneDrive\Desktop\obsidian\01-Projects\scraper\output\leads.xlsx (3 fuar sheet'i)
03:39:21  INFO  Ara kay\u0131t yap\u0131ld\u0131 (740/779)
03:39:21  INFO  [741/779] \u2713 XRFScientific | web:\u2713 | tel:\u2713 | mail:\u2713
03:39:21  INFO  [742/779] \u2713 XYLEM | web:\u2713 | tel:\u2713 | mail:\u2713
03:39:21  INFO  [743/779] – Y.D.Ç METAL MAK OTOM NAKL \u0130N\u015e TURZ \u0130TH \u0130HR SAN T\u0130C LTD \u015eT\u0130 | web:– | tel:– | mail:–
03:39:22  INFO  [744/779] \u2713 Xoptix Ltd. | web:\u2713 | tel:\u2713 | mail:–
03:39:22  INFO  [745/779] \u2713 YADE DI\u015e T\u0130CARET MÜHEND\u0130SL\u0130K \u0130N\u015eAAT SANAY\u0130 L\u0130M\u0130TED \u015e\u0130RKET\u0130 | web:\u2713 | tel:– | mail:–
03:39:24  INFO  [746/779] \u2713 YAKHSHI MAK\u0130NA \u0130TH. VE \u0130HR. LTD. \u015eT\u0130. | web:\u2713 | tel:\u2713 | mail:\u2713
03:39:24  INFO  [747/779] – YANTAI CISO LUBRICATION TECHNOLOGY CO., LTD. | web:– | tel:– | mail:–
03:39:24  INFO  [748/779] – YANTAI HEXIN ENVIRONMENTAL PROTECTION EQUIPMENT CO., LTD. | web:– | tel:– | mail:–
03:39:25  INFO  [749/779] \u2713 XWD (Xingye) | web:\u2713 | tel:\u2713 | mail:\u2713
03:39:25  INFO  [750/779] – YANTAI JINPENG MINING MACHINERY CO., LTD. | web:– | tel:– | mail:–
03:39:25  INFO  [751/779] – YA\u015eAR OKUMU\u015e MÜHEND\u0130SL\u0130K MAK\u0130NE \u0130MALAT SAN. T\u0130C. LTD. \u015eT\u0130. | web:– | tel:– | mail:–
03:39:27  INFO  [752/779] – YERKÜRE MADEN EK\u0130PMANLARI SANAY\u0130 VE T\u0130CARET L\u0130M\u0130TED \u015e\u0130RKET\u0130 | web:– | tel:– | mail:–
03:39:29  INFO  [753/779] – Y\u0130\u011e\u0130TTA\u015eLAR END. F\u0130LTRASYON VE BASINÇLI HAVA S\u0130STEMLER\u0130 A.\u015e. | web:– | tel:– | mail:–
03:39:30  INFO  [754/779] – YERALTI PROJE \u0130N\u015eAAT MÜHEND\u0130SL\u0130K SAN VE T\u0130C. A.\u015e. | web:– | tel:– | mail:–
03:39:31  INFO  [755/779] \u2713 YET\u0130K MÜHEND\u0130SL\u0130K MAK. ENERJ\u0130 \u0130N\u015e. TAAH. SAN VE T\u0130C. LTD. \u015eT\u0130. | web:\u2713 | tel:– | mail:\u2713
03:39:32  INFO  [756/779] \u2713 YEST\u0130 \u0130N\u015eAAT VE T\u0130C. LTD. \u015eT\u0130. | web:\u2713 | tel:– | mail:–
03:39:33  INFO  [757/779] \u2713 YILMAZ PROSES TEKNOLOJ\u0130LER\u0130 DI\u015e T\u0130CARET ANON\u0130M \u015e\u0130RKET\u0130 | web:\u2713 | tel:\u2713 | mail:\u2713
03:39:34  INFO  [758/779] – YÖN PROSES F\u0130LTRASYON TEKNOLOJ\u0130 MAK. MÜH. SAN. VE T\u0130C. LTD. \u015eT\u0130. | web:– | tel:– | mail:–
03:39:35  INFO  [759/779] \u2713 YILMAZ REDÜKTÖR SAN.T\u0130C. A.\u015e. | web:\u2713 | tel:\u2713 | mail:\u2713
03:39:36  INFO  [760/779] \u2713 YILKAR DÖKÜM SANAY\u0130 VE T\u0130CARET L\u0130M\u0130TED \u015e\u0130RKET\u0130 | web:\u2713 | tel:\u2713 | mail:\u2713
03:39:39  INFO  Excel kaydedildi \u2192 C:\Users\Home\OneDrive\Desktop\obsidian\01-Projects\scraper\output\leads.xlsx (3 fuar sheet'i)
03:39:39  INFO  Ara kay\u0131t yap\u0131ld\u0131 (760/779)
03:39:39  INFO  [761/779] – YÜNEL ELEKTROMEKAN\u0130K S\u0130STEM VE TES\u0130S SAN LTD \u015eT\u0130 | web:– | tel:– | mail:–
03:39:39  INFO  [762/779] – YUNCHENG ANJIE FAN ELECTRIC CO,.LTD | web:– | tel:– | mail:–
03:39:39  INFO  [763/779] \u2713 YHR TANKS | web:\u2713 | tel:\u2713 | mail:\u2713
03:39:41  INFO  [764/779] – Zaklad Mechaniki Przemyslowej ZAMEP Sp. z o.o. | web:– | tel:– | mail:–
03:39:41  INFO  [765/779] – ZDB DRATOVNA | web:– | tel:– | mail:–
03:39:41  INFO  [766/779] – ZEGA | web:– | tel:– | mail:–
03:39:42  INFO  [767/779] – YURT MADENC\u0130L\u0130\u011e\u0130N\u0130 GEL\u0130\u015eT\u0130RME VAKFI | web:– | tel:– | mail:–
03:39:43  INFO  [768/779] \u2713 YSK GROUP MÜHEND\u0130SL\u0130K L\u0130M\u0130TED \u015e\u0130RKET\u0130 | web:\u2713 | tel:\u2713 | mail:–
03:39:54  INFO  [769/779] – ZHEJIANG DINGXIN STEEL TUBE MANUFACTURING CO., LTD. | web:– | tel:– | mail:–
03:39:55  INFO  [770/779] – ZHEJIANG GUANGLING VIBRATING TECHNOLOGY CO.,LTD | web:– | tel:– | mail:–
03:39:55  INFO  [771/779] – ZHEJIANG FUDA RUBBER CO.,LTD | web:– | tel:– | mail:–
03:39:56  INFO  [772/779] – ZHEJIANG HAWBO AUTO PARTS CO., LTD. | web:– | tel:– | mail:–
03:39:56  INFO  [773/779] – ZHEJIANG POWERBELT CO. LTD. | web:– | tel:– | mail:–
03:39:56  INFO  [774/779] – ZHEKUANG HEAVY INDUSTRY CO., LTD. | web:– | tel:– | mail:–
03:40:00  INFO  [775/779] \u2713 ZHONGJI SUNWARD TECHNOLOGY CO., LTD | web:\u2713 | tel:\u2713 | mail:–
03:40:00  INFO  [776/779] – Z\u0130MER HABERLE\u015eME VE GÜVENL\u0130K S\u0130STEMLER\u0130 ELK. SAN. VE T\u0130C. LTD. \u015eT\u0130. | web:– | tel:– | mail:–
03:40:04  INFO  [777/779] \u2713 Z\u0130TRON HAVALANDIRMA S\u0130S. T\u0130C. LTD. \u015eT\u0130 | web:\u2713 | tel:\u2713 | mail:\u2713
03:40:05  INFO  [778/779] \u2713 ZHUJI HENGCHUAN TRADING CO., LTD | web:\u2713 | tel:– | mail:\u2713
03:40:09  INFO  [779/779] – Z\u0130MAKSAN KAUÇUK VE MADEN SANAY\u0130 L\u0130M\u0130TED \u015e\u0130RKET\u0130 | web:– | tel:– | mail:–
03:40:11  INFO  Excel kaydedildi \u2192 C:\Users\Home\OneDrive\Desktop\obsidian\01-Projects\scraper\output\leads.xlsx (3 fuar sheet'i)
03:40:11  INFO  =======================================================
03:40:11  INFO  GOOGLE MAPS FALLBACK: 464 firma için telefon aran\u0131yor
04:23:33  INFO  MAPS: 464 eksik firmadan 263'sine telefon eklendi
04:23:36  INFO  Excel kaydedildi \u2192 C:\Users\Home\OneDrive\Desktop\obsidian\01-Projects\scraper\output\leads.xlsx (3 fuar sheet'i)
04:23:36  INFO  =======================================================
04:23:36  INFO  ÖZET: 1294 firmadan 961'sinin ileti\u015fim bilgisi var (bu çal\u0131\u015ft\u0131rmada 779 hedef)
04:23:36  INFO  Ç\u0131kt\u0131: C:\Users\Home\OneDrive\Desktop\obsidian\01-Projects\scraper\output\leads.xlsx
